
2020-3-13 15:50:34 :OPTIONS /user/ - 5ms
2020-3-13 15:51:31 :OPTIONS /user/ - 4ms
2020-3-13 15:51:33 :OPTIONS /user/ - 4ms
2020-3-13 15:51:33 :OPTIONS /user/ - 0ms
2020-3-13 15:51:51 :OPTIONS /user/ - 4ms
2020-3-13 15:51:52 :OPTIONS /user/ - 4ms
2020-3-13 15:51:51 :POST /user/ - 486ms
2020-3-13 15:51:52 :POST /user/ - 523ms
2020-3-13 15:51:51 :POST /user/ - 17ms
2020-3-13 15:51:51 :OPTIONS /user/ - 5ms
2020-3-13 15:51:51 :GET /getImg?imagePath=1583897910204 - 404
2020-3-13 15:51:51 :GET /getImg?imagePath=1583377872263 - 404
2020-3-13 15:51:51 :POST /user/ - 1695ms
2020-3-13 15:51:51 :GET /getImg?imagePath=1583897920764 - 404
2020-3-13 15:51:52 :GET /getImg?imagePath=1583897926274 - 404
2020-3-13 15:51:51 :GET /getImg?imagePath=1583377732506 - 404
2020-3-13 15:51:51 :GET /getImg?imagePath=1583385988192 - 404
2020-3-13 15:51:51 :GET /getImg?imagePath=1583386727006 - 404
2020-3-13 15:51:52 :GET /getImg?imagePath=1583897915574 - 404
2020-3-13 15:51:52 :GET /getImg?imagePath=1583386771391 - 404
2020-3-13 15:51:51 :OPTIONS /user/ - 0ms
2020-3-13 15:51:52 :OPTIONS /user/ - 0ms
2020-3-13 15:51:51 :OPTIONS /user/ - 1ms
2020-3-13 15:51:51 :POST /user/ - 35ms
2020-3-13 15:51:52 :POST /user/ - 25ms
2020-3-13 15:51:51 :POST /user/ - 19ms
2020-3-13 15:51:51 :GET /getImg?imagePath=1583897915574 - 404
2020-3-13 15:51:51 :GET /getImg?imagePath=1583897920764 - 404
2020-3-13 15:51:51 :GET /getImg?imagePath=1583385988192 - 404
2020-3-13 15:51:51 :POST /user/ - 1247ms
2020-3-13 15:51:52 :GET /getImg?imagePath=1583897910204 - 404
2020-3-13 15:51:52 :GET /getImg?imagePath=1583897926274 - 404
2020-3-13 15:51:52 :GET /getImg?imagePath=1583377732506 - 404
2020-3-13 15:51:51 :GET /getImg?imagePath=1583377872263 - 404
2020-3-13 15:51:51 :GET /getImg?imagePath=1583386727006 - 404
2020-3-13 15:51:51 :GET /getImg?imagePath=1583386771391 - 404
2020-3-13 15:51:51 :OPTIONS /user/ - 1ms
2020-3-13 15:51:51 :OPTIONS /user/ - 0ms
2020-3-13 15:51:51 :POST /user/ - 54ms
2020-3-13 15:51:51 :POST /user/ - 13ms
2020-3-13 15:51:51 :POST /user/ - 14ms
2020-3-13 15:51:51 :GET /getImg?imagePath=1583897920764 - 404
2020-3-13 15:51:51 :GET /getImg?imagePath=1583385988192 - 404
2020-3-13 15:51:51 :GET /getImg?imagePath=1583897910204 - 404
2020-3-13 15:51:51 :GET /getImg?imagePath=1583897926274 - 404
2020-3-13 15:51:51 :GET /getImg?imagePath=1583377732506 - 404
2020-3-13 15:51:51 :GET /getImg?imagePath=1583386727006 - 404
2020-3-13 15:51:51 :GET /getImg?imagePath=1583897915574 - 404
2020-3-13 15:51:51 :GET /getImg?imagePath=1583386771391 - 404
2020-3-13 15:51:51 :POST /user/ - 1523ms
2020-3-13 15:51:51 :GET /getImg?imagePath=1583377872263 - 404
2020-3-13 15:51:51 :OPTIONS /user/ - 0ms
2020-3-13 15:51:51 :POST /user/ - 7ms
2020-3-13 15:51:51 :POST /user/ - 7ms
2020-3-13 15:51:51 :POST /user/ - 11ms
2020-3-13 15:51:51 :POST /user/ - 15ms
2020-3-13 15:51:51 :POST /user/ - 13ms
2020-3-13 15:51:51 :GET /getImg?imagePath=1583386364001 - 404
2020-3-13 15:51:51 :GET /getImg?imagePath=1583386819855 - 404
2020-3-13 15:51:51 :POST /user/ - 45ms
2020-3-13 15:51:51 :POST /user/ - 32ms
2020-3-13 15:51:51 :POST /user/ - 54ms
2020-3-13 15:51:51 :POST /user/ - 206ms
2020-3-13 15:51:51 :OPTIONS /user/ - 0ms
2020-3-13 15:51:51 :POST /user/ - 8ms
2020-3-13 15:51:51 :POST /user/ - 7ms
2020-3-13 15:51:51 :POST /user/ - 6ms
2020-3-13 15:51:51 :POST /user/ - 6ms
2020-3-13 15:51:51 :OPTIONS /user/ - 0ms
2020-3-13 15:51:51 :OPTIONS /user/ - 1ms
2020-3-13 15:51:51 :POST /user/ - 12ms
2020-3-13 15:51:51 :POST /user/ - 11ms
2020-3-13 15:51:51 :POST /user/ - 11ms
2020-3-13 15:51:51 :POST /user/ - 7ms
2020-3-13 15:51:51 :OPTIONS /user/ - 0ms
2020-3-13 15:51:51 :OPTIONS /user/ - 1ms
2020-3-13 15:51:51 :POST /user/ - 12ms
2020-3-13 15:51:51 :POST /user/ - 14ms
2020-3-13 15:51:51 :POST /user/ - 10ms
2020-3-13 15:51:51 :POST /user/ - 185ms
2020-3-13 15:51:51 :OPTIONS /user/ - 0ms
2020-3-13 15:51:51 :OPTIONS /user/ - 0ms
2020-3-13 15:51:52 :OPTIONS /user/ - 0ms
2020-3-13 15:51:51 :POST /user/ - 15ms
2020-3-13 15:51:51 :POST /user/ - 13ms
2020-3-13 15:51:52 :POST /user/ - 22ms
2020-3-13 15:51:51 :GET /getImg?imagePath=1583897910204 - 404
2020-3-13 15:51:52 :GET /getImg?imagePath=1583897926274 - 404
2020-3-13 15:51:51 :GET /getImg?imagePath=1583897915574 - 404
2020-3-13 15:51:51 :GET /getImg?imagePath=1583385988192 - 404
2020-3-13 15:51:52 :GET /getImg?imagePath=1583897920764 - 404
2020-3-13 15:51:52 :GET /getImg?imagePath=1583386727006 - 404
2020-3-13 15:51:52 :POST /user/ - 1265ms
2020-3-13 15:51:51 :GET /getImg?imagePath=1583377732506 - 404
2020-3-13 15:51:51 :GET /getImg?imagePath=1583386771391 - 404
2020-3-13 15:51:52 :POST /user/ - 10ms
2020-3-13 15:51:51 :POST /user/ - 15ms
2020-3-13 15:51:51 :POST /user/ - 19ms
2020-3-13 15:51:51 :POST /user/ - 233ms
2020-3-13 15:51:51 :GET /getImg?imagePath=1583377872263 - 404
2020-3-13 15:51:52 :OPTIONS /user/ - 0ms
2020-3-13 15:51:51 :OPTIONS /user/ - 1ms
2020-3-13 15:51:52 :OPTIONS /user/ - 1ms
2020-3-13 15:51:52 :POST /user/ - 12ms
2020-3-13 15:51:51 :POST /user/ - 15ms
2020-3-13 15:51:52 :POST /user/ - 15ms
2020-3-13 15:51:52 :POST /user/ - 21ms
2020-3-13 15:51:52 :OPTIONS /user/ - 1ms
2020-3-13 15:51:52 :POST /user/ - 6ms
2020-3-13 15:51:52 :POST /user/ - 8ms
2020-3-13 15:51:52 :POST /user/ - 19ms
2020-3-13 15:51:52 :POST /user/ - 11ms
2020-3-13 15:51:51 :POST /user/ - 11ms
2020-3-13 15:51:52 :GET /getImg?imagePath=1583377872263 - 404
2020-3-13 15:51:52 :POST /user/ - 13ms
2020-3-13 15:51:52 :POST /user/ - 78ms
2020-3-13 15:51:51 :GET /getImg?imagePath=1583386364001 - 404
2020-3-13 15:51:51 :GET /getImg?imagePath=1583386819855 - 404
2020-3-13 15:51:51 :GET /getImg?imagePath=1583377732506 - 404
2020-3-13 15:51:51 :GET /getImg?imagePath=1583386727006 - 404
2020-3-13 15:51:51 :POST /user/ - 1203ms
2020-3-13 15:51:51 :POST /user/ - 155ms
2020-3-13 15:51:52 :GET /getImg?imagePath=1583385988192 - 404
2020-3-13 15:51:52 :GET /getImg?imagePath=1583386771391 - 404
2020-3-13 15:51:51 :POST /user/ - 53ms
2020-3-13 15:51:52 :POST /user/ - 557ms
2020-3-13 15:51:52 :POST /user/ - 844ms
2020-3-13 15:51:52 :POST /user/ - 49ms
2020-3-13 15:51:51 :GET /getImg?imagePath=1583897915574 - 404
2020-3-13 15:51:52 :GET /getImg?imagePath=1583897910204 - 404
2020-3-13 15:51:52 :POST /user/ - 237ms
2020-3-13 15:51:52 :POST /user/ - 247ms
2020-3-13 15:51:52 :POST /user/ - 39ms
2020-3-13 15:51:52 :POST /user/ - 73ms
2020-3-13 15:51:51 :GET /getImg?imagePath=1583897926274 - 404
2020-3-13 15:51:51 :GET /getImg?imagePath=1583897920764 - 404
2020-3-13 15:51:51 :POST /user/ - 18ms
2020-3-13 15:51:52 :OPTIONS /user/ - 0ms
2020-3-13 15:51:52 :POST /user/ - 6ms
2020-3-13 15:51:52 :POST /user/ - 7ms
2020-3-13 15:51:51 :POST /user/ - 9ms
2020-3-13 15:51:52 :POST /user/ - 15ms
2020-3-13 15:51:52 :POST /user/ - 16ms
2020-3-13 15:51:52 :POST /user/ - 7ms
2020-3-13 15:51:52 :POST /user/ - 7ms
2020-3-13 15:51:52 :POST /user/ - 6ms
2020-3-13 15:51:52 :POST /user/ - 9ms
2020-3-13 15:51:51 :POST /user/ - 11ms
2020-3-13 15:51:52 :POST /user/ - 11ms
2020-3-13 15:51:52 :POST /user/ - 10ms
2020-3-13 15:51:52 :OPTIONS /user/ - 1ms
2020-3-13 15:51:51 :OPTIONS /user/ - 0ms
2020-3-13 15:51:51 :OPTIONS /user/ - 0ms
2020-3-13 15:51:52 :POST /user/ - 17ms
2020-3-13 15:51:51 :POST /user/ - 10ms
2020-3-13 15:51:51 :POST /user/ - 13ms
2020-3-13 15:51:51 :POST /user/ - 7ms
2020-3-13 15:51:51 :OPTIONS /user/ - 0ms
2020-3-13 15:51:51 :OPTIONS /user/ - 0ms
2020-3-13 15:51:52 :OPTIONS /user/ - 0ms
2020-3-13 15:51:51 :POST /user/ - 28ms
2020-3-13 15:51:52 :POST /user/ - 37ms
2020-3-13 15:51:51 :POST /user/ - 39ms
2020-3-13 15:51:51 :POST /user/ - 11ms
2020-3-13 15:51:51 :POST /user/ - 13ms
2020-3-13 15:51:51 :POST /user/ - 6ms
2020-3-13 15:51:51 :POST /user/ - 6ms
2020-3-13 15:51:52 :POST /user/ - 9ms
2020-3-13 15:51:51 :POST /user/ - 11ms
2020-3-13 15:51:51 :POST /user/ - 12ms
2020-3-13 15:51:51 :OPTIONS /user/ - 0ms
2020-3-13 15:51:51 :POST /user/ - 38ms
2020-3-13 15:51:51 :POST /user/ - 7ms
2020-3-13 15:51:51 :POST /user/ - 7ms
2020-3-13 15:51:51 :POST /user/ - 20ms
2020-3-13 15:51:52 :POST /user/ - 24ms
2020-3-13 15:51:51 :POST /user/ - 26ms
2020-3-13 15:51:52 :POST /user/ - 236ms
2020-3-13 15:51:52 :POST /user/ - 25ms
2020-3-13 15:51:52 :POST /user/ - 16ms
2020-3-13 15:51:52 :OPTIONS /user/ - 0ms
2020-3-13 15:51:52 :POST /user/ - 6ms
2020-3-13 15:51:51 :POST /user/ - 8ms
2020-3-13 15:51:52 :POST /user/ - 11ms
2020-3-13 15:51:52 :POST /user/ - 8ms
2020-3-13 15:51:51 :POST /user/ - 18ms
2020-3-13 15:51:52 :POST /user/ - 17ms
2020-3-13 15:51:52 :POST /user/ - 17ms
2020-3-13 15:51:52 :POST /user/ - 196ms
2020-3-13 15:51:52 :POST /user/ - 21ms
2020-3-13 15:51:52 :POST /user/ - 9ms
2020-3-13 15:51:52 :OPTIONS /user/ - 1ms
2020-3-13 15:51:51 :OPTIONS /user/ - 0ms
2020-3-13 15:51:51 :OPTIONS /user/ - 0ms
2020-3-13 15:51:51 :POST /user/ - 7ms
2020-3-13 15:51:51 :POST /user/ - 6ms
2020-3-13 15:51:52 :POST /user/ - 7ms
2020-3-13 15:51:52 :POST /user/ - 15ms
2020-3-13 15:51:51 :OPTIONS /user/ - 0ms
2020-3-13 15:51:51 :OPTIONS /user/ - 0ms
2020-3-13 15:51:51 :POST /user/ - 14ms
2020-3-13 15:51:51 :POST /user/ - 20ms
2020-3-13 15:51:51 :POST /user/ - 21ms
2020-3-13 15:51:51 :POST /user/ - 7ms
2020-3-13 15:51:51 :OPTIONS /user/ - 0ms
2020-3-13 15:51:51 :OPTIONS /user/ - 0ms
2020-3-13 15:51:51 :POST /user/ - 10ms
2020-3-13 15:51:51 :POST /user/ - 19ms
2020-3-13 15:51:51 :POST /user/ - 15ms
2020-3-13 15:51:51 :POST /user/ - 159ms
2020-3-13 15:51:51 :OPTIONS /user/ - 0ms
2020-3-13 15:51:51 :POST /user/ - 31ms
2020-3-13 15:51:51 :POST /user/ - 5ms
2020-3-13 15:51:52 :GET /getImg?imagePath=1583386771391 - 404
2020-3-13 15:51:51 :GET /getImg?imagePath=1583386727006 - 404
2020-3-13 15:51:51 :GET /getImg?imagePath=1583377732506 - 404
2020-3-13 15:51:51 :GET /getImg?imagePath=1583385988192 - 404
2020-3-13 15:51:51 :POST /user/ - 30ms
2020-3-13 15:51:51 :OPTIONS /user/ - 0ms
2020-3-13 15:51:51 :POST /user/ - 31ms
2020-3-13 15:51:51 :POST /user/ - 15ms
2020-3-13 15:51:51 :OPTIONS /upFile - 0ms
2020-3-13 15:51:51 :POST /upFile - 17ms
2020-3-13 15:51:51 :OPTIONS /user/ - 0ms
2020-3-13 15:51:51 :POST /user/ - 18ms
2020-3-13 15:51:51 :GET /getImg?imagePath=1584087302047 - 404
2020-3-13 15:51:51 :OPTIONS /upFile - 0ms
2020-3-13 15:51:51 :POST /upFile - 22ms
2020-3-13 15:51:51 :OPTIONS /user/ - 0ms
2020-3-13 15:51:51 :POST /user/ - 31ms
2020-3-13 15:51:51 :GET /getImg?imagePath=1584087307986 - 404
2020-3-13 15:51:51 :OPTIONS /upFile - 0ms
2020-3-13 15:51:51 :POST /upFile - 38ms
2020-3-13 15:51:51 :OPTIONS /user/ - 0ms
2020-3-13 15:51:51 :POST /user/ - 37ms
2020-3-13 15:51:51 :GET /getImg?imagePath=1584087314487 - 404
2020-3-13 15:51:51 :POST /user/ - 32ms
2020-3-13 15:51:51 :OPTIONS /upFile - 0ms
2020-3-13 15:51:51 :POST /upFile - 46ms
2020-3-13 15:51:51 :OPTIONS /user/ - 0ms
2020-3-13 15:51:51 :POST /user/ - 9ms
2020-3-13 15:51:51 :GET /getImg?imagePath=1584087323099 - 404
2020-3-13 15:51:51 :POST /user/ - 13ms
2020-3-13 15:51:51 :POST /user/ - 8ms
2020-3-13 15:51:51 :POST /user/ - 13ms
2020-3-13 15:51:51 :POST /user/ - 11ms
2020-3-13 15:51:52 :POST /user/ - 11ms
2020-3-13 15:51:52 :POST /user/ - 22ms
2020-3-13 15:51:51 :POST /user/ - 29ms
2020-3-13 15:51:51 :POST /user/ - 17ms
2020-3-13 15:51:51 :GET /getImg?imagePath=1584087323099 - 404
2020-3-13 15:51:52 :GET /getImg?imagePath=1584087302047 - 404
2020-3-13 15:51:51 :GET /getImg?imagePath=1584087314487 - 404
2020-3-13 15:51:51 :POST /user/ - 724ms
2020-3-13 15:51:51 :OPTIONS /user/ - 0ms
2020-3-13 15:51:51 :POST /user/ - 20ms
2020-3-13 15:51:51 :POST /user/ - 6ms
2020-3-13 15:51:51 :POST /user/ - 11ms
2020-3-13 15:51:51 :POST /user/ - 12ms
2020-3-13 15:51:51 :POST /user/ - 16ms
2020-3-13 15:51:51 :OPTIONS /user/ - 1ms
2020-3-13 15:51:51 :POST /user/ - 6ms
2020-3-13 15:51:51 :POST /user/ - 7ms
2020-3-13 15:51:51 :POST /user/ - 10ms
2020-3-13 15:51:51 :POST /user/ - 12ms
2020-3-13 15:51:51 :POST /user/ - 12ms
2020-3-13 15:51:51 :POST /user/ - 35ms
2020-3-13 15:51:51 :POST /user/ - 9ms
2020-3-13 15:51:51 :POST /user/ - 9ms
2020-3-13 15:51:51 :POST /user/ - 13ms
2020-3-13 15:51:51 :POST /user/ - 189ms
2020-3-13 15:51:51 :POST /user/ - 15ms
2020-3-13 15:51:51 :POST /user/ - 36ms
2020-3-13 15:51:51 :POST /user/ - 12ms
2020-3-13 15:51:51 :POST /user/ - 12ms
2020-3-13 15:51:51 :POST /user/ - 56ms
2020-3-13 15:51:51 :OPTIONS /user/ - 0ms
2020-3-13 15:51:51 :POST /user/ - 6ms
2020-3-13 15:51:51 :POST /user/ - 25ms
2020-3-13 15:51:51 :POST /user/ - 12ms
2020-3-13 16:17:18 :POST /user/ - 255ms
2020-3-13 16:17:18 :POST /user/ - 10ms
2020-3-13 15:51:51 :OPTIONS /api/ - 0ms
2020-3-13 15:51:51 :OPTIONS /api/ - 0ms
2020-3-13 15:51:51 :OPTIONS /api/ - 1ms
2020-3-13 15:51:51 :OPTIONS /api/ - 0ms
2020-3-13 16:19:5 :OPTIONS /api/ - 4ms
2020-3-13 16:19:5 :OPTIONS /api/ - 0ms
2020-3-13 16:19:5 :OPTIONS /api/ - 5ms
2020-3-13 16:19:5 :POST /api/ - 433ms
2020-3-13 16:19:5 :POST /api/ - 470ms
2020-3-13 16:19:5 :POST /api/ - 38ms
2020-3-13 16:19:5 :GET /getImg?imagePath=1583897920764 - 404
2020-3-13 16:19:5 :GET /getImg?imagePath=1583897926274 - 404
2020-3-13 16:19:5 :GET /getImg?imagePath=1584087314487 - 404
2020-3-13 16:19:5 :GET /getImg?imagePath=1583897910204 - 404
2020-3-13 16:19:5 :GET /getImg?imagePath=1584087302047 - 404
2020-3-13 16:19:5 :POST /api/ - 1618ms
2020-3-13 16:19:5 :GET /getImg?imagePath=1583385988192 - 404
2020-3-13 16:19:5 :GET /getImg?imagePath=1583377872263 - 404
2020-3-13 16:19:5 :GET /getImg?imagePath=1583897915574 - 404
2020-3-13 16:19:5 :GET /getImg?imagePath=1584087323099 - 404
2020-3-13 16:19:5 :OPTIONS /api/ - 1ms
2020-3-13 16:19:5 :OPTIONS /api/ - 1ms
2020-3-13 16:19:5 :OPTIONS /api/ - 1ms
2020-3-13 16:19:5 :POST /api/ - 10ms
2020-3-13 16:19:5 :POST /api/ - 290ms
2020-3-13 16:19:5 :POST /api/ - 299ms
2020-3-13 16:19:5 :POST /api/ - 10ms
2020-3-13 16:19:5 :OPTIONS /api/ - 0ms
2020-3-13 16:19:5 :OPTIONS /api/ - 0ms
2020-3-13 16:19:5 :OPTIONS /api/ - 0ms
2020-3-13 16:19:5 :POST /api/ - 15ms
2020-3-13 16:19:5 :POST /api/ - 21ms
2020-3-13 16:19:5 :POST /api/ - 15ms
2020-3-13 16:19:5 :POST /api/ - 231ms
2020-3-13 16:19:5 :POST /api/ - 8ms
2020-3-13 16:19:5 :OPTIONS /api/ - 0ms
2020-3-13 16:19:5 :OPTIONS /api/ - 0ms
2020-3-13 16:19:5 :OPTIONS /api/ - 0ms
2020-3-13 16:19:5 :POST /api/ - 9ms
2020-3-13 16:19:5 :POST /api/ - 8ms
2020-3-13 16:19:5 :POST /api/ - 12ms
2020-3-13 16:19:5 :POST /api/ - 231ms
2020-3-13 16:19:5 :OPTIONS /api/ - 0ms
2020-3-13 16:19:5 :POST /api/ - 10ms
2020-3-13 16:19:5 :POST /api/ - 7ms
2020-3-13 16:19:5 :POST /api/ - 18ms
2020-3-13 16:19:5 :POST /api/ - 10ms
2020-3-13 16:19:5 :POST /api/ - 18ms
2020-3-13 16:19:5 :GET /getImg?imagePath=1583386819855 - 404
2020-3-13 16:19:5 :GET /getImg?imagePath=1583386364001 - 404
2020-3-13 16:19:5 :POST /api/ - 6ms
2020-3-13 16:19:5 :POST /api/ - 8ms
2020-3-13 16:19:5 :POST /api/ - 11ms
2020-3-13 16:19:5 :POST /api/ - 19ms
2020-3-13 16:19:5 :POST /api/ - 27ms
2020-3-13 16:19:5 :OPTIONS /api/ - 0ms
2020-3-13 16:19:5 :POST /api/ - 9ms
2020-3-13 16:19:5 :POST /api/ - 6ms
2020-3-13 16:19:5 :POST /api/ - 13ms
2020-3-13 16:19:5 :POST /api/ - 15ms
2020-3-13 16:19:5 :POST /api/ - 16ms
2020-3-13 16:19:5 :POST /api/ - 8ms
2020-3-13 16:19:5 :OPTIONS /api/ - 1ms
2020-3-13 16:19:5 :POST /api/ - 8ms
2020-3-13 16:19:5 :GET /getImg?imagePath=1583385988192 - 404
2020-3-13 16:19:5 :GET /getImg?imagePath=1584087302047 - 404
2020-3-13 16:19:5 :GET /getImg?imagePath=1584087314487 - 404
2020-3-13 16:19:5 :GET /getImg?imagePath=1584087323099 - 404
2020-3-13 16:19:5 :OPTIONS /api/ - 0ms
2020-3-13 16:19:5 :POST /api/ - 7ms
2020-3-13 16:19:5 :OPTIONS /api/ - 0ms
2020-3-13 16:19:5 :POST /api/ - 6ms
2020-3-13 16:19:5 :OPTIONS /api/ - 0ms
2020-3-13 16:19:5 :POST /api/ - 11ms
2020-3-13 16:19:5 :OPTIONS /api/ - 0ms
2020-3-13 16:19:5 :POST /api/ - 5ms
2020-3-13 16:19:5 :OPTIONS /api/ - 0ms
2020-3-13 16:19:5 :POST /api/ - 10ms
2020-3-13 16:19:5 :OPTIONS /api/ - 0ms
2020-3-13 16:19:5 :POST /api/ - 9ms
2020-3-13 16:19:5 :POST /api/ - 7ms
2020-3-13 16:19:5 :POST /api/ - 14ms
2020-3-13 16:19:5 :POST /api/ - 50ms
2020-3-13 16:19:5 :POST /api/ - 43ms
2020-3-13 16:19:5 :GET /getImg?imagePath=1583386364001 - 404
2020-3-13 16:19:5 :GET /getImg?imagePath=1583377872263 - 404
2020-3-13 16:19:5 :GET /getImg?imagePath=1583386819855 - 404
2020-3-13 16:19:5 :POST /api/ - 13ms
2020-3-13 16:19:5 :OPTIONS /api/ - 1ms
2020-3-13 16:19:5 :POST /api/ - 10ms
2020-3-13 16:19:5 :OPTIONS /api/ - 0ms
2020-3-13 16:19:5 :POST /api/ - 14ms
2020-3-13 16:19:5 :OPTIONS /api/ - 0ms
2020-3-13 16:19:5 :POST /api/ - 10ms
2020-3-13 16:19:5 :OPTIONS /api/ - 0ms
2020-3-13 16:19:5 :POST /api/ - 5ms
2020-3-13 16:19:5 :OPTIONS /api/ - 0ms
2020-3-13 16:19:5 :POST /api/ - 6ms
2020-3-13 16:19:5 :POST /api/ - 11ms
2020-3-13 16:19:5 :POST /api/ - 19ms
2020-3-13 16:19:5 :POST /api/ - 27ms
2020-3-13 16:19:5 :POST /api/ - 45ms
2020-3-13 16:19:5 :POST /api/ - 17ms
2020-3-13 16:19:5 :POST /api/ - 13ms
2020-3-13 16:19:5 :POST /api/ - 12ms
2020-3-13 16:19:5 :POST /api/ - 11ms
2020-3-13 16:19:5 :GET /getImg?imagePath=1583385988192 - 404
2020-3-13 16:19:5 :GET /getImg?imagePath=1583897920764 - 404
2020-3-13 16:19:5 :GET /getImg?imagePath=1583897915574 - 404
2020-3-13 16:19:5 :POST /api/ - 833ms
2020-3-13 16:19:5 :GET /getImg?imagePath=1584087314487 - 404
2020-3-13 16:19:5 :GET /getImg?imagePath=1583897910204 - 404
2020-3-13 16:19:5 :GET /getImg?imagePath=1584087323099 - 404
2020-3-13 16:19:5 :GET /getImg?imagePath=1583897926274 - 404
2020-3-13 16:19:5 :GET /getImg?imagePath=1584087302047 - 404
2020-3-13 16:19:5 :POST /api/ - 18ms
2020-3-13 16:19:5 :OPTIONS /api/ - 0ms
2020-3-13 16:19:5 :POST /api/ - 8ms
2020-3-13 16:19:5 :POST /api/ - 13ms
2020-3-13 16:19:5 :POST /api/ - 12ms
2020-3-13 16:19:5 :POST /api/ - 16ms
2020-3-13 16:19:5 :OPTIONS /api/ - 0ms
2020-3-13 16:19:5 :POST /api/ - 8ms
2020-3-13 16:19:5 :OPTIONS /api/ - 0ms
2020-3-13 16:19:5 :POST /api/ - 8ms
2020-3-13 16:19:5 :OPTIONS /api/ - 0ms
2020-3-13 16:19:5 :POST /api/ - 12ms
2020-3-13 16:19:5 :OPTIONS /api/ - 0ms
2020-3-13 16:19:5 :POST /api/ - 6ms
2020-3-13 16:19:5 :OPTIONS /api/ - 0ms
2020-3-13 16:19:5 :POST /api/ - 10ms
2020-3-13 16:19:5 :OPTIONS /api/ - 0ms
2020-3-13 16:19:5 :POST /api/ - 9ms
2020-3-13 16:19:5 :OPTIONS /api/ - 0ms
2020-3-13 16:19:5 :POST /api/ - 9ms
2020-3-13 16:19:5 :OPTIONS /api/ - 0ms
2020-3-13 16:19:5 :OPTIONS /api/ - 0ms
2020-3-13 16:19:5 :OPTIONS /api/ - 0ms
2020-3-13 16:19:5 :POST /api/ - 11ms
2020-3-13 16:19:5 :POST /api/ - 19ms
2020-3-13 16:19:5 :POST /api/ - 18ms
2020-3-13 16:19:5 :POST /api/ - 10ms
2020-3-13 16:19:5 :GET /getImg?imagePath=1584087323099 - 404
2020-3-13 16:19:5 :GET /getImg?imagePath=1584087302047 - 404
2020-3-13 16:19:5 :GET /getImg?imagePath=1583897910204 - 404
2020-3-13 16:19:5 :GET /getImg?imagePath=1583897915574 - 404
2020-3-13 16:19:5 :GET /getImg?imagePath=1583385988192 - 404
2020-3-13 16:19:5 :GET /getImg?imagePath=1584087314487 - 404
2020-3-13 16:19:5 :GET /getImg?imagePath=1583897920764 - 404
2020-3-13 16:19:5 :GET /getImg?imagePath=1583897926274 - 404
2020-3-13 16:19:5 :GET /getImg?imagePath=1583377872263 - 404
2020-3-13 16:56:15 :OPTIONS /api/ - 4ms
2020-3-13 16:56:15 :POST /api/ - 355ms
2020-3-13 16:56:15 :POST /api/ - 35ms
2020-3-13 16:56:15 :POST /api/ - 302ms
2020-3-13 16:56:15 :POST /api/ - 35ms
2020-3-13 16:56:15 :POST /api/ - 11ms
2020-3-13 16:56:15 :POST /api/ - 9ms
2020-3-13 16:56:15 :OPTIONS /api/ - 2ms
2020-3-13 16:56:15 :POST /api/ - 11ms
2020-3-13 16:56:15 :POST /api/ - 16ms
2020-3-13 16:56:15 :POST /api/ - 17ms
2020-3-13 16:56:15 :POST /api/ - 16ms
2020-3-13 16:56:15 :GET /getImg?imagePath=1583385988192 - 404
2020-3-13 16:56:15 :GET /getImg?imagePath=1584087302047 - 404
2020-3-13 16:56:15 :GET /getImg?imagePath=1583897915574 - 404
2020-3-13 16:56:15 :GET /getImg?imagePath=1584087323099 - 404
2020-3-13 16:56:15 :GET /getImg?imagePath=1583897910204 - 404
2020-3-13 16:56:15 :GET /getImg?imagePath=1583897926274 - 404
2020-3-13 16:56:15 :GET /getImg?imagePath=1583897920764 - 404
2020-3-13 16:56:15 :GET /getImg?imagePath=1584087314487 - 404
2020-3-13 16:56:15 :POST /api/ - 1038ms
2020-3-13 16:56:15 :GET /getImg?imagePath=1583377872263 - 404
2020-3-13 16:56:15 :POST /api/ - 12ms
2020-3-13 16:56:15 :OPTIONS /api/ - 1ms
2020-3-13 16:56:15 :OPTIONS /api/ - 0ms
2020-3-13 16:56:15 :OPTIONS /api/ - 0ms
2020-3-13 16:56:15 :POST /api/ - 10ms
2020-3-13 16:56:15 :POST /api/ - 16ms
2020-3-13 16:56:15 :POST /api/ - 23ms
2020-3-13 16:56:15 :POST /api/ - 475ms
2020-3-13 16:56:15 :POST /api/ - 22ms
2020-3-13 16:56:15 :OPTIONS /api/ - 0ms
2020-3-13 16:59:56 :OPTIONS /api/ - 2ms
2020-3-13 17:0:35 :OPTIONS /api/ - 2ms
2020-3-13 17:1:2 :OPTIONS /api/ - 5ms
2020-3-13 17:1:2 :POST /api/ - 220ms
2020-3-13 17:1:2 :POST /api/ - 12ms
2020-3-13 17:1:2 :OPTIONS /api/ - 0ms
2020-3-13 17:1:2 :POST /api/ - 6ms
2020-3-13 17:1:2 :POST /api/ - 225ms
2020-3-13 17:1:2 :OPTIONS /api/ - 0ms
2020-3-13 17:1:2 :POST /api/ - 8ms
2020-3-13 17:1:2 :POST /api/ - 42ms
2020-3-13 17:1:2 :OPTIONS /api/ - 1ms
2020-3-13 17:1:2 :POST /api/ - 7ms
2020-3-13 17:1:2 :POST /api/ - 220ms
2020-3-13 17:1:2 :OPTIONS /api/ - 1ms
2020-3-13 17:1:2 :POST /api/ - 16ms
2020-3-13 17:1:2 :OPTIONS /api/ - 0ms
2020-3-13 17:1:2 :POST /api/ - 52ms
2020-3-13 17:1:2 :OPTIONS /api/ - 0ms
2020-3-13 17:1:2 :POST /api/ - 7ms
2020-3-13 17:1:2 :POST /api/ - 7ms
2020-3-13 17:1:2 :POST /api/ - 16ms
2020-3-13 17:1:2 :POST /api/ - 52ms
2020-3-13 17:1:2 :GET /getImg?imagePath=1583386364001 - 404
2020-3-13 17:1:2 :POST /api/ - 353ms
2020-3-13 17:1:1 :GET /getImg?imagePath=1583377872263 - 404
2020-3-13 17:1:1 :POST /api/ - 760ms
2020-3-13 17:1:2 :OPTIONS /api/ - 0ms
2020-3-13 17:1:2 :POST /api/ - 14ms
2020-3-13 17:1:2 :POST /api/ - 7ms
2020-3-13 17:1:2 :POST /api/ - 17ms
2020-3-13 17:1:2 :POST /api/ - 17ms
2020-3-13 17:1:2 :POST /api/ - 16ms
2020-3-13 17:1:2 :GET /getImg?imagePath=1583386819855 - 404
2020-3-13 17:1:2 :POST /api/ - 43ms
2020-3-13 17:1:2 :POST /api/ - 48ms
2020-3-13 17:1:2 :POST /api/ - 54ms
2020-3-13 17:1:2 :GET /getImg?imagePath=1583385988192 - 404
2020-3-13 17:1:2 :GET /getImg?imagePath=1584087302047 - 404
2020-3-13 17:1:1 :GET /getImg?imagePath=1584087314487 - 404
2020-3-13 17:1:2 :GET /getImg?imagePath=1583897910204 - 404
2020-3-13 17:1:2 :POST /api/ - 1200ms
2020-3-13 16:56:15 :GET /getImg?imagePath=1584087323099 - 404
2020-3-13 17:1:2 :POST /api/ - 37ms
2020-3-13 17:1:1 :GET /getImg?imagePath=1583897915574 - 404
2020-3-13 17:1:1 :GET /getImg?imagePath=1583897926274 - 404
2020-3-13 16:56:15 :GET /getImg?imagePath=1583897920764 - 404
2020-3-13 17:1:2 :POST /api/ - 23ms
2020-3-13 17:1:2 :POST /api/ - 49ms
2020-3-13 17:1:2 :POST /api/ - 51ms
2020-3-13 17:1:2 :OPTIONS /api/ - 0ms
2020-3-13 17:1:2 :POST /api/ - 11ms
2020-3-13 17:1:2 :POST /api/ - 8ms
2020-3-13 16:56:15 :OPTIONS /api/ - 1ms
2020-3-13 16:56:15 :POST /api/ - 15ms
2020-3-13 16:56:15 :OPTIONS /api/ - 0ms
2020-3-13 16:56:15 :POST /api/ - 30ms
2020-3-13 16:56:15 :OPTIONS /api/ - 0ms
2020-3-13 16:56:15 :POST /api/ - 28ms
2020-3-13 16:56:15 :POST /api/ - 240ms
2020-3-13 16:56:15 :OPTIONS /api/ - 0ms
2020-3-13 16:56:15 :POST /api/ - 8ms
2020-3-13 16:56:15 :OPTIONS /api/ - 0ms
2020-3-13 16:56:15 :POST /api/ - 7ms
2020-3-13 16:56:15 :POST /api/ - 14ms
2020-3-13 16:56:15 :POST /api/ - 14ms
2020-3-13 16:56:15 :POST /api/ - 17ms
2020-3-13 16:56:15 :GET /getImg?imagePath=1583897910204 - 404
2020-3-13 16:56:15 :GET /getImg?imagePath=1583897926274 - 404
2020-3-13 17:1:1 :GET /getImg?imagePath=1583897920764 - 404
2020-3-13 16:56:15 :POST /api/ - 613ms
2020-3-13 17:1:1 :GET /getImg?imagePath=1583897915574 - 404
2020-3-13 17:1:1 :GET /getImg?imagePath=1584087302047 - 404
2020-3-13 17:1:1 :GET /getImg?imagePath=1584087323099 - 404
2020-3-13 17:1:2 :GET /getImg?imagePath=1583385988192 - 404
2020-3-13 17:1:2 :GET /getImg?imagePath=1584087314487 - 404
2020-3-13 16:56:15 :GET /getImg?imagePath=1583377872263 - 404
2020-3-13 16:56:15 :OPTIONS /api/ - 1ms
2020-3-13 16:56:15 :POST /api/ - 12ms
2020-3-13 16:56:15 :POST /api/ - 25ms
2020-3-13 16:56:15 :POST /api/ - 11ms
2020-3-13 16:56:15 :POST /api/ - 10ms
2020-3-13 16:56:15 :POST /api/ - 12ms
2020-3-13 17:1:2 :GET /getImg?imagePath=1583386364001 - 404
2020-3-13 16:56:15 :GET /getImg?imagePath=1583386819855 - 404
2020-3-13 16:56:15 :POST /api/ - 22ms
2020-3-13 16:56:15 :POST /api/ - 15ms
2020-3-13 16:56:15 :POST /api/ - 13ms
2020-3-13 16:56:15 :POST /api/ - 206ms
2020-3-13 16:56:15 :POST /api/ - 6ms
2020-3-13 16:56:15 :POST /api/ - 15ms
2020-3-13 16:56:15 :POST /api/ - 8ms
2020-3-13 16:56:15 :POST /api/ - 23ms
2020-3-13 16:56:15 :POST /api/ - 49ms
2020-3-13 16:56:15 :POST /api/ - 54ms
2020-3-13 16:56:15 :OPTIONS /api/ - 0ms
2020-3-13 16:56:15 :POST /api/ - 40ms
2020-3-13 16:56:15 :OPTIONS /api/ - 0ms
2020-3-13 17:1:1 :OPTIONS /api/ - 1ms
2020-3-13 17:1:1 :POST /api/ - 30ms
2020-3-13 16:56:15 :POST /api/ - 27ms
2020-3-13 17:1:2 :OPTIONS /api/ - 0ms
2020-3-13 17:1:2 :POST /api/ - 494ms
2020-3-13 16:56:15 :GET /getImg?imagePath=1584087302047 - 404
2020-3-13 17:1:2 :GET /getImg?imagePath=1583897920764 - 404
2020-3-13 17:1:1 :GET /getImg?imagePath=1583385988192 - 404
2020-3-13 17:1:1 :GET /getImg?imagePath=1583897926274 - 404
2020-3-13 16:56:15 :GET /getImg?imagePath=1584087314487 - 404
2020-3-13 16:56:15 :GET /getImg?imagePath=1584087323099 - 404
2020-3-13 17:1:1 :POST /api/ - 1055ms
2020-3-13 16:56:15 :GET /getImg?imagePath=1583897910204 - 404
2020-3-13 16:56:15 :GET /getImg?imagePath=1583897915574 - 404
2020-3-13 16:56:15 :GET /getImg?imagePath=1583377872263 - 404
2020-3-13 17:1:1 :POST /api/ - 17ms
2020-3-13 17:1:1 :OPTIONS /upFile - 0ms
2020-3-13 17:1:1 :POST /upFile - 17ms
2020-3-13 17:1:1 :GET /getImg?imagePath=1584090757330 - 404
2020-3-13 17:1:1 :OPTIONS /api/ - 0ms
2020-3-13 17:1:1 :POST /api/ - 28ms
2020-3-13 16:56:15 :OPTIONS /api/ - 1ms
2020-3-13 16:56:15 :POST /api/ - 235ms
2020-3-13 16:56:15 :OPTIONS /api/ - 1ms
2020-3-13 16:56:15 :POST /api/ - 7ms
2020-3-13 16:56:15 :OPTIONS /api/ - 1ms
2020-3-13 16:56:15 :POST /api/ - 6ms
2020-3-13 16:56:15 :OPTIONS /api/ - 0ms
2020-3-13 16:56:15 :POST /api/ - 8ms
2020-3-13 16:56:15 :POST /api/ - 8ms
2020-3-13 16:56:15 :POST /api/ - 14ms
2020-3-13 16:56:15 :POST /api/ - 13ms
2020-3-13 16:56:15 :POST /api/ - 13ms
2020-3-13 16:56:15 :GET /getImg?imagePath=1583386819855 - 404
2020-3-13 16:56:15 :GET /getImg?imagePath=1583377872263 - 404
2020-3-13 16:56:15 :GET /getImg?imagePath=1583386364001 - 404
2020-3-13 16:56:15 :POST /api/ - 18ms
2020-3-13 16:56:15 :POST /api/ - 7ms
2020-3-13 16:56:15 :POST /api/ - 27ms
2020-3-13 16:56:15 :POST /api/ - 11ms
2020-3-13 16:56:15 :POST /api/ - 11ms
2020-3-13 16:56:15 :POST /api/ - 12ms
2020-3-13 16:56:15 :POST /api/ - 7ms
2020-3-13 16:56:15 :POST /api/ - 8ms
2020-3-13 16:56:15 :POST /api/ - 7ms
2020-3-13 16:56:15 :POST /api/ - 12ms
2020-3-13 16:56:15 :POST /api/ - 14ms
2020-3-13 16:56:15 :POST /api/ - 13ms
2020-3-13 16:56:15 :POST /api/ - 26ms
2020-3-13 16:56:15 :POST /api/ - 24ms
2020-3-13 16:56:15 :POST /api/ - 20ms
2020-3-13 17:1:2 :GET /getImg?imagePath=1583385988192 - 404
2020-3-13 16:56:15 :GET /getImg?imagePath=1583897926274 - 404
2020-3-13 16:56:15 :GET /getImg?imagePath=1584087323099 - 404
2020-3-13 17:1:2 :GET /getImg?imagePath=1584087314487 - 404
2020-3-13 16:56:15 :GET /getImg?imagePath=1583897910204 - 404
2020-3-13 16:56:15 :GET /getImg?imagePath=1583897920764 - 404
2020-3-13 16:56:15 :GET /getImg?imagePath=1583897915574 - 404
2020-3-13 16:56:15 :GET /getImg?imagePath=1584087302047 - 404
2020-3-13 16:56:15 :POST /api/ - 791ms
2020-3-13 16:56:15 :OPTIONS /api/ - 0ms
2020-3-13 16:56:15 :POST /api/ - 7ms
2020-3-13 16:56:15 :POST /api/ - 8ms
2020-3-13 16:56:15 :POST /api/ - 11ms
2020-3-13 16:56:15 :POST /api/ - 8ms
2020-3-13 16:56:15 :POST /api/ - 7ms
2020-3-13 16:56:15 :POST /api/ - 6ms
2020-3-13 16:56:15 :POST /api/ - 7ms
2020-3-13 16:56:15 :POST /api/ - 14ms
2020-3-13 16:56:15 :POST /api/ - 11ms
2020-3-13 16:56:15 :POST /api/ - 19ms
2020-3-13 16:56:15 :POST /api/ - 23ms
2020-3-13 16:56:15 :POST /api/ - 47ms
2020-3-13 16:56:15 :POST /api/ - 11ms
2020-3-13 16:56:15 :OPTIONS /api/ - 0ms
2020-3-13 16:56:15 :POST /api/ - 8ms
2020-3-13 16:56:15 :POST /api/ - 7ms
2020-3-13 16:56:15 :POST /api/ - 10ms
2020-3-13 16:56:15 :POST /api/ - 12ms
2020-3-13 16:56:15 :POST /api/ - 12ms
2020-3-13 16:56:15 :POST /api/ - 7ms
2020-3-13 16:56:15 :POST /api/ - 9ms
2020-3-13 16:56:15 :POST /api/ - 10ms
2020-3-13 16:56:15 :OPTIONS /api/ - 1ms
2020-3-13 16:56:15 :POST /api/ - 13ms
2020-3-13 16:56:15 :POST /api/ - 9ms
2020-3-13 16:56:15 :POST /api/ - 10ms
2020-3-13 16:56:15 :POST /api/ - 7ms
2020-3-13 16:56:15 :POST /api/ - 14ms
2020-3-13 16:56:15 :POST /api/ - 8ms
2020-3-13 16:56:15 :POST /api/ - 13ms
2020-3-13 16:56:15 :OPTIONS /api/ - 0ms
2020-3-13 16:56:15 :POST /api/ - 8ms
2020-3-13 16:56:15 :POST /api/ - 13ms
2020-3-13 16:56:15 :POST /api/ - 11ms
2020-3-13 16:56:15 :OPTIONS /api/ - 0ms
2020-3-13 16:56:15 :POST /api/ - 7ms
2020-3-13 16:56:15 :POST /api/ - 9ms
2020-3-13 16:56:15 :POST /api/ - 8ms
2020-3-13 16:56:15 :POST /api/ - 12ms
2020-3-13 16:56:15 :POST /api/ - 19ms
2020-3-13 16:56:15 :POST /api/ - 30ms
2020-3-13 16:56:15 :POST /api/ - 21ms
2020-3-13 16:56:15 :GET /getImg?imagePath=1584087302047 - 404
2020-3-13 16:56:15 :GET /getImg?imagePath=1583385988192 - 404
2020-3-13 16:56:15 :OPTIONS /api/ - 1ms
2020-3-13 16:56:15 :GET /getImg?imagePath=1583897920764 - 404
2020-3-13 17:1:2 :GET /getImg?imagePath=1584087314487 - 404
2020-3-13 17:1:1 :GET /getImg?imagePath=1584087323099 - 404
2020-3-13 16:56:15 :GET /getImg?imagePath=1583897915574 - 404
2020-3-13 17:1:1 :GET /getImg?imagePath=1583897910204 - 404
2020-3-13 16:56:15 :POST /api/ - 828ms
2020-3-13 16:56:15 :POST /api/ - 158ms
2020-3-13 16:56:15 :POST /api/ - 35ms
2020-3-13 17:1:2 :GET /getImg?imagePath=1583897926274 - 404
2020-3-13 17:1:1 :POST /api/ - 159ms
2020-3-13 17:1:1 :POST /api/ - 49ms
2020-3-13 17:1:1 :POST /api/ - 6ms
2020-3-13 17:1:1 :POST /api/ - 9ms
2020-3-13 17:1:1 :POST /api/ - 13ms
2020-3-13 16:56:15 :POST /api/ - 9ms
2020-3-13 17:1:1 :POST /api/ - 13ms
2020-3-13 17:1:1 :POST /api/ - 48ms
2020-3-13 16:56:15 :POST /api/ - 16ms
2020-3-13 17:1:1 :POST /api/ - 20ms
2020-3-13 17:1:1 :POST /api/ - 20ms
2020-3-13 16:56:15 :POST /api/ - 79ms
2020-3-13 16:56:15 :POST /api/ - 13ms
2020-3-13 16:56:15 :POST /api/ - 9ms
2020-3-13 16:56:15 :POST /api/ - 17ms
2020-3-13 16:56:15 :POST /api/ - 16ms
2020-3-13 16:56:15 :POST /api/ - 223ms
2020-3-13 16:56:15 :OPTIONS /api/ - 1ms
2020-3-13 16:56:15 :POST /api/ - 6ms
2020-3-13 16:56:15 :POST /api/ - 6ms
2020-3-13 16:56:15 :POST /api/ - 11ms
2020-3-13 16:56:15 :POST /api/ - 16ms
2020-3-13 16:56:15 :POST /api/ - 23ms
2020-3-13 16:56:15 :POST /api/ - 12ms
2020-3-13 16:56:15 :POST /api/ - 185ms
2020-3-13 16:56:15 :POST /api/ - 7ms
2020-3-13 17:15:54 :OPTIONS /api/ - 5ms
2020-3-13 17:17:30 :OPTIONS /api/ - 5ms
2020-3-13 17:17:30 :POST /api/ - 406ms
2020-3-13 17:17:30 :GET /getImg?imagePath=1584090757330 - 404
2020-3-13 17:17:30 :POST /api/ - 26ms
2020-3-13 17:17:30 :OPTIONS /api/ - 0ms
2020-3-13 17:17:30 :OPTIONS /api/ - 0ms
2020-3-13 17:17:30 :POST /api/ - 18ms
2020-3-13 16:56:15 :GET /getImg?imagePath=1583385988192 - 404
2020-3-13 16:56:15 :GET /getImg?imagePath=1584087302047 - 404
2020-3-13 16:56:15 :GET /getImg?imagePath=1584087323099 - 404
2020-3-13 17:17:30 :POST /api/ - 18ms
2020-3-13 17:17:30 :POST /api/ - 58ms
2020-3-13 17:17:30 :GET /getImg?imagePath=1583897910204 - 404
2020-3-13 17:17:30 :GET /getImg?imagePath=1583897920764 - 404
2020-3-13 17:17:30 :GET /getImg?imagePath=1583897915574 - 404
2020-3-13 17:17:30 :GET /getImg?imagePath=1584087314487 - 404
2020-3-13 17:17:30 :GET /getImg?imagePath=1583897926274 - 404
2020-3-13 17:17:30 :POST /api/ - 405ms
2020-3-13 17:17:30 :GET /getImg?imagePath=1583377872263 - 404
2020-3-13 17:17:30 :POST /api/ - 9ms
2020-3-13 17:17:30 :OPTIONS /api/ - 0ms
2020-3-13 17:17:30 :POST /api/ - 7ms
2020-3-13 17:17:30 :POST /api/ - 10ms
2020-3-13 17:17:30 :POST /api/ - 6ms
2020-3-13 17:17:30 :POST /api/ - 10ms
2020-3-13 17:17:30 :POST /api/ - 18ms
2020-3-13 17:17:30 :POST /api/ - 204ms
2020-3-13 17:17:30 :GET /getImg?imagePath=1583386819855 - 404
2020-3-13 17:17:30 :GET /getImg?imagePath=1583386364001 - 404
2020-3-13 17:17:30 :POST /api/ - 16ms
2020-3-13 17:17:30 :OPTIONS /api/ - 1ms
2020-3-13 17:17:30 :POST /api/ - 8ms
2020-3-13 17:17:30 :POST /api/ - 7ms
2020-3-13 17:17:30 :POST /api/ - 13ms
2020-3-13 17:17:30 :POST /api/ - 14ms
2020-3-13 17:17:30 :POST /api/ - 15ms
2020-3-13 17:17:30 :POST /api/ - 13ms
2020-3-13 17:17:30 :POST /api/ - 10ms
2020-3-13 17:17:30 :POST /api/ - 28ms
2020-3-13 17:17:30 :POST /api/ - 21ms
2020-3-13 17:17:30 :POST /api/ - 17ms
2020-3-13 17:17:30 :POST /api/ - 17ms
2020-3-13 17:17:30 :POST /api/ - 15ms
2020-3-13 17:17:30 :POST /api/ - 17ms
2020-3-13 17:17:30 :POST /api/ - 17ms
2020-3-13 16:56:15 :GET /getImg?imagePath=1583897926274 - 404
2020-3-13 17:17:30 :GET /getImg?imagePath=1583897920764 - 404
2020-3-13 17:17:30 :GET /getImg?imagePath=1583897910204 - 404
2020-3-13 17:17:30 :POST /api/ - 1209ms
2020-3-13 17:17:30 :GET /getImg?imagePath=1583897915574 - 404
2020-3-13 17:17:30 :GET /getImg?imagePath=1584087314487 - 404
2020-3-13 16:56:15 :GET /getImg?imagePath=1583385988192 - 404
2020-3-13 16:56:15 :GET /getImg?imagePath=1584087302047 - 404
2020-3-13 16:56:15 :GET /getImg?imagePath=1584087323099 - 404
2020-3-13 16:56:15 :OPTIONS /api/ - 0ms
2020-3-13 16:56:15 :POST /api/ - 12ms
2020-3-13 16:56:15 :POST /api/ - 33ms
2020-3-13 17:17:30 :POST /api/ - 8ms
2020-3-13 17:17:30 :POST /api/ - 7ms
2020-3-13 17:17:30 :POST /api/ - 4ms
2020-3-13 17:17:30 :POST /api/ - 6ms
2020-3-13 17:17:30 :POST /api/ - 6ms
2020-3-13 17:17:30 :POST /api/ - 33ms
2020-3-13 17:17:30 :POST /api/ - 8ms
2020-3-13 17:18:29 :POST /api/ - 24ms
2020-3-13 17:18:29 :POST /api/ - 190ms
2020-3-13 17:18:29 :POST /api/ - 9ms
2020-3-13 17:18:29 :OPTIONS /api/ - 1ms
2020-3-13 17:18:29 :POST /api/ - 9ms
2020-3-13 17:18:29 :POST /api/ - 11ms
2020-3-13 17:18:29 :OPTIONS /api/ - 0ms
2020-3-13 17:18:29 :POST /api/ - 7ms
2020-3-13 17:18:29 :POST /api/ - 6ms
2020-3-13 17:18:29 :GET /getImg?imagePath=1584090757330 - 404
2020-3-13 17:18:29 :OPTIONS /api/ - 1ms
2020-3-13 17:18:29 :POST /api/ - 14ms
2020-3-13 17:18:29 :OPTIONS /api/ - 0ms
2020-3-13 17:18:29 :POST /api/ - 10ms
2020-3-13 17:18:29 :POST /api/ - 6ms
2020-3-13 17:18:29 :POST /api/ - 6ms
2020-3-13 17:18:29 :OPTIONS /api/ - 0ms
2020-3-13 17:18:29 :POST /api/ - 11ms
2020-3-13 17:18:29 :POST /api/ - 11ms
2020-3-13 17:18:29 :POST /api/ - 12ms
2020-3-13 17:18:29 :POST /api/ - 13ms
2020-3-13 17:18:29 :POST /api/ - 11ms
2020-3-13 17:18:29 :POST /api/ - 7ms
2020-3-13 17:18:29 :OPTIONS /api/ - 0ms
2020-3-13 17:18:29 :POST /api/ - 7ms
2020-3-13 17:18:29 :OPTIONS /api/ - 0ms
2020-3-13 17:18:29 :POST /api/ - 7ms
2020-3-13 17:18:29 :OPTIONS /api/ - 0ms
2020-3-13 17:18:29 :OPTIONS /api/ - 0ms
2020-3-13 17:18:29 :POST /api/ - 10ms
2020-3-13 17:18:29 :POST /api/ - 10ms
2020-3-13 17:18:29 :POST /api/ - 10ms
2020-3-13 17:18:29 :POST /api/ - 11ms
2020-3-13 17:18:29 :POST /api/ - 16ms
2020-3-13 17:18:29 :POST /api/ - 8ms
2020-3-13 17:18:29 :GET /getImg?imagePath=1584087314487 - 404
2020-3-13 17:18:29 :GET /getImg?imagePath=1584087323099 - 404
2020-3-13 17:18:29 :GET /getImg?imagePath=1583385988192 - 404
2020-3-13 17:18:29 :GET /getImg?imagePath=1584087302047 - 404
2020-3-13 17:18:29 :POST /api/ - 6ms
2020-3-13 17:18:29 :POST /api/ - 8ms
2020-3-13 17:18:29 :POST /api/ - 9ms
2020-3-13 17:18:29 :POST /api/ - 10ms
2020-3-13 17:18:29 :POST /api/ - 14ms
2020-3-13 17:18:29 :POST /api/ - 8ms
2020-3-13 17:18:29 :OPTIONS /api/ - 0ms
2020-3-13 17:18:29 :POST /api/ - 8ms
2020-3-13 17:18:29 :OPTIONS /api/ - 1ms
2020-3-13 17:18:29 :OPTIONS /api/ - 1ms
2020-3-13 17:18:29 :POST /api/ - 230ms
2020-3-13 17:18:29 :POST /api/ - 22ms
2020-3-13 17:18:29 :OPTIONS /api/ - 0ms
2020-3-13 17:18:29 :OPTIONS /api/ - 0ms
2020-3-13 17:18:29 :POST /api/ - 16ms
2020-3-13 17:18:29 :POST /api/ - 16ms
2020-3-13 17:18:29 :OPTIONS /api/ - 0ms
2020-3-13 17:18:29 :POST /api/ - 9ms
2020-3-13 17:18:29 :OPTIONS /api/ - 1ms
2020-3-13 17:18:29 :POST /api/ - 17ms
2020-3-13 17:18:29 :OPTIONS /api/ - 0ms
2020-3-13 17:18:29 :POST /api/ - 7ms
2020-3-13 17:18:29 :POST /api/ - 9ms
2020-3-13 17:18:29 :POST /api/ - 16ms
2020-3-13 17:18:29 :POST /api/ - 8ms
2020-3-13 17:18:29 :POST /api/ - 77ms
2020-3-13 17:18:29 :POST /api/ - 63ms
2020-3-13 17:18:29 :POST /api/ - 20ms
2020-3-13 17:18:29 :POST /api/ - 9ms
2020-3-13 17:18:29 :GET /getImg?imagePath=1584087302047 - 404
2020-3-13 17:18:29 :GET /getImg?imagePath=1584087314487 - 404
2020-3-13 17:18:29 :GET /getImg?imagePath=1583385988192 - 404
2020-3-13 17:18:29 :GET /getImg?imagePath=1584087323099 - 404
2020-3-13 17:18:29 :OPTIONS /api/ - 0ms
2020-3-13 17:18:29 :POST /api/ - 7ms
2020-3-13 17:18:29 :OPTIONS /api/ - 0ms
2020-3-13 17:18:29 :POST /api/ - 11ms
2020-3-13 17:18:29 :POST /api/ - 6ms
2020-3-13 17:18:29 :POST /api/ - 7ms
2020-3-13 17:18:29 :OPTIONS /api/ - 0ms
2020-3-13 17:18:29 :POST /api/ - 10ms
2020-3-13 17:18:29 :POST /api/ - 8ms
2020-3-13 17:18:29 :POST /api/ - 8ms
2020-3-13 17:18:29 :POST /api/ - 15ms
2020-3-13 17:18:29 :POST /api/ - 16ms
2020-3-13 17:18:29 :POST /api/ - 18ms
2020-3-13 17:18:29 :POST /api/ - 8ms
2020-3-13 17:18:29 :POST /api/ - 5ms
2020-3-13 17:17:30 :GET /getImg?imagePath=1584087323099 - 404
2020-3-13 17:18:29 :GET /getImg?imagePath=1584087314487 - 404
2020-3-13 17:18:29 :GET /getImg?imagePath=1583385988192 - 404
2020-3-13 17:18:29 :GET /getImg?imagePath=1584087302047 - 404
2020-3-13 17:18:29 :OPTIONS /api/ - 0ms
2020-3-13 17:17:30 :POST /api/ - 6ms
2020-3-13 17:40:21 :OPTIONS /api/ - 5ms
2020-3-13 17:40:21 :POST /api/ - 228ms
2020-3-13 17:40:21 :POST /api/ - 11ms
2020-3-13 17:40:21 :POST /api/ - 12ms
2020-3-13 17:40:21 :POST /api/ - 13ms
2020-3-13 17:40:21 :POST /api/ - 13ms
2020-3-13 17:40:21 :POST /api/ - 62ms
2020-3-13 17:40:21 :POST /api/ - 9ms
2020-3-13 17:40:21 :POST /api/ - 6ms
2020-3-13 17:40:21 :OPTIONS /api/ - 0ms
2020-3-13 17:40:21 :POST /api/ - 6ms
2020-3-13 17:40:21 :POST /api/ - 6ms
2020-3-13 17:40:21 :POST /api/ - 5ms
2020-3-13 17:40:21 :POST /api/ - 8ms
2020-3-13 17:40:21 :POST /api/ - 8ms
2020-3-13 17:40:21 :POST /api/ - 13ms
2020-3-13 17:40:21 :POST /api/ - 11ms
2020-3-13 17:40:21 :POST /api/ - 12ms
2020-3-13 17:40:21 :OPTIONS /api/ - 0ms
2020-3-13 17:40:21 :POST /api/ - 9ms
2020-3-13 17:40:21 :POST /api/ - 7ms
2020-3-13 17:40:21 :POST /api/ - 8ms
2020-3-13 17:40:21 :POST /api/ - 9ms
2020-3-13 17:40:21 :POST /api/ - 13ms
2020-3-13 17:40:21 :POST /api/ - 8ms
2020-3-13 17:40:21 :OPTIONS /api/ - 1ms
2020-3-13 17:40:21 :POST /api/ - 11ms
2020-3-13 17:40:21 :POST /api/ - 7ms
2020-3-13 17:40:21 :POST /api/ - 8ms
2020-3-13 17:18:29 :POST /api/ - 12ms
2020-3-13 17:17:30 :POST /api/ - 13ms
2020-3-13 17:46:23 :OPTIONS /api/ - 6ms
2020-3-13 17:46:23 :POST /api/ - 407ms
2020-3-13 17:46:23 :OPTIONS /api/ - 1ms
2020-3-13 17:46:23 :POST /api/ - 9ms
2020-3-13 17:46:23 :POST /api/ - 7ms
2020-3-13 17:46:23 :POST /api/ - 5ms
2020-3-13 17:46:23 :OPTIONS /api/ - 0ms
2020-3-13 17:46:23 :POST /api/ - 7ms
2020-3-13 17:46:23 :POST /api/ - 6ms
2020-3-13 17:46:23 :OPTIONS /api/ - 0ms
2020-3-13 17:46:23 :POST /api/ - 10ms
2020-3-13 17:46:23 :POST /api/ - 8ms
2020-3-13 17:46:23 :POST /api/ - 7ms
2020-3-13 17:46:23 :POST /api/ - 9ms
2020-3-13 17:46:23 :POST /api/ - 9ms
2020-3-13 17:46:23 :POST /api/ - 15ms
2020-3-13 17:46:23 :POST /api/ - 16ms
2020-3-13 17:46:23 :POST /api/ - 13ms
2020-3-13 17:46:23 :OPTIONS /api/ - 0ms
2020-3-13 17:46:23 :POST /api/ - 7ms
2020-3-13 17:46:23 :POST /api/ - 9ms
2020-3-13 17:46:23 :POST /api/ - 10ms
2020-3-13 17:46:23 :POST /api/ - 49ms
2020-3-13 17:46:23 :POST /api/ - 52ms
2020-3-13 17:46:23 :POST /api/ - 52ms
2020-3-13 17:46:23 :POST /api/ - 6ms
2020-3-13 17:46:23 :POST /api/ - 6ms
2020-3-13 17:46:23 :POST /api/ - 9ms
2020-3-13 17:46:23 :OPTIONS /api/ - 0ms
2020-3-13 17:17:30 :OPTIONS /api/ - 0ms
2020-3-13 17:18:29 :POST /api/ - 7ms
2020-3-13 17:18:29 :POST /api/ - 10ms
2020-3-13 17:18:29 :POST /api/ - 9ms
2020-3-13 16:56:15 :POST /api/ - 12ms
2020-3-13 16:56:15 :POST /api/ - 10ms
2020-3-13 16:56:15 :POST /api/ - 4ms
2020-3-13 16:56:15 :POST /api/ - 8ms
2020-3-13 17:47:25 :OPTIONS /api/ - 5ms
2020-3-13 17:47:25 :POST /api/ - 352ms
2020-3-13 17:47:25 :OPTIONS /api/ - 0ms
2020-3-13 17:47:25 :OPTIONS /api/ - 1ms
2020-3-13 17:47:25 :POST /api/ - 11ms
2020-3-13 17:47:25 :POST /api/ - 46ms
2020-3-13 17:47:25 :POST /api/ - 16ms
2020-3-13 17:47:25 :POST /api/ - 16ms
2020-3-13 17:47:25 :POST /api/ - 18ms
2020-3-13 17:47:25 :POST /api/ - 7ms
2020-3-13 17:47:25 :POST /api/ - 8ms
2020-3-13 17:47:25 :POST /api/ - 8ms
2020-3-13 17:47:25 :POST /api/ - 13ms
2020-3-13 17:47:25 :POST /api/ - 12ms
2020-3-13 17:47:25 :POST /api/ - 12ms
2020-3-13 17:47:25 :POST /api/ - 8ms
2020-3-13 17:47:25 :POST /api/ - 9ms
2020-3-13 17:47:25 :POST /api/ - 7ms
2020-3-13 16:56:15 :GET /getImg?imagePath=1584087314487 - 404
2020-3-13 17:47:25 :GET /getImg?imagePath=1584087302047 - 404
2020-3-13 17:47:25 :GET /getImg?imagePath=1583385988192 - 404
2020-3-13 17:47:25 :GET /getImg?imagePath=1584087323099 - 404
2020-3-13 16:56:15 :OPTIONS /api/ - 0ms
2020-3-13 16:56:15 :POST /api/ - 19ms
2020-3-13 16:56:15 :POST /api/ - 7ms
2020-3-13 16:56:15 :OPTIONS /api/ - 0ms
2020-3-13 16:56:15 :POST /api/ - 8ms
2020-3-13 16:56:15 :POST /api/ - 16ms
2020-3-13 16:56:15 :POST /api/ - 15ms
2020-3-13 16:56:15 :POST /api/ - 12ms
2020-3-13 16:56:15 :POST /api/ - 14ms
2020-3-13 16:56:15 :POST /api/ - 11ms
2020-3-13 16:56:15 :POST /api/ - 8ms
2020-3-13 16:56:15 :POST /api/ - 6ms
2020-3-13 16:56:15 :POST /api/ - 7ms
2020-3-13 16:56:15 :POST /api/ - 6ms
2020-3-13 16:56:15 :POST /api/ - 7ms
2020-3-13 16:56:15 :POST /api/ - 8ms
2020-3-13 16:56:15 :POST /api/ - 13ms
2020-3-13 16:56:15 :POST /api/ - 12ms
2020-3-13 16:56:15 :POST /api/ - 7ms
2020-3-13 16:56:15 :POST /api/ - 6ms
2020-3-13 16:56:15 :POST /api/ - 6ms
2020-3-13 16:56:15 :POST /api/ - 7ms
2020-3-13 16:56:15 :POST /api/ - 10ms
2020-3-13 16:56:15 :POST /api/ - 10ms
2020-3-13 16:56:15 :POST /api/ - 10ms
2020-3-13 16:56:15 :POST /api/ - 10ms
2020-3-13 16:56:15 :POST /api/ - 6ms
2020-3-13 16:56:15 :OPTIONS /api/ - 0ms
2020-3-13 17:47:25 :POST /api/ - 253ms
2020-3-13 17:47:25 :POST /api/ - 11ms
2020-3-13 17:47:25 :POST /api/ - 6ms
2020-3-13 17:48:31 :OPTIONS /api/ - 5ms
2020-3-13 17:48:31 :POST /api/ - 192ms
2020-3-13 17:48:31 :POST /api/ - 12ms
2020-3-13 17:48:31 :POST /api/ - 6ms
2020-3-13 17:48:31 :POST /api/ - 15ms
2020-3-13 17:48:31 :POST /api/ - 15ms
2020-3-13 17:48:31 :POST /api/ - 17ms
2020-3-13 17:47:25 :GET /getImg?imagePath=1583386819855 - 404
2020-3-13 17:48:31 :GET /getImg?imagePath=1583377872263 - 404
2020-3-13 17:48:31 :GET /getImg?imagePath=1583386364001 - 404
2020-3-13 17:48:31 :POST /api/ - 233ms
2020-3-13 17:48:31 :POST /api/ - 232ms
2020-3-13 17:48:31 :POST /api/ - 222ms
2020-3-13 17:47:25 :GET /getImg?imagePath=1584087314487 - 404
2020-3-13 17:47:25 :GET /getImg?imagePath=1583897926274 - 404
2020-3-13 17:47:25 :GET /getImg?imagePath=1584087302047 - 404
2020-3-13 17:48:31 :GET /getImg?imagePath=1583897910204 - 404
2020-3-13 17:48:31 :GET /getImg?imagePath=1583897920764 - 404
2020-3-13 17:47:25 :GET /getImg?imagePath=1583385988192 - 404
2020-3-13 17:48:31 :GET /getImg?imagePath=1583897915574 - 404
2020-3-13 17:48:31 :GET /getImg?imagePath=1584087323099 - 404
2020-3-13 17:48:31 :POST /api/ - 651ms
2020-3-13 17:48:31 :POST /api/ - 14ms
2020-3-13 17:48:31 :POST /api/ - 6ms
2020-3-13 17:48:31 :POST /api/ - 14ms
2020-3-13 17:48:31 :POST /api/ - 49ms
2020-3-13 17:48:31 :POST /api/ - 13ms
2020-3-13 17:48:31 :GET /getImg?imagePath=1584090757330 - 404
2020-3-13 17:48:31 :OPTIONS /api/ - 0ms
2020-3-13 17:48:31 :POST /api/ - 37ms
2020-3-13 17:48:31 :POST /api/ - 14ms
2020-3-13 17:48:31 :POST /api/ - 8ms
2020-3-13 17:48:31 :POST /api/ - 18ms
2020-3-13 17:48:31 :POST /api/ - 15ms
2020-3-13 17:48:31 :POST /api/ - 10ms
2020-3-13 17:48:31 :POST /api/ - 12ms
2020-3-13 17:48:31 :POST /api/ - 8ms
2020-3-13 17:48:31 :OPTIONS /api/ - 0ms
2020-3-13 17:48:31 :POST /api/ - 9ms
2020-3-13 17:48:31 :OPTIONS /api/ - 0ms
2020-3-13 17:48:31 :POST /api/ - 43ms
2020-3-13 17:48:31 :OPTIONS /api/ - 0ms
2020-3-13 17:48:31 :OPTIONS /api/ - 0ms
2020-3-13 17:48:31 :OPTIONS /api/ - 0ms
2020-3-13 17:47:25 :POST /api/ - 13ms
2020-3-13 17:48:31 :POST /api/ - 15ms
2020-3-13 17:48:31 :POST /api/ - 12ms
2020-3-13 17:48:31 :GET /getImg?imagePath=1583897926274 - 404
2020-3-13 17:48:31 :GET /getImg?imagePath=1583897920764 - 404
2020-3-13 17:48:31 :POST /api/ - 458ms
2020-3-13 17:47:25 :GET /getImg?imagePath=1583897910204 - 404
2020-3-13 17:48:31 :GET /getImg?imagePath=1584087323099 - 404
2020-3-13 17:47:25 :GET /getImg?imagePath=1583385988192 - 404
2020-3-13 17:47:25 :GET /getImg?imagePath=1584087302047 - 404
2020-3-13 17:47:25 :GET /getImg?imagePath=1583897915574 - 404
2020-3-13 17:47:25 :GET /getImg?imagePath=1584087314487 - 404
2020-3-13 17:47:25 :OPTIONS /api/ - 1ms
2020-3-13 17:47:25 :POST /api/ - 41ms
2020-3-13 17:47:25 :POST /api/ - 8ms
2020-3-13 17:47:25 :OPTIONS /api/ - 0ms
2020-3-13 17:47:25 :POST /api/ - 21ms
2020-3-13 17:47:25 :OPTIONS /api/ - 0ms
2020-3-13 17:47:25 :OPTIONS /api/ - 0ms
2020-3-13 17:47:25 :POST /api/ - 17ms
2020-3-13 17:47:25 :POST /api/ - 14ms
2020-3-13 17:47:25 :POST /api/ - 7ms
2020-3-13 17:47:25 :OPTIONS /api/ - 0ms
2020-3-13 17:47:25 :POST /api/ - 41ms
2020-3-13 17:47:25 :POST /api/ - 13ms
2020-3-13 17:47:25 :POST /api/ - 14ms
2020-3-13 17:47:25 :POST /api/ - 14ms
2020-3-13 17:47:25 :POST /api/ - 265ms
2020-3-13 17:47:25 :POST /api/ - 10ms
2020-3-13 17:47:25 :OPTIONS /api/ - 0ms
2020-3-13 17:47:25 :POST /api/ - 6ms
2020-3-13 17:47:25 :GET /getImg?imagePath=1584087314487 - 404
2020-3-13 17:47:25 :GET /getImg?imagePath=1584087323099 - 404
2020-3-13 17:47:25 :GET /getImg?imagePath=1583385988192 - 404
2020-3-13 17:47:25 :GET /getImg?imagePath=1584087302047 - 404
2020-3-13 17:47:25 :POST /api/ - 9ms
2020-3-13 17:47:25 :GET /getImg?imagePath=1584087302047 - 404
2020-3-13 17:47:25 :GET /getImg?imagePath=1583385988192 - 404
2020-3-13 17:47:25 :GET /getImg?imagePath=1584087323099 - 404
2020-3-13 17:47:25 :GET /getImg?imagePath=1584087314487 - 404
2020-3-13 17:47:25 :OPTIONS /api/ - 0ms
2020-3-13 17:47:25 :POST /api/ - 6ms
2020-3-13 17:47:25 :POST /api/ - 6ms
2020-3-13 17:47:25 :OPTIONS /api/ - 0ms
2020-3-13 17:47:25 :POST /api/ - 8ms
2020-3-13 17:47:25 :POST /api/ - 6ms
2020-3-13 17:47:25 :POST /api/ - 9ms
2020-3-13 17:47:25 :POST /api/ - 9ms
2020-3-13 17:47:25 :POST /api/ - 11ms
2020-3-13 17:47:25 :POST /api/ - 10ms
2020-3-13 17:47:25 :POST /api/ - 10ms
2020-3-13 17:47:25 :OPTIONS /api/ - 1ms
2020-3-13 17:47:25 :OPTIONS /api/ - 0ms
2020-3-13 17:47:25 :POST /api/ - 18ms
2020-3-13 17:47:25 :POST /api/ - 10ms
2020-3-13 17:47:25 :POST /api/ - 28ms
2020-3-13 17:47:25 :POST /api/ - 35ms
2020-3-13 17:47:25 :POST /api/ - 31ms
2020-3-13 17:47:25 :OPTIONS /api/ - 1ms
2020-3-13 17:47:25 :OPTIONS /api/ - 0ms
2020-3-13 17:47:25 :POST /api/ - 8ms
2020-3-13 17:47:25 :POST /api/ - 9ms
2020-3-13 17:47:25 :POST /api/ - 35ms
2020-3-13 17:47:25 :POST /api/ - 19ms
2020-3-13 17:47:25 :POST /api/ - 18ms
2020-3-13 17:47:25 :POST /api/ - 7ms
2020-3-13 17:47:25 :POST /api/ - 6ms
2020-3-13 17:47:25 :GET /getImg?imagePath=1583385988192 - 404
2020-3-13 17:47:25 :GET /getImg?imagePath=1584087302047 - 404
2020-3-13 17:47:25 :GET /getImg?imagePath=1584087314487 - 404
2020-3-13 17:47:25 :GET /getImg?imagePath=1584087323099 - 404
2020-3-13 17:47:25 :POST /api/ - 10ms
2020-3-13 17:47:25 :POST /api/ - 10ms
2020-3-13 17:47:25 :POST /api/ - 10ms
2020-3-13 17:47:25 :POST /api/ - 10ms
2020-3-13 17:47:25 :POST /api/ - 11ms
2020-3-13 17:47:25 :OPTIONS /api/ - 0ms
2020-3-13 17:47:25 :POST /api/ - 8ms
2020-3-13 17:47:25 :OPTIONS /api/ - 0ms
2020-3-13 17:47:25 :OPTIONS /api/ - 2ms
2020-3-13 17:47:25 :POST /api/ - 7ms
2020-3-13 17:47:25 :POST /api/ - 45ms
2020-3-13 17:47:25 :POST /api/ - 9ms
2020-3-13 17:47:25 :POST /api/ - 11ms
2020-3-13 17:47:25 :POST /api/ - 48ms
2020-3-13 17:47:25 :POST /api/ - 9ms
2020-3-13 17:47:25 :POST /api/ - 6ms
2020-3-13 17:48:31 :GET /getImg?imagePath=1584087323099 - 404
2020-3-13 17:47:25 :GET /getImg?imagePath=1584087302047 - 404
2020-3-13 17:47:25 :GET /getImg?imagePath=1583385988192 - 404
2020-3-13 17:47:25 :GET /getImg?imagePath=1584087314487 - 404
2020-3-13 17:47:25 :POST /api/ - 10ms
2020-3-13 17:47:25 :OPTIONS /api/ - 0ms
2020-3-13 17:47:25 :POST /api/ - 8ms
2020-3-13 17:47:25 :OPTIONS /api/ - 0ms
2020-3-13 17:47:25 :POST /api/ - 7ms
2020-3-13 17:47:25 :POST /api/ - 7ms
2020-3-13 17:47:25 :POST /api/ - 12ms
2020-3-13 17:47:25 :POST /api/ - 5ms
2020-3-13 17:47:25 :GET /getImg?imagePath=1583385988192 - 404
2020-3-13 17:47:25 :GET /getImg?imagePath=1584087302047 - 404
2020-3-13 17:48:31 :GET /getImg?imagePath=1584087314487 - 404
2020-3-13 17:48:31 :GET /getImg?imagePath=1584087323099 - 404
2020-3-13 17:47:25 :OPTIONS /api/ - 0ms
2020-3-13 17:47:25 :POST /api/ - 10ms
2020-3-13 17:47:25 :OPTIONS /api/ - 0ms
2020-3-13 17:47:25 :POST /api/ - 22ms
2020-3-13 17:47:25 :GET /getImg?imagePath=1584087323099 - 404
2020-3-13 17:47:25 :GET /getImg?imagePath=1583385988192 - 404
2020-3-13 17:47:25 :GET /getImg?imagePath=1584087302047 - 404
2020-3-13 17:48:31 :GET /getImg?imagePath=1584087314487 - 404
2020-3-13 17:47:25 :OPTIONS /api/ - 0ms
2020-3-13 17:47:25 :POST /api/ - 5ms
2020-3-13 17:47:25 :POST /api/ - 7ms
2020-3-13 17:47:25 :POST /api/ - 7ms
2020-3-13 17:47:25 :POST /api/ - 10ms
2020-3-13 17:47:25 :POST /api/ - 12ms
2020-3-13 17:47:25 :POST /api/ - 11ms
2020-3-13 17:47:25 :POST /api/ - 8ms
2020-3-13 17:47:25 :POST /api/ - 14ms
2020-3-13 17:47:25 :OPTIONS /api/ - 0ms
2020-3-13 17:47:25 :POST /api/ - 9ms
2020-3-13 17:47:25 :POST /api/ - 12ms
2020-3-13 17:47:25 :POST /api/ - 6ms
2020-3-13 17:47:25 :POST /api/ - 6ms
2020-3-13 17:47:25 :POST /api/ - 6ms
2020-3-13 17:47:25 :POST /api/ - 8ms
2020-3-13 17:47:25 :POST /api/ - 10ms
2020-3-13 17:47:25 :POST /api/ - 8ms
2020-3-13 17:47:25 :OPTIONS /api/ - 0ms
2020-3-13 17:47:25 :POST /api/ - 6ms
2020-3-13 17:47:25 :POST /api/ - 7ms
2020-3-13 17:47:25 :POST /api/ - 6ms
2020-3-13 17:47:25 :POST /api/ - 7ms
2020-3-13 18:57:48 :OPTIONS /api/ - 5ms
2020-3-13 18:57:48 :POST /api/ - 195ms
2020-3-13 18:57:48 :POST /api/ - 13ms
2020-3-13 18:57:48 :POST /api/ - 16ms
2020-3-13 18:57:48 :POST /api/ - 16ms
2020-3-13 18:57:48 :POST /api/ - 9ms
2020-3-13 18:57:48 :POST /api/ - 15ms
2020-3-13 18:57:48 :POST /api/ - 6ms
2020-3-13 18:57:48 :POST /api/ - 5ms
2020-3-13 18:57:48 :GET /getImg?imagePath=1583385988192 - 404
2020-3-13 18:57:48 :GET /getImg?imagePath=1584087302047 - 404
2020-3-13 18:57:48 :GET /getImg?imagePath=1584087314487 - 404
2020-3-13 18:57:48 :GET /getImg?imagePath=1584087323099 - 404
2020-3-13 18:57:48 :OPTIONS /api/ - 0ms
2020-3-13 18:57:48 :POST /api/ - 9ms
2020-3-13 18:57:48 :POST /api/ - 10ms
2020-3-13 18:57:48 :POST /api/ - 8ms
2020-3-13 18:57:48 :POST /api/ - 14ms
2020-3-13 18:57:48 :POST /api/ - 14ms
2020-3-13 18:57:48 :POST /api/ - 58ms
2020-3-13 18:57:48 :POST /api/ - 6ms
2020-3-13 18:57:48 :POST /api/ - 9ms
2020-3-13 18:57:48 :POST /api/ - 9ms
2020-3-13 18:57:48 :POST /api/ - 14ms
2020-3-13 18:57:48 :POST /api/ - 15ms
2020-3-13 18:57:48 :POST /api/ - 14ms
2020-3-13 18:57:48 :POST /api/ - 6ms
2020-3-13 18:57:48 :POST /api/ - 7ms
2020-3-13 18:57:48 :OPTIONS /api/ - 1ms
2020-3-13 18:57:48 :OPTIONS /api/ - 0ms
2020-3-13 18:57:48 :POST /api/ - 11ms
2020-3-13 18:57:48 :POST /api/ - 53ms
2020-3-13 18:57:48 :GET /getImg?imagePath=1583385988192 - 404
2020-3-13 18:57:48 :GET /getImg?imagePath=1584087302047 - 404
2020-3-13 17:47:25 :GET /getImg?imagePath=1584087314487 - 404
2020-3-13 17:47:25 :GET /getImg?imagePath=1584087323099 - 404
2020-3-13 18:57:48 :POST /api/ - 6ms
2020-3-13 18:57:48 :OPTIONS /api/ - 1ms
2020-3-13 18:57:48 :POST /api/ - 8ms
2020-3-13 18:57:48 :POST /api/ - 7ms
2020-3-13 18:57:48 :POST /api/ - 5ms
2020-3-13 17:47:25 :OPTIONS /api/ - 0ms
2020-3-13 17:47:25 :POST /api/ - 5ms
2020-3-13 17:47:25 :POST /api/ - 9ms
2020-3-13 17:47:25 :POST /api/ - 8ms
2020-3-13 17:47:25 :POST /api/ - 12ms
2020-3-13 17:47:25 :POST /api/ - 53ms
2020-3-13 17:47:25 :POST /api/ - 53ms
2020-3-13 17:47:25 :OPTIONS /api/ - 0ms
2020-3-13 17:47:25 :POST /api/ - 8ms
2020-3-13 17:47:25 :POST /api/ - 5ms
2020-3-13 17:47:25 :POST /api/ - 5ms
2020-3-13 17:47:25 :OPTIONS /api/ - 1ms
2020-3-13 17:47:25 :POST /api/ - 9ms
2020-3-13 17:47:25 :POST /api/ - 8ms
2020-3-13 18:57:48 :POST /api/ - 8ms
2020-3-13 17:47:25 :POST /api/ - 12ms
2020-3-13 17:47:25 :POST /api/ - 10ms
2020-3-13 17:47:25 :POST /api/ - 12ms
2020-3-13 18:57:48 :POST /api/ - 14ms
2020-3-13 17:47:25 :POST /api/ - 14ms
2020-3-13 18:57:48 :GET /getImg?imagePath=1583897920764 - 404
2020-3-13 17:47:25 :GET /getImg?imagePath=1583897910204 - 404
2020-3-13 18:57:48 :GET /getImg?imagePath=1583897915574 - 404
2020-3-13 18:57:48 :GET /getImg?imagePath=1584087314487 - 404
2020-3-13 17:48:31 :GET /getImg?imagePath=1583385988192 - 404
2020-3-13 17:47:25 :GET /getImg?imagePath=1583897926274 - 404
2020-3-13 17:47:25 :GET /getImg?imagePath=1584087302047 - 404
2020-3-13 17:47:25 :GET /getImg?imagePath=1584087323099 - 404
2020-3-13 17:47:25 :POST /api/ - 1505ms