
2020-3-14 17:51:56 :OPTIONS /api/ - 4ms
2020-3-14 17:51:57 :OPTIONS /api/ - 4ms
2020-3-14 17:51:57 :OPTIONS /api/ - 0ms
2020-3-14 17:52:6 :OPTIONS /api/ - 4ms
2020-3-14 17:52:11 :OPTIONS /api/ - 5ms
2020-3-14 17:52:11 :POST /api/ - 79ms
2020-3-14 17:52:11 :POST /api/ - 316ms
2020-3-14 17:52:11 :GET /getImg?imagePath=1583897910204 - 404
2020-3-14 17:52:11 :GET /getImg?imagePath=1583897920764 - 404
2020-3-14 17:52:11 :POST /api/ - 463ms
2020-3-14 17:52:11 :POST /api/ - 224ms
2020-3-14 17:52:11 :POST /api/ - 224ms
2020-3-14 17:52:7 :GET /getImg?imagePath=1583897915574 - 404
2020-3-14 17:52:10 :GET /getImg?imagePath=1583897926274 - 404
2020-3-14 17:52:7 :POST /api/ - 1346ms
2020-3-14 17:52:10 :POST /api/ - 1377ms
2020-3-14 17:52:7 :GET /getImg?imagePath=1583385988192 - 404
2020-3-14 17:52:11 :GET /getImg?imagePath=1584087314487 - 404
2020-3-14 17:52:11 :GET /getImg?imagePath=1584087323099 - 404
2020-3-14 17:52:10 :POST /api/ - 386ms
2020-3-14 17:52:10 :GET /getImg?imagePath=1584087302047 - 404
2020-3-14 17:52:10 :POST /api/ - 179ms
2020-3-14 17:52:10 :GET /getImg?imagePath=1583377872263 - 404
2020-3-14 17:52:10 :OPTIONS /api/ - 0ms
2020-3-14 17:52:10 :POST /api/ - 13ms
2020-3-14 17:52:10 :OPTIONS /api/ - 0ms
2020-3-14 17:52:10 :POST /api/ - 14ms
2020-3-14 17:52:10 :POST /api/ - 6ms
2020-3-14 17:52:7 :GET /getImg?imagePath=1584087323099 - 404
2020-3-14 17:52:10 :GET /getImg?imagePath=1583385988192 - 404
2020-3-14 17:52:10 :GET /getImg?imagePath=1584087302047 - 404
2020-3-14 17:52:10 :GET /getImg?imagePath=1584087314487 - 404
2020-3-14 17:52:10 :POST /api/ - 8ms
2020-3-14 17:52:10 :OPTIONS /api/ - 0ms
2020-3-14 17:52:10 :POST /api/ - 30ms
2020-3-14 17:52:10 :POST /api/ - 31ms
2020-3-14 17:52:10 :POST /api/ - 29ms
2020-3-14 17:52:10 :OPTIONS /upFile - 0ms
2020-3-14 17:52:10 :POST /upFile - 17ms
2020-3-14 17:52:10 :OPTIONS /api/ - 1ms
2020-3-14 17:52:10 :POST /api/ - 27ms
2020-3-14 17:52:10 :GET /getImg?imagePath=1584179701078 - 404
2020-3-14 17:52:10 :OPTIONS /upFile - 0ms
2020-3-14 17:52:10 :POST /upFile - 14ms
2020-3-14 17:52:10 :OPTIONS /api/ - 0ms
2020-3-14 17:52:10 :POST /api/ - 7ms
2020-3-14 17:52:10 :GET /getImg?imagePath=1584179710717 - 404
2020-3-14 17:52:10 :OPTIONS /upFile - 0ms
2020-3-14 17:52:10 :POST /upFile - 11ms
2020-3-14 17:52:10 :OPTIONS /api/ - 1ms
2020-3-14 17:52:10 :POST /api/ - 30ms
2020-3-14 17:52:10 :GET /getImg?imagePath=1584179717047 - 404
2020-3-14 17:52:10 :OPTIONS /upFile - 0ms
2020-3-14 17:52:10 :POST /upFile - 12ms
2020-3-14 17:52:10 :OPTIONS /api/ - 0ms
2020-3-14 17:52:10 :POST /api/ - 26ms
2020-3-14 17:52:10 :GET /getImg?imagePath=1584179729835 - 404
2020-3-14 17:52:10 :POST /api/ - 6ms
2020-3-14 17:52:10 :POST /api/ - 10ms
2020-3-14 17:52:10 :POST /api/ - 19ms
2020-3-14 17:52:7 :POST /api/ - 15ms
2020-3-14 17:52:10 :POST /api/ - 15ms
2020-3-14 17:52:10 :GET /getImg?imagePath=1583377872263 - 404
2020-3-14 17:52:7 :GET /getImg?imagePath=1583386364001 - 404
2020-3-14 17:52:7 :GET /getImg?imagePath=1583386819855 - 404
2020-3-14 17:52:10 :POST /api/ - 122ms
2020-3-14 17:52:10 :POST /api/ - 135ms
2020-3-14 17:52:10 :GET /getImg?imagePath=1584179710717 - 404
2020-3-14 17:52:10 :POST /api/ - 456ms
2020-3-14 17:52:7 :GET /getImg?imagePath=1584179701078 - 404
2020-3-14 17:52:7 :GET /getImg?imagePath=1584179717047 - 404
2020-3-14 17:52:7 :GET /getImg?imagePath=1584179729835 - 404
2020-3-14 17:52:7 :POST /api/ - 1054ms
2020-3-14 17:52:10 :GET /getImg?imagePath=1583897915574 - 404
2020-3-14 17:52:7 :GET /getImg?imagePath=1583897910204 - 404
2020-3-14 17:52:7 :GET /getImg?imagePath=1583897926274 - 404
2020-3-14 17:52:7 :GET /getImg?imagePath=1583897920764 - 404
2020-3-14 17:52:7 :OPTIONS /api/ - 1ms
2020-3-14 17:52:7 :POST /api/ - 19ms
2020-3-14 17:52:7 :POST /api/ - 7ms
2020-3-14 17:52:7 :POST /api/ - 13ms
2020-3-14 17:52:10 :POST /api/ - 11ms
2020-3-14 17:52:10 :POST /api/ - 10ms
2020-3-14 17:52:10 :POST /api/ - 5ms
2020-3-14 17:52:10 :POST /api/ - 5ms
2020-3-14 17:52:7 :POST /api/ - 6ms
2020-3-14 17:52:7 :POST /api/ - 8ms
2020-3-14 17:52:10 :POST /api/ - 8ms
2020-3-14 17:52:10 :POST /api/ - 9ms
2020-3-14 17:52:10 :POST /api/ - 30ms
2020-3-14 17:52:10 :OPTIONS /api/ - 1ms
2020-3-14 17:52:10 :OPTIONS /api/ - 0ms
2020-3-14 17:52:10 :POST /api/ - 8ms
2020-3-14 17:52:10 :POST /api/ - 8ms
2020-3-14 17:52:10 :POST /api/ - 10ms
2020-3-14 17:52:10 :POST /api/ - 9ms
2020-3-14 17:52:7 :POST /api/ - 7ms
2020-3-14 17:52:7 :OPTIONS /api/ - 1ms
2020-3-14 17:52:7 :POST /api/ - 12ms
2020-3-14 17:52:7 :POST /api/ - 25ms
2020-3-14 17:52:7 :POST /api/ - 5ms
2020-3-14 17:52:7 :POST /api/ - 24ms
2020-3-14 17:52:7 :POST /api/ - 24ms
2020-3-14 17:52:7 :POST /api/ - 25ms
2020-3-14 17:52:7 :POST /api/ - 26ms
2020-3-14 17:52:7 :OPTIONS /api/ - 0ms
2020-3-14 17:52:7 :POST /api/ - 8ms
2020-3-14 17:52:7 :POST /api/ - 5ms
2020-3-14 17:52:7 :OPTIONS /upFile - 1ms
2020-3-14 17:52:7 :POST /upFile - 15ms
2020-3-14 17:52:7 :GET /getImg?imagePath=1584179849124 - 404
2020-3-14 17:52:7 :OPTIONS /api/ - 0ms
2020-3-14 17:52:7 :POST /api/ - 29ms
2020-3-14 17:52:7 :OPTIONS /upFile - 0ms
2020-3-14 17:52:7 :POST /upFile - 14ms
2020-3-14 17:52:7 :GET /getImg?imagePath=1584179858698 - 404
2020-3-14 17:52:7 :OPTIONS /api/ - 0ms
2020-3-14 17:52:7 :POST /api/ - 14ms
2020-3-14 17:52:7 :POST /api/ - 10ms
2020-3-14 17:52:7 :POST /api/ - 9ms
2020-3-14 17:52:7 :POST /api/ - 5ms
2020-3-14 17:52:7 :POST /api/ - 6ms
2020-3-14 17:52:7 :OPTIONS /upFile - 0ms
2020-3-14 17:52:7 :POST /upFile - 10ms
2020-3-14 17:52:7 :GET /getImg?imagePath=1584179873866 - 404
2020-3-14 17:52:7 :OPTIONS /api/ - 0ms
2020-3-14 17:52:7 :POST /api/ - 126ms
2020-3-14 17:52:7 :OPTIONS /upFile - 0ms
2020-3-14 17:52:7 :POST /upFile - 17ms
2020-3-14 17:52:7 :GET /getImg?imagePath=1584179888255 - 404
2020-3-14 17:52:7 :OPTIONS /api/ - 0ms
2020-3-14 17:52:7 :POST /api/ - 30ms
2020-3-14 17:52:10 :POST /api/ - 10ms
2020-3-14 17:52:7 :POST /api/ - 16ms
2020-3-14 17:52:7 :POST /api/ - 15ms
2020-3-14 17:52:11 :GET /getImg?imagePath=1584179701078 - 404
2020-3-14 17:52:5 :GET /getImg?imagePath=1584179710717 - 404
2020-3-14 17:52:10 :GET /getImg?imagePath=1584179849124 - 404
2020-3-14 17:52:10 :GET /getImg?imagePath=1584179873866 - 404
2020-3-14 17:52:11 :GET /getImg?imagePath=1584179717047 - 404
2020-3-14 17:52:5 :GET /getImg?imagePath=1584179729835 - 404
2020-3-14 17:52:7 :GET /getImg?imagePath=1584179858698 - 404
2020-3-14 17:52:7 :GET /getImg?imagePath=1584179888255 - 404
2020-3-14 17:52:7 :POST /api/ - 854ms
2020-3-14 17:52:7 :OPTIONS /api/ - 0ms
2020-3-14 17:52:10 :POST /api/ - 5ms
2020-3-14 17:52:7 :POST /api/ - 6ms
2020-3-14 17:52:7 :POST /api/ - 26ms
2020-3-14 17:52:7 :POST /api/ - 9ms
2020-3-14 17:52:7 :POST /api/ - 11ms
2020-3-14 17:52:10 :POST /api/ - 9ms
2020-3-14 17:52:7 :POST /api/ - 172ms
2020-3-14 17:52:7 :POST /api/ - 10ms
2020-3-14 17:52:7 :POST /api/ - 10ms
2020-3-14 17:52:7 :POST /api/ - 9ms
2020-3-14 17:52:7 :POST /api/ - 9ms
2020-3-14 17:52:7 :POST /api/ - 6ms
2020-3-14 17:52:7 :POST /api/ - 12ms
2020-3-14 17:52:7 :POST /api/ - 10ms
2020-3-14 17:52:10 :POST /api/ - 44ms
2020-3-14 17:52:7 :POST /api/ - 48ms
2020-3-14 17:52:7 :POST /api/ - 67ms
2020-3-14 17:52:7 :POST /api/ - 12ms
2020-3-14 17:52:7 :OPTIONS /api/ - 0ms
2020-3-14 17:52:7 :POST /api/ - 7ms
2020-3-14 17:52:7 :POST /api/ - 8ms
2020-3-14 17:52:7 :POST /api/ - 13ms
2020-3-14 17:52:7 :POST /api/ - 7ms
2020-3-14 17:52:7 :POST /api/ - 6ms
2020-3-14 17:52:7 :POST /api/ - 7ms
2020-3-14 17:52:7 :POST /api/ - 6ms
2020-3-14 17:52:7 :POST /api/ - 7ms
2020-3-14 17:52:7 :POST /api/ - 6ms
2020-3-14 17:52:10 :OPTIONS /api/ - 0ms
2020-3-14 17:52:10 :POST /api/ - 7ms
2020-3-14 17:52:10 :POST /api/ - 9ms
2020-3-14 17:52:10 :GET /getImg?imagePath=1584090757330 - 404
2020-3-14 17:52:10 :POST /api/ - 148ms
2020-3-14 17:52:10 :OPTIONS /api/ - 0ms
2020-3-14 17:52:10 :POST /api/ - 6ms
2020-3-14 17:52:10 :OPTIONS /api/ - 0ms
2020-3-14 17:52:10 :POST /api/ - 38ms
2020-3-14 17:52:10 :POST /api/ - 6ms
2020-3-14 17:52:10 :POST /api/ - 10ms
2020-3-14 17:52:10 :OPTIONS /api/ - 0ms
2020-3-14 17:52:10 :POST /api/ - 32ms
2020-3-14 17:52:10 :POST /api/ - 13ms
2020-3-14 17:52:10 :POST /api/ - 6ms
2020-3-14 17:52:10 :POST /api/ - 8ms
2020-3-14 17:52:10 :OPTIONS /api/ - 0ms
2020-3-14 17:52:10 :POST /api/ - 6ms
2020-3-14 17:52:10 :POST /api/ - 16ms
2020-3-14 17:52:7 :POST /api/ - 8ms
2020-3-14 17:52:10 :POST /api/ - 13ms
2020-3-14 17:52:10 :POST /api/ - 6ms
2020-3-14 17:52:7 :OPTIONS /api/ - 0ms
2020-3-14 17:52:7 :POST /api/ - 9ms
2020-3-14 17:52:7 :POST /api/ - 13ms
2020-3-14 17:59:21 :OPTIONS /api/ - 4ms
2020-3-14 17:59:24 :OPTIONS /api/ - 3ms
2020-3-14 17:59:24 :POST /api/ - 219ms
2020-3-14 17:59:24 :POST /api/ - 11ms
2020-3-14 17:59:24 :POST /api/ - 8ms
2020-3-14 17:59:24 :OPTIONS /api/ - 0ms
2020-3-14 17:59:24 :OPTIONS /api/ - 0ms
2020-3-14 17:59:24 :OPTIONS /api/ - 0ms
2020-3-14 17:59:24 :POST /api/ - 18ms
2020-3-14 17:59:24 :POST /api/ - 17ms
2020-3-14 17:59:24 :POST /api/ - 17ms
2020-3-14 17:59:24 :POST /api/ - 175ms
2020-3-14 17:59:24 :OPTIONS /api/ - 0ms
2020-3-14 17:59:24 :OPTIONS /api/ - 0ms
2020-3-14 17:59:24 :OPTIONS /api/ - 0ms
2020-3-14 17:59:24 :POST /api/ - 15ms
2020-3-14 17:59:24 :POST /api/ - 13ms
2020-3-14 17:59:24 :POST /api/ - 14ms
2020-3-14 17:59:24 :POST /api/ - 10ms
2020-3-14 17:59:24 :POST /api/ - 11ms
2020-3-14 17:59:24 :POST /api/ - 12ms
2020-3-14 17:59:24 :POST /api/ - 165ms
2020-3-14 17:59:24 :OPTIONS /api/ - 0ms
2020-3-14 17:59:24 :POST /api/ - 6ms
2020-3-14 17:59:24 :POST /api/ - 11ms
2020-3-14 17:59:24 :POST /api/ - 5ms
2020-3-14 17:59:24 :POST /api/ - 14ms
2020-3-14 17:59:24 :POST /api/ - 7ms
2020-3-14 17:59:24 :POST /api/ - 6ms
2020-3-14 17:59:24 :POST /api/ - 17ms
2020-3-14 17:59:24 :POST /api/ - 23ms
2020-3-14 17:59:24 :OPTIONS /api/ - 0ms
2020-3-14 17:59:24 :POST /api/ - 5ms
2020-3-14 17:59:24 :POST /api/ - 7ms
2020-3-14 17:59:24 :POST /api/ - 7ms
2020-3-14 17:59:24 :POST /api/ - 7ms
2020-3-14 17:59:24 :POST /api/ - 6ms
2020-3-14 17:59:24 :OPTIONS /upFile - 0ms
2020-3-14 17:59:24 :POST /upFile - 13ms
2020-3-14 17:59:24 :POST /upFile - 11ms
2020-3-14 17:59:24 :OPTIONS /api/ - 0ms
2020-3-14 17:59:24 :POST /api/ - 76ms
2020-3-14 17:59:24 :POST /api/ - 10ms
2020-3-14 17:59:24 :POST /api/ - 11ms
2020-3-14 17:59:24 :OPTIONS /api/ - 0ms
2020-3-14 17:59:24 :POST /api/ - 15ms
2020-3-14 17:59:24 :POST /api/ - 14ms
2020-3-14 17:59:24 :POST /api/ - 35ms
2020-3-14 17:59:24 :POST /api/ - 63ms
2020-3-14 17:59:24 :GET /getImg?imagePath=1584180107570 - 404
2020-3-14 17:59:24 :POST /api/ - 13ms
2020-3-14 17:59:24 :POST /api/ - 11ms
2020-3-14 17:59:24 :POST /api/ - 9ms
2020-3-14 17:59:24 :POST /api/ - 21ms
2020-3-14 17:59:24 :POST /api/ - 31ms
2020-3-14 17:59:24 :OPTIONS /api/ - 0ms
2020-3-14 17:59:24 :OPTIONS /api/ - 1ms
2020-3-14 17:59:24 :OPTIONS /api/ - 0ms
2020-3-14 17:52:11 :POST /api/ - 14ms
2020-3-14 17:52:11 :POST /api/ - 28ms
2020-3-14 17:59:24 :POST /api/ - 36ms
2020-3-14 17:59:24 :POST /api/ - 21ms
2020-3-14 17:59:24 :POST /api/ - 30ms
2020-3-14 17:52:11 :POST /api/ - 8ms
2020-3-14 17:52:11 :POST /api/ - 72ms
2020-3-14 17:52:11 :POST /api/ - 50ms
2020-3-14 17:59:24 :POST /api/ - 39ms
2020-3-14 17:52:11 :POST /api/ - 14ms
2020-3-14 17:52:11 :POST /api/ - 30ms
2020-3-14 17:52:11 :POST /api/ - 11ms
2020-3-14 17:52:11 :POST /api/ - 16ms
2020-3-14 17:59:24 :POST /api/ - 36ms
2020-3-14 17:59:24 :POST /api/ - 151ms
2020-3-14 17:59:24 :POST /api/ - 186ms
2020-3-14 17:59:24 :POST /api/ - 133ms
2020-3-14 17:59:24 :POST /api/ - 65ms
2020-3-14 17:52:5 :POST /api/ - 495ms
2020-3-14 17:52:5 :POST /api/ - 20ms
2020-3-14 17:59:24 :OPTIONS /api/ - 4ms
2020-3-14 17:59:24 :POST /api/ - 590ms
2020-3-14 17:59:24 :POST /api/ - 11ms
2020-3-14 17:52:5 :POST /api/ - 13ms
2020-3-14 17:52:11 :POST /api/ - 33ms
2020-3-14 17:59:24 :POST /api/ - 14ms
2020-3-14 17:52:5 :POST /api/ - 20ms
2020-3-14 17:59:24 :POST /api/ - 33ms
2020-3-14 17:52:11 :POST /api/ - 18ms
2020-3-14 17:59:24 :POST /api/ - 51ms
2020-3-14 17:59:24 :POST /api/ - 60ms
2020-3-14 17:52:5 :POST /api/ - 48ms
2020-3-14 17:59:24 :POST /api/ - 50ms
2020-3-14 17:52:11 :POST /api/ - 55ms
2020-3-14 17:59:24 :POST /api/ - 16ms
2020-3-14 17:52:5 :POST /api/ - 72ms
2020-3-14 17:52:5 :POST /api/ - 11ms
2020-3-14 17:52:11 :POST /api/ - 26ms
2020-3-14 17:59:24 :POST /api/ - 14ms
2020-3-14 17:59:24 :POST /api/ - 102ms
2020-3-14 17:52:11 :POST /api/ - 13ms
2020-3-14 17:59:24 :POST /api/ - 171ms
2020-3-14 17:59:24 :POST /api/ - 184ms
2020-3-14 17:59:24 :POST /api/ - 144ms
2020-3-14 17:59:24 :POST /api/ - 9ms
2020-3-14 17:52:11 :POST /api/ - 16ms
2020-3-14 17:59:24 :POST /api/ - 23ms
2020-3-14 17:52:5 :POST /api/ - 41ms
2020-3-14 17:52:11 :POST /api/ - 39ms
2020-3-14 17:59:24 :POST /api/ - 17ms
2020-3-14 17:59:24 :POST /api/ - 26ms
2020-3-14 17:59:24 :POST /api/ - 57ms
2020-3-14 17:59:24 :POST /api/ - 82ms
2020-3-14 17:52:5 :POST /api/ - 25ms
2020-3-14 17:52:11 :POST /api/ - 31ms
2020-3-14 17:59:24 :POST /api/ - 63ms
2020-3-14 17:59:24 :POST /api/ - 56ms
2020-3-14 17:59:24 :POST /api/ - 107ms
2020-3-14 17:52:11 :POST /api/ - 81ms
2020-3-14 17:52:5 :POST /api/ - 89ms
2020-3-14 17:59:24 :POST /api/ - 34ms
2020-3-14 17:52:11 :POST /api/ - 43ms
2020-3-14 17:59:24 :POST /api/ - 94ms
2020-3-14 17:59:24 :POST /api/ - 42ms
2020-3-14 17:59:24 :POST /api/ - 97ms
2020-3-14 17:59:24 :POST /api/ - 69ms
2020-3-14 17:52:11 :POST /api/ - 33ms
2020-3-14 17:59:24 :POST /api/ - 91ms
2020-3-14 17:52:5 :POST /api/ - 99ms
2020-3-14 17:59:24 :POST /api/ - 50ms
2020-3-14 17:59:24 :POST /api/ - 39ms
2020-3-14 17:59:24 :POST /api/ - 49ms
2020-3-14 17:52:11 :POST /api/ - 36ms
2020-3-14 17:59:24 :POST /api/ - 33ms
2020-3-14 17:52:5 :POST /api/ - 32ms
2020-3-14 17:59:24 :POST /api/ - 21ms
2020-3-14 17:59:24 :POST /api/ - 29ms
2020-3-14 17:59:24 :POST /api/ - 25ms
2020-3-14 17:52:5 :OPTIONS /api/ - 0ms
2020-3-14 17:59:24 :OPTIONS /api/ - 0ms
2020-3-14 17:59:24 :POST /api/ - 31ms
2020-3-14 17:52:11 :POST /api/ - 38ms
2020-3-14 17:52:5 :POST /api/ - 36ms
2020-3-14 17:59:24 :OPTIONS /api/ - 0ms
2020-3-14 17:59:24 :OPTIONS /api/ - 0ms
2020-3-14 17:59:24 :OPTIONS /api/ - 1ms
2020-3-14 17:59:24 :POST /api/ - 39ms
2020-3-14 17:52:11 :POST /api/ - 29ms
2020-3-14 17:59:24 :POST /api/ - 47ms
2020-3-14 17:52:5 :POST /api/ - 20ms
2020-3-14 17:59:24 :POST /api/ - 42ms
2020-3-14 17:59:24 :POST /api/ - 77ms
2020-3-14 17:59:24 :POST /api/ - 72ms
2020-3-14 17:52:5 :POST /api/ - 19ms
2020-3-14 17:52:11 :POST /api/ - 66ms
2020-3-14 17:59:24 :POST /api/ - 25ms
2020-3-14 17:59:24 :POST /api/ - 40ms
2020-3-14 17:59:24 :POST /api/ - 61ms
2020-3-14 17:59:24 :POST /api/ - 45ms
2020-3-14 17:52:11 :POST /api/ - 47ms
2020-3-14 17:52:5 :POST /api/ - 50ms
2020-3-14 17:59:24 :POST /api/ - 46ms
2020-3-14 17:59:24 :POST /api/ - 40ms
2020-3-14 17:59:24 :POST /api/ - 18ms
2020-3-14 17:59:24 :POST /api/ - 21ms
2020-3-14 17:52:5 :POST /api/ - 22ms
2020-3-14 17:52:11 :POST /api/ - 27ms
2020-3-14 17:59:24 :POST /api/ - 32ms
2020-3-14 17:52:5 :POST /api/ - 38ms
2020-3-14 17:59:24 :POST /api/ - 23ms
2020-3-14 17:59:24 :POST /api/ - 71ms
2020-3-14 17:52:11 :POST /api/ - 23ms
2020-3-14 17:59:24 :POST /api/ - 71ms
2020-3-14 17:59:24 :POST /api/ - 134ms
2020-3-14 17:52:3 :POST /api/ - 404ms
2020-3-14 17:52:3 :POST /api/ - 44ms
2020-3-14 17:52:3 :POST /api/ - 135ms
2020-3-14 17:52:3 :POST /api/ - 258ms
2020-3-14 17:52:3 :POST /api/ - 255ms
2020-3-14 17:52:3 :POST /api/ - 271ms
2020-3-14 17:52:3 :POST /api/ - 464ms
2020-3-14 17:52:3 :POST /api/ - 363ms
2020-3-14 17:52:3 :POST /api/ - 225ms
2020-3-14 17:52:3 :POST /api/ - 188ms
2020-3-14 17:52:3 :POST /api/ - 210ms
2020-3-14 17:52:3 :POST /api/ - 209ms
2020-3-14 17:52:3 :POST /api/ - 121ms
2020-3-14 17:52:3 :POST /api/ - 57ms
2020-3-14 17:52:3 :POST /api/ - 122ms
2020-3-14 17:52:3 :POST /api/ - 117ms
2020-3-14 17:52:3 :POST /api/ - 112ms
2020-3-14 17:52:3 :POST /api/ - 114ms
2020-3-14 17:52:3 :POST /api/ - 42ms
2020-3-14 17:52:3 :POST /api/ - 42ms
2020-3-14 17:52:3 :POST /api/ - 55ms
2020-3-14 17:52:3 :POST /api/ - 53ms
2020-3-14 17:52:3 :POST /api/ - 80ms
2020-3-14 17:52:3 :POST /api/ - 90ms
2020-3-14 17:52:3 :POST /api/ - 28ms
2020-3-14 17:52:3 :POST /api/ - 30ms
2020-3-14 17:52:3 :POST /api/ - 25ms
2020-3-14 17:52:3 :OPTIONS /api/ - 1ms
2020-3-14 17:52:3 :POST /api/ - 34ms
2020-3-14 18:2:12 :OPTIONS /api/ - 1ms
2020-3-14 18:2:12 :POST /api/ - 249ms
2020-3-14 18:2:12 :POST /api/ - 15ms
2020-3-14 18:2:12 :POST /api/ - 14ms
2020-3-14 18:2:12 :POST /api/ - 24ms
2020-3-14 18:2:12 :POST /api/ - 16ms
2020-3-14 18:2:12 :POST /api/ - 25ms
2020-3-14 18:2:12 :POST /api/ - 23ms
2020-3-14 18:2:12 :POST /api/ - 24ms
2020-3-14 18:2:12 :POST /api/ - 26ms
2020-3-14 18:2:12 :POST /api/ - 20ms
2020-3-14 18:2:12 :OPTIONS /api/ - 1ms
2020-3-14 18:2:12 :POST /api/ - 11ms
2020-3-14 18:2:12 :POST /api/ - 13ms
2020-3-14 18:2:12 :POST /api/ - 10ms
2020-3-14 18:2:12 :POST /api/ - 22ms
2020-3-14 18:2:12 :POST /api/ - 33ms
2020-3-14 18:2:12 :POST /api/ - 43ms
2020-3-14 18:2:12 :POST /api/ - 28ms
2020-3-14 18:2:12 :POST /api/ - 17ms
2020-3-14 18:2:12 :POST /api/ - 208ms
2020-3-14 18:2:12 :POST /api/ - 10ms
2020-3-14 18:2:12 :POST /api/ - 10ms
2020-3-14 18:2:12 :POST /api/ - 10ms
2020-3-14 18:2:12 :GET /getImg?imagePath=1584180107598 - 404
2020-3-14 18:2:12 :OPTIONS /api/ - 0ms
2020-3-14 18:2:12 :OPTIONS /api/ - 0ms
2020-3-14 18:2:12 :OPTIONS /api/ - 0ms
2020-3-14 18:2:12 :POST /api/ - 34ms
2020-3-14 18:2:12 :POST /api/ - 30ms
2020-3-14 18:2:12 :POST /api/ - 38ms
2020-3-14 18:2:11 :POST /api/ - 495ms
2020-3-14 18:2:11 :POST /api/ - 21ms
2020-3-14 18:2:11 :POST /api/ - 12ms
2020-3-14 18:2:12 :POST /api/ - 39ms
2020-3-14 18:2:11 :POST /api/ - 43ms
2020-3-14 18:2:11 :POST /api/ - 25ms
2020-3-14 18:2:11 :POST /api/ - 16ms
2020-3-14 18:2:11 :POST /api/ - 13ms
2020-3-14 18:2:11 :POST /api/ - 33ms
2020-3-14 18:2:12 :POST /api/ - 30ms
2020-3-14 18:2:12 :POST /api/ - 6ms
2020-3-14 18:2:12 :OPTIONS /api/ - 0ms
2020-3-14 18:2:12 :POST /api/ - 6ms
2020-3-14 18:2:11 :OPTIONS /api/ - 0ms
2020-3-14 18:2:11 :POST /api/ - 28ms
2020-3-14 18:2:11 :POST /api/ - 15ms
2020-3-14 18:2:11 :POST /api/ - 45ms
2020-3-14 18:2:11 :OPTIONS /upFile - 0ms
2020-3-14 18:2:11 :POST /upFile - 26ms
2020-3-14 18:2:11 :OPTIONS /api/ - 0ms
2020-3-14 18:2:11 :GET /getImg?imagePath=1584180180488 - 404
2020-3-14 18:2:11 :POST /api/ - 271ms
2020-3-14 18:2:11 :POST /api/ - 7ms
2020-3-14 18:2:11 :POST /api/ - 22ms
2020-3-14 18:2:11 :OPTIONS /api/ - 0ms
2020-3-14 18:2:11 :POST /api/ - 35ms
2020-3-14 18:2:11 :POST /api/ - 8ms
2020-3-14 18:2:11 :POST /api/ - 6ms
2020-3-14 18:2:11 :OPTIONS /api/ - 0ms
2020-3-14 18:2:11 :POST /api/ - 11ms
2020-3-14 18:2:11 :POST /api/ - 8ms
2020-3-14 18:2:11 :POST /api/ - 17ms
2020-3-14 18:2:11 :POST /api/ - 11ms
2020-3-14 18:2:11 :POST /api/ - 18ms
2020-3-14 18:2:11 :POST /api/ - 17ms
2020-3-14 18:2:11 :POST /api/ - 17ms
2020-3-14 18:2:11 :POST /api/ - 190ms
2020-3-14 18:2:11 :POST /api/ - 13ms
2020-3-14 18:2:11 :POST /api/ - 12ms
2020-3-14 18:2:11 :POST /api/ - 11ms
2020-3-14 18:2:11 :OPTIONS /api/ - 0ms
2020-3-14 18:2:11 :POST /api/ - 30ms
2020-3-14 18:2:11 :OPTIONS /api/ - 1ms
2020-3-14 18:2:11 :POST /api/ - 7ms
2020-3-14 18:2:11 :OPTIONS /api/ - 0ms
2020-3-14 18:2:11 :OPTIONS /api/ - 0ms
2020-3-14 18:2:11 :OPTIONS /api/ - 0ms
2020-3-14 18:2:11 :POST /api/ - 19ms
2020-3-14 18:2:11 :POST /api/ - 19ms
2020-3-14 18:2:11 :POST /api/ - 15ms
2020-3-14 18:2:11 :OPTIONS /api/ - 1ms
2020-3-14 18:2:11 :OPTIONS /api/ - 0ms
2020-3-14 18:2:11 :POST /api/ - 13ms
2020-3-14 18:2:11 :POST /api/ - 11ms
2020-3-14 18:2:11 :POST /api/ - 11ms
2020-3-14 18:2:12 :OPTIONS /api/ - 0ms
2020-3-14 18:2:11 :GET /getImg?imagePath=1584180180488 - 404
2020-3-14 18:2:11 :OPTIONS /api/ - 0ms
2020-3-14 18:2:12 :POST /api/ - 31ms
2020-3-14 18:2:11 :POST /api/ - 37ms
2020-3-14 18:2:11 :OPTIONS /api/ - 4ms
2020-3-14 18:2:11 :POST /api/ - 476ms
2020-3-14 18:2:11 :GET /getImg?imagePath=1584180107570 - 404
2020-3-14 18:2:11 :GET /getImg?imagePath=1584180107598 - 404
2020-3-14 18:2:12 :OPTIONS /api/ - 0ms
2020-3-14 18:2:11 :OPTIONS /api/ - 0ms
2020-3-14 18:2:12 :POST /api/ - 12ms
2020-3-14 18:2:11 :GET /getImg?imagePath=1584180180488 - 404
2020-3-14 18:2:11 :OPTIONS /api/ - 0ms
2020-3-14 18:2:11 :POST /api/ - 17ms
2020-3-14 18:2:11 :POST /api/ - 13ms
2020-3-14 18:2:11 :GET /getImg?imagePath=1584180107570 - 404
2020-3-14 18:2:11 :GET /getImg?imagePath=1584180107598 - 404
2020-3-14 18:2:11 :OPTIONS /api/ - 0ms
2020-3-14 18:2:11 :OPTIONS /api/ - 0ms
2020-3-14 18:2:11 :POST /api/ - 10ms
2020-3-14 18:2:12 :POST /api/ - 11ms
2020-3-14 18:2:11 :POST /api/ - 23ms
2020-3-14 18:2:12 :GET /getImg?imagePath=1584180180488 - 404
2020-3-14 18:2:11 :OPTIONS /api/ - 1ms
2020-3-14 18:2:11 :OPTIONS /api/ - 0ms
2020-3-14 18:2:11 :POST /api/ - 42ms
2020-3-14 18:2:11 :POST /api/ - 46ms
2020-3-14 18:2:12 :OPTIONS /api/ - 0ms
2020-3-14 18:2:12 :POST /api/ - 52ms
2020-3-14 18:2:12 :GET /getImg?imagePath=1584180107570 - 404
2020-3-14 18:2:12 :GET /getImg?imagePath=1584180107598 - 404
2020-3-14 18:2:12 :OPTIONS /api/ - 0ms
2020-3-14 18:2:11 :OPTIONS /api/ - 0ms
2020-3-14 18:2:11 :OPTIONS /api/ - 0ms
2020-3-14 18:2:11 :POST /api/ - 17ms
2020-3-14 18:2:12 :POST /api/ - 13ms
2020-3-14 18:2:11 :POST /api/ - 14ms
2020-3-14 18:2:11 :OPTIONS /api/ - 0ms
2020-3-14 18:2:11 :POST /api/ - 35ms
2020-3-14 18:2:11 :POST /api/ - 13ms
2020-3-14 18:2:11 :OPTIONS /api/ - 0ms
2020-3-14 18:2:11 :POST /api/ - 9ms
2020-3-14 18:2:11 :OPTIONS /api/ - 1ms
2020-3-14 18:2:11 :POST /api/ - 32ms
2020-3-14 18:2:11 :POST /api/ - 32ms
2020-3-14 18:2:11 :POST /api/ - 15ms
2020-3-14 18:2:11 :POST /api/ - 12ms
2020-3-14 18:2:11 :OPTIONS /api/ - 1ms
2020-3-14 18:2:11 :POST /api/ - 12ms
2020-3-14 18:2:11 :POST /api/ - 6ms
2020-3-14 18:2:11 :POST /api/ - 5ms
2020-3-14 18:2:11 :POST /api/ - 6ms
2020-3-14 18:2:11 :POST /api/ - 8ms
2020-3-14 18:2:11 :OPTIONS /api/ - 0ms
2020-3-14 18:2:11 :POST /api/ - 5ms
2020-3-14 18:2:11 :POST /api/ - 7ms
2020-3-14 18:2:11 :POST /api/ - 7ms
2020-3-14 18:2:11 :POST /api/ - 10ms
2020-3-14 18:2:11 :POST /api/ - 7ms
2020-3-14 18:2:11 :POST /api/ - 7ms
2020-3-14 18:2:11 :OPTIONS /api/ - 0ms
2020-3-14 18:2:11 :OPTIONS /api/ - 0ms
2020-3-14 18:2:11 :POST /api/ - 10ms
2020-3-14 18:2:11 :POST /api/ - 49ms
2020-3-14 18:2:11 :POST /api/ - 22ms
2020-3-14 18:2:11 :POST /api/ - 6ms
2020-3-14 18:2:11 :POST /api/ - 26ms
2020-3-14 18:2:11 :OPTIONS /api/ - 0ms
2020-3-14 18:2:11 :POST /api/ - 22ms
2020-3-14 18:2:11 :POST /api/ - 11ms
2020-3-14 18:2:11 :POST /api/ - 7ms
2020-3-14 18:2:11 :POST /api/ - 30ms
2020-3-14 18:2:11 :POST /api/ - 7ms
2020-3-14 18:2:11 :OPTIONS /api/ - 0ms
2020-3-14 18:2:11 :POST /api/ - 58ms
2020-3-14 18:2:11 :POST /api/ - 10ms
2020-3-14 18:2:11 :POST /api/ - 5ms
2020-3-14 18:2:11 :POST /api/ - 15ms
2020-3-14 18:2:11 :OPTIONS /api/ - 0ms
2020-3-14 18:2:11 :POST /api/ - 7ms
2020-3-14 18:2:11 :POST /api/ - 10ms
2020-3-14 18:2:11 :POST /api/ - 9ms
2020-3-14 18:2:11 :OPTIONS /api/ - 0ms
2020-3-14 18:2:11 :POST /api/ - 11ms
2020-3-14 18:2:11 :POST /api/ - 16ms
2020-3-14 18:2:11 :POST /api/ - 10ms
2020-3-14 18:2:11 :POST /api/ - 20ms
2020-3-14 18:2:11 :POST /api/ - 48ms
2020-3-14 18:2:11 :GET /getImg?imagePath=1583377872263 - 404
2020-3-14 18:2:11 :POST /api/ - 45ms
2020-3-14 18:2:11 :POST /api/ - 31ms
2020-3-14 18:2:11 :POST /api/ - 33ms
2020-3-14 18:2:12 :GET /getImg?imagePath=1584179888255 - 404
2020-3-14 18:2:11 :GET /getImg?imagePath=1584179873866 - 404
2020-3-14 18:2:11 :GET /getImg?imagePath=1584179701078 - 404
2020-3-14 18:2:12 :GET /getImg?imagePath=1584179717047 - 404
2020-3-14 18:2:11 :GET /getImg?imagePath=1584179849124 - 404
2020-3-14 18:2:11 :GET /getImg?imagePath=1584179858698 - 404
2020-3-14 18:2:11 :GET /getImg?imagePath=1584179710717 - 404
2020-3-14 18:2:11 :GET /getImg?imagePath=1584179729835 - 404
2020-3-14 18:2:11 :POST /api/ - 1167ms
2020-3-14 18:2:11 :OPTIONS /api/ - 0ms
2020-3-14 18:2:12 :POST /api/ - 5ms
2020-3-14 18:2:12 :POST /api/ - 7ms
2020-3-14 18:2:12 :POST /api/ - 8ms
2020-3-14 18:7:40 :POST /api/ - 19ms
2020-3-14 18:7:40 :POST /api/ - 286ms
2020-3-14 18:7:40 :POST /api/ - 10ms
2020-3-14 18:7:40 :POST /api/ - 6ms
2020-3-14 18:2:12 :GET /getImg?imagePath=1584179717047 - 404
2020-3-14 18:2:12 :GET /getImg?imagePath=1584179729835 - 404
2020-3-14 18:7:40 :GET /getImg?imagePath=1584179701078 - 404
2020-3-14 18:7:40 :GET /getImg?imagePath=1584179710717 - 404
2020-3-14 18:7:40 :OPTIONS /upFile - 3ms
2020-3-14 18:7:40 :POST /upFile - 18ms
2020-3-14 18:7:40 :OPTIONS /api/ - 1ms
2020-3-14 18:7:40 :POST /api/ - 8ms
2020-3-14 18:7:40 :GET /getImg?imagePath=1584180471765 - 404
2020-3-14 18:7:40 :POST /api/ - 9ms
2020-3-14 18:7:40 :POST /api/ - 6ms
2020-3-14 18:7:40 :POST /api/ - 14ms
2020-3-14 18:7:40 :POST /api/ - 23ms
2020-3-14 18:7:40 :POST /api/ - 65ms
2020-3-14 18:7:40 :POST /api/ - 53ms
2020-3-14 18:7:40 :POST /api/ - 66ms
2020-3-14 18:2:12 :GET /getImg?imagePath=1584179717047 - 404
2020-3-14 18:2:11 :GET /getImg?imagePath=1584179729835 - 404
2020-3-14 18:2:11 :GET /getImg?imagePath=1584180471765 - 404
2020-3-14 18:7:40 :GET /getImg?imagePath=1584179701078 - 404
2020-3-14 18:7:40 :GET /getImg?imagePath=1584179710717 - 404
2020-3-14 18:7:40 :POST /api/ - 584ms
2020-3-14 18:2:12 :OPTIONS /api/ - 0ms
2020-3-14 18:2:12 :POST /api/ - 12ms
2020-3-14 18:2:12 :POST /api/ - 17ms
2020-3-14 18:2:12 :POST /api/ - 11ms
2020-3-14 18:2:12 :POST /api/ - 17ms
2020-3-14 18:2:12 :POST /api/ - 7ms
2020-3-14 18:2:12 :POST /api/ - 10ms
2020-3-14 18:2:12 :POST /api/ - 10ms
2020-3-14 18:2:12 :GET /getImg?imagePath=1584180107570 - 404
2020-3-14 18:2:12 :GET /getImg?imagePath=1584180107598 - 404
2020-3-14 18:2:12 :OPTIONS /api/ - 0ms
2020-3-14 18:2:12 :OPTIONS /api/ - 0ms
2020-3-14 18:2:12 :POST /api/ - 68ms
2020-3-14 18:2:12 :POST /api/ - 67ms
2020-3-14 18:2:12 :POST /api/ - 43ms
2020-3-14 18:2:12 :POST /api/ - 9ms
2020-3-14 18:2:12 :POST /api/ - 23ms
2020-3-14 18:2:12 :POST /api/ - 13ms
2020-3-14 18:2:12 :POST /api/ - 12ms
2020-3-14 18:2:12 :POST /api/ - 10ms
2020-3-14 18:2:12 :GET /getImg?imagePath=1584180107570 - 404
2020-3-14 18:2:12 :POST /api/ - 20ms
2020-3-14 18:2:12 :POST /api/ - 54ms
2020-3-14 18:2:12 :POST /api/ - 63ms
2020-3-14 18:2:12 :GET /getImg?imagePath=1584180107598 - 404
2020-3-14 18:2:12 :OPTIONS /api/ - 0ms
2020-3-14 18:2:12 :POST /api/ - 6ms
2020-3-14 18:2:12 :POST /api/ - 12ms
2020-3-14 18:2:12 :POST /api/ - 24ms
2020-3-14 18:2:12 :POST /api/ - 20ms
2020-3-14 18:2:12 :OPTIONS /api/ - 0ms
2020-3-14 18:2:12 :POST /api/ - 6ms
2020-3-14 18:2:12 :POST /api/ - 15ms
2020-3-14 18:2:12 :OPTIONS /api/ - 0ms
2020-3-14 18:2:12 :POST /api/ - 10ms
2020-3-14 18:2:12 :POST /api/ - 7ms
2020-3-14 18:2:12 :POST /api/ - 6ms
2020-3-14 18:2:12 :OPTIONS /api/ - 0ms
2020-3-14 18:2:12 :POST /api/ - 14ms
2020-3-14 18:2:12 :OPTIONS /api/ - 0ms
2020-3-14 18:2:12 :POST /api/ - 6ms
2020-3-14 18:2:12 :OPTIONS /api/ - 0ms
2020-3-14 18:2:12 :OPTIONS /api/ - 0ms
2020-3-14 18:2:12 :OPTIONS /api/ - 0ms
2020-3-14 18:7:40 :POST /api/ - 10ms
2020-3-14 18:7:40 :POST /api/ - 10ms
2020-3-14 18:7:40 :POST /api/ - 10ms
2020-3-14 18:7:40 :POST /api/ - 16ms
2020-3-14 18:9:30 :OPTIONS /api/ - 4ms
2020-3-14 18:9:30 :POST /api/ - 192ms
2020-3-14 18:9:30 :POST /api/ - 14ms
2020-3-14 18:9:30 :POST /api/ - 9ms
2020-3-14 18:7:40 :POST /api/ - 10ms
2020-3-14 18:9:30 :POST /api/ - 18ms
2020-3-14 18:9:30 :POST /api/ - 18ms
2020-3-14 18:9:30 :POST /api/ - 170ms
2020-3-14 18:9:30 :POST /api/ - 17ms
2020-3-14 18:9:30 :POST /api/ - 10ms
2020-3-14 18:7:40 :POST /api/ - 12ms
2020-3-14 18:9:30 :POST /api/ - 16ms
2020-3-14 18:9:30 :POST /api/ - 14ms
2020-3-14 18:9:30 :POST /api/ - 149ms