
2020-3-11 11:22:52 :OPTIONS /user/ - 4ms
2020-3-11 11:22:52 :OPTIONS /user/ - 0ms
2020-3-11 11:22:52 :OPTIONS /user/ - 5ms
2020-3-11 11:23:34 :OPTIONS /user/ - 4ms
2020-3-11 11:23:34 :POST /user/ - 238ms
2020-3-11 11:23:34 :POST /user/ - 10ms
2020-3-11 11:23:34 :POST /user/ - 20ms
2020-3-11 11:23:34 :POST /user/ - 21ms
2020-3-11 11:23:34 :POST /user/ - 20ms
2020-3-11 11:23:34 :GET /getImg?imagePath=1583386819855 - 404
2020-3-11 11:23:34 :GET /getImg?imagePath=1583377872263 - 404
2020-3-11 11:23:34 :GET /getImg?imagePath=1583386364001 - 404
2020-3-11 11:23:34 :POST /user/ - 21ms
2020-3-11 11:23:34 :POST /user/ - 20ms
2020-3-11 11:23:34 :POST /user/ - 46ms
2020-3-11 11:23:34 :GET /getImg?imagePath=1583377732506 - 404
2020-3-11 11:23:34 :GET /getImg?imagePath=1583386727006 - 404
2020-3-11 11:23:34 :GET /getImg?imagePath=1583386771391 - 404
2020-3-11 11:23:34 :GET /getImg?imagePath=1583385988192 - 404
2020-3-11 11:23:34 :POST /user/ - 898ms
2020-3-11 11:23:34 :OPTIONS /user/ - 1ms
2020-3-11 11:23:34 :OPTIONS /user/ - 0ms
2020-3-11 11:23:34 :POST /user/ - 15ms
2020-3-11 11:23:34 :OPTIONS /user/ - 0ms
2020-3-11 11:23:33 :GET /getImg?imagePath=1583386771391 - 404
2020-3-11 11:23:34 :GET /getImg?imagePath=1583386727006 - 404
2020-3-11 11:23:34 :GET /getImg?imagePath=1583385988192 - 404
2020-3-11 11:23:34 :GET /getImg?imagePath=1583377732506 - 404
2020-3-11 11:23:34 :POST /user/ - 672ms
2020-3-11 11:23:34 :POST /user/ - 384ms
2020-3-11 11:23:34 :POST /user/ - 7ms
2020-3-11 11:23:34 :GET /getImg?imagePath=1583377872263 - 404
2020-3-11 11:23:34 :OPTIONS /user/ - 0ms
2020-3-11 11:23:34 :POST /user/ - 14ms
2020-3-11 11:23:34 :OPTIONS /user/ - 0ms
2020-3-11 11:23:34 :POST /user/ - 8ms
2020-3-11 11:23:34 :OPTIONS /user/ - 0ms
2020-3-11 11:23:34 :OPTIONS /user/ - 0ms
2020-3-11 11:23:34 :OPTIONS /user/ - 1ms
2020-3-11 11:23:34 :POST /user/ - 14ms
2020-3-11 11:23:34 :POST /user/ - 19ms
2020-3-11 11:23:34 :POST /user/ - 25ms
2020-3-11 11:23:34 :POST /user/ - 37ms
2020-3-11 11:23:34 :POST /user/ - 92ms
2020-3-11 11:23:34 :POST /user/ - 46ms
2020-3-11 11:23:34 :POST /user/ - 53ms
2020-3-11 11:23:34 :POST /user/ - 68ms
2020-3-11 11:23:34 :POST /user/ - 75ms
2020-3-11 11:23:34 :POST /user/ - 36ms
2020-3-11 11:23:34 :POST /user/ - 39ms
2020-3-11 11:23:34 :OPTIONS /user/ - 0ms
2020-3-11 11:23:34 :POST /user/ - 7ms
2020-3-11 11:23:34 :OPTIONS /user/ - 0ms
2020-3-11 11:23:34 :POST /user/ - 7ms
2020-3-11 11:23:34 :OPTIONS /upFile - 1ms
2020-3-11 11:23:34 :POST /upFile - 20ms
2020-3-11 11:23:34 :OPTIONS /user/ - 0ms
2020-3-11 11:23:34 :POST /user/ - 52ms
2020-3-11 11:23:34 :OPTIONS /upFile - 0ms
2020-3-11 11:23:34 :POST /upFile - 22ms
2020-3-11 11:23:34 :OPTIONS /user/ - 0ms
2020-3-11 11:23:34 :POST /user/ - 13ms
2020-3-11 11:23:34 :OPTIONS /upFile - 1ms
2020-3-11 11:23:34 :POST /upFile - 15ms
2020-3-11 11:23:34 :POST /upFile - 14ms
2020-3-11 11:23:34 :OPTIONS /user/ - 2ms
2020-3-11 11:23:34 :POST /user/ - 25ms
2020-3-11 11:23:34 :POST /user/ - 7ms
2020-3-11 11:23:34 :POST /user/ - 6ms
2020-3-11 11:23:34 :OPTIONS /upFile - 1ms
2020-3-11 11:23:34 :POST /upFile - 15ms
2020-3-11 11:23:34 :OPTIONS /user/ - 1ms
2020-3-11 11:23:34 :POST /user/ - 30ms
2020-3-11 11:23:34 :OPTIONS /user/ - 0ms
2020-3-11 11:23:34 :POST /user/ - 13ms
2020-3-11 11:23:34 :POST /user/ - 6ms
2020-3-11 11:23:34 :OPTIONS /user/ - 0ms
2020-3-11 11:23:34 :POST /user/ - 10ms
2020-3-11 11:23:34 :POST /user/ - 6ms
2020-3-11 11:23:34 :OPTIONS /user/ - 0ms
2020-3-11 11:23:34 :POST /user/ - 7ms
2020-3-11 11:23:34 :POST /user/ - 10ms
2020-3-11 11:23:34 :POST /user/ - 23ms
2020-3-11 11:23:34 :POST /user/ - 11ms
2020-3-11 11:23:34 :POST /user/ - 16ms
2020-3-11 11:23:34 :GET /getImg?imagePath=1583386364001 - 404
2020-3-11 11:23:34 :POST /user/ - 31ms
2020-3-11 11:23:34 :POST /user/ - 39ms
2020-3-11 11:23:34 :GET /getImg?imagePath=1583377872263 - 404
2020-3-11 11:23:34 :GET /getImg?imagePath=1583377732506 - 404
2020-3-11 11:23:34 :GET /getImg?imagePath=1583386771391 - 404
2020-3-11 11:23:34 :GET /getImg?imagePath=1583386819855 - 404
2020-3-11 11:23:34 :GET /getImg?imagePath=1583385988192 - 404
2020-3-11 11:23:34 :GET /getImg?imagePath=1583386727006 - 404
2020-3-11 11:23:34 :POST /user/ - 942ms
2020-3-11 11:23:34 :POST /user/ - 170ms
2020-3-11 11:23:34 :OPTIONS /user/ - 0ms
2020-3-11 11:23:34 :OPTIONS /user/ - 0ms
2020-3-11 11:23:34 :POST /user/ - 10ms
2020-3-11 11:23:34 :POST /user/ - 14ms
2020-3-11 11:23:34 :POST /user/ - 12ms
2020-3-11 11:22:52 :GET /getImg?imagePath=1583386727006 - 404
2020-3-11 11:23:34 :GET /getImg?imagePath=1583377732506 - 404
2020-3-11 11:23:33 :GET /getImg?imagePath=1583385988192 - 404
2020-3-11 11:23:34 :GET /getImg?imagePath=1583386771391 - 404
2020-3-11 11:23:34 :POST /user/ - 553ms
2020-3-11 11:23:34 :GET /getImg?imagePath=1583377872263 - 404
2020-3-11 11:23:34 :GET /favicon.ico - 0ms
2020-3-11 11:22:52 :OPTIONS /user/ - 0ms
2020-3-11 11:23:34 :POST /user/ - 19ms
2020-3-11 11:23:34 :POST /user/ - 19ms
2020-3-11 11:22:52 :POST /user/ - 364ms
2020-3-11 11:22:52 :POST /user/ - 407ms
2020-3-11 11:23:33 :POST /user/ - 485ms
2020-3-11 11:22:52 :POST /user/ - 206ms
2020-3-11 11:22:52 :POST /user/ - 29ms
2020-3-11 11:23:33 :POST /user/ - 22ms
2020-3-11 11:22:52 :POST /user/ - 27ms
2020-3-11 11:22:52 :POST /user/ - 10ms
2020-3-11 11:22:52 :POST /user/ - 13ms
2020-3-11 11:23:33 :POST /user/ - 13ms
2020-3-11 11:22:52 :POST /user/ - 15ms
2020-3-11 11:22:52 :POST /user/ - 13ms
2020-3-11 11:23:33 :POST /user/ - 21ms
2020-3-11 11:23:33 :POST /user/ - 39ms
2020-3-11 11:22:52 :GET /getImg?imagePath=1583386364001 - 404
2020-3-11 11:22:52 :GET /getImg?imagePath=1583386819855 - 404
2020-3-11 11:22:52 :POST /user/ - 183ms
2020-3-11 11:22:52 :POST /user/ - 193ms
2020-3-11 11:22:52 :POST /user/ - 12ms
2020-3-11 11:22:52 :POST /user/ - 7ms
2020-3-11 11:22:52 :POST /user/ - 20ms
2020-3-11 11:22:52 :POST /user/ - 15ms
2020-3-11 11:23:33 :POST /user/ - 19ms
2020-3-11 11:23:33 :POST /user/ - 16ms
2020-3-11 11:22:52 :POST /user/ - 22ms
2020-3-11 11:22:52 :POST /user/ - 23ms
2020-3-11 11:22:52 :POST /user/ - 188ms
2020-3-11 11:22:52 :OPTIONS /user/ - 0ms
2020-3-11 11:22:52 :POST /user/ - 6ms
2020-3-11 11:22:52 :POST /user/ - 9ms
2020-3-11 11:22:52 :POST /user/ - 11ms
2020-3-11 11:23:33 :POST /user/ - 9ms
2020-3-11 11:22:52 :POST /user/ - 15ms
2020-3-11 11:23:33 :POST /user/ - 17ms
2020-3-11 11:22:52 :POST /user/ - 20ms
2020-3-11 11:22:52 :POST /user/ - 22ms
2020-3-11 11:22:52 :POST /user/ - 353ms
2020-3-11 11:23:33 :POST /user/ - 16ms
2020-3-11 11:22:52 :POST /user/ - 19ms
2020-3-11 11:22:52 :POST /user/ - 21ms
2020-3-11 11:22:52 :POST /user/ - 183ms
2020-3-11 11:22:52 :POST /user/ - 20ms
2020-3-11 11:22:52 :POST /user/ - 9ms
2020-3-11 11:23:33 :POST /user/ - 13ms
2020-3-11 11:22:52 :POST /user/ - 14ms
2020-3-11 11:22:52 :POST /user/ - 23ms
2020-3-11 11:23:33 :OPTIONS /user/ - 1ms
2020-3-11 11:22:52 :OPTIONS /user/ - 1ms
2020-3-11 11:22:52 :OPTIONS /user/ - 0ms
2020-3-11 11:23:33 :POST /user/ - 12ms
2020-3-11 11:22:52 :POST /user/ - 13ms
2020-3-11 11:22:52 :POST /user/ - 45ms
2020-3-11 11:22:52 :POST /user/ - 179ms
2020-3-11 11:22:52 :OPTIONS /user/ - 0ms
2020-3-11 11:22:52 :OPTIONS /user/ - 0ms
2020-3-11 11:23:33 :POST /user/ - 10ms
2020-3-11 11:22:52 :POST /user/ - 11ms
2020-3-11 11:22:52 :POST /user/ - 10ms
2020-3-11 11:22:52 :POST /user/ - 203ms
2020-3-11 11:22:52 :POST /user/ - 12ms
2020-3-11 11:22:52 :POST /user/ - 5ms
2020-3-11 11:23:33 :POST /user/ - 11ms
2020-3-11 11:22:52 :POST /user/ - 14ms
2020-3-11 11:22:52 :POST /user/ - 12ms
2020-3-11 11:23:33 :POST /user/ - 17ms
2020-3-11 11:22:52 :POST /user/ - 23ms
2020-3-11 11:22:52 :POST /user/ - 11ms
2020-3-11 11:22:52 :POST /user/ - 214ms
2020-3-11 11:23:33 :OPTIONS /user/ - 0ms
2020-3-11 11:22:52 :OPTIONS /user/ - 0ms
2020-3-11 11:22:52 :OPTIONS /user/ - 0ms
2020-3-11 11:22:52 :POST /user/ - 6ms
2020-3-11 11:23:33 :POST /user/ - 8ms
2020-3-11 11:22:52 :POST /user/ - 8ms
2020-3-11 11:23:34 :GET /getImg?imagePath=1583386727006 - 404
2020-3-11 11:23:33 :GET /getImg?imagePath=1583377732506 - 404
2020-3-11 11:23:33 :GET /getImg?imagePath=1583385988192 - 404
2020-3-11 11:22:52 :GET /getImg?imagePath=1583386771391 - 404
2020-3-11 11:22:52 :POST /user/ - 701ms
2020-3-11 11:22:52 :GET /getImg?imagePath=1583377872263 - 404
2020-3-11 11:23:33 :GET /getImg?imagePath=1583386771391 - 404
2020-3-11 11:22:52 :OPTIONS /user/ - 0ms
2020-3-11 11:22:52 :POST /user/ - 4ms
2020-3-11 11:22:52 :OPTIONS /upFile - 0ms
2020-3-11 11:22:52 :POST /upFile - 27ms
2020-3-11 11:22:52 :GET /getImg?imagePath=1583897910204 - 404
2020-3-11 11:22:52 :OPTIONS /user/ - 0ms
2020-3-11 11:22:52 :POST /user/ - 29ms
2020-3-11 11:22:52 :OPTIONS /upFile - 1ms
2020-3-11 11:22:52 :POST /upFile - 27ms
2020-3-11 11:22:52 :GET /getImg?imagePath=1583897915574 - 404
2020-3-11 11:22:52 :OPTIONS /user/ - 0ms
2020-3-11 11:22:52 :POST /user/ - 35ms
2020-3-11 11:22:52 :OPTIONS /upFile - 0ms
2020-3-11 11:22:52 :POST /upFile - 9ms
2020-3-11 11:22:52 :GET /getImg?imagePath=1583897920764 - 404
2020-3-11 11:22:52 :OPTIONS /user/ - 0ms
2020-3-11 11:22:52 :POST /user/ - 29ms
2020-3-11 11:22:52 :OPTIONS /upFile - 0ms
2020-3-11 11:22:52 :POST /upFile - 11ms
2020-3-11 11:22:52 :GET /getImg?imagePath=1583897926274 - 404
2020-3-11 11:22:52 :OPTIONS /user/ - 0ms
2020-3-11 11:22:52 :POST /user/ - 29ms
2020-3-11 11:22:52 :POST /user/ - 8ms
2020-3-11 11:22:52 :POST /user/ - 13ms
2020-3-11 11:23:33 :POST /user/ - 13ms
2020-3-11 11:22:52 :POST /user/ - 22ms
2020-3-11 11:22:52 :POST /user/ - 16ms
2020-3-11 11:23:33 :GET /getImg?imagePath=1583386364001 - 404
2020-3-11 11:23:33 :POST /user/ - 9ms
2020-3-11 11:23:33 :POST /user/ - 18ms
2020-3-11 11:22:52 :GET /getImg?imagePath=1583386819855 - 404
2020-3-11 11:22:52 :POST /user/ - 225ms
2020-3-11 11:22:52 :POST /user/ - 224ms
2020-3-11 11:22:52 :GET /getImg?imagePath=1583897920764 - 404
2020-3-11 11:23:34 :GET /getImg?imagePath=1583897915574 - 404
2020-3-11 11:23:33 :GET /getImg?imagePath=1583897910204 - 404
2020-3-11 11:23:33 :GET /getImg?imagePath=1583897926274 - 404
2020-3-11 11:23:33 :OPTIONS /user/ - 1ms
2020-3-11 11:23:33 :POST /user/ - 9ms
2020-3-11 11:23:33 :POST /user/ - 7ms
2020-3-11 11:23:33 :POST /user/ - 7ms
2020-3-11 11:23:34 :POST /user/ - 12ms
2020-3-11 11:23:33 :POST /user/ - 16ms
2020-3-11 11:23:33 :POST /user/ - 21ms
2020-3-11 11:23:33 :POST /user/ - 8ms
2020-3-11 11:23:33 :POST /user/ - 6ms
2020-3-11 11:23:33 :POST /user/ - 8ms
2020-3-11 11:23:33 :POST /user/ - 10ms
2020-3-11 11:23:33 :POST /user/ - 8ms
2020-3-11 11:23:34 :POST /user/ - 21ms
2020-3-11 11:23:33 :POST /user/ - 12ms
2020-3-11 11:23:33 :POST /user/ - 29ms
2020-3-11 11:23:34 :OPTIONS /user/ - 0ms
2020-3-11 11:23:33 :OPTIONS /user/ - 1ms
2020-3-11 11:23:33 :OPTIONS /user/ - 0ms
2020-3-11 11:23:34 :POST /user/ - 12ms
2020-3-11 11:23:33 :POST /user/ - 15ms
2020-3-11 11:23:33 :POST /user/ - 19ms
2020-3-11 11:23:33 :POST /user/ - 236ms
2020-3-11 11:23:33 :OPTIONS /user/ - 0ms
2020-3-11 11:23:33 :POST /user/ - 12ms
2020-3-11 11:23:33 :POST /user/ - 31ms
2020-3-11 11:43:37 :POST /user/ - 226ms
2020-3-11 11:43:37 :POST /user/ - 6ms
2020-3-11 11:43:37 :POST /user/ - 22ms
2020-3-11 11:43:37 :POST /user/ - 19ms
2020-3-11 11:43:37 :GET /getImg?imagePath=1583377872263 - 404
2020-3-11 11:43:37 :GET /getImg?imagePath=1583386364001 - 404
2020-3-11 11:43:37 :POST /user/ - 424ms
2020-3-11 11:43:37 :GET /getImg?imagePath=1583386819855 - 404
2020-3-11 11:43:37 :POST /user/ - 9ms
2020-3-11 11:43:37 :POST /user/ - 9ms
2020-3-11 11:43:37 :POST /user/ - 6ms
2020-3-11 11:43:37 :POST /user/ - 7ms
2020-3-11 11:43:37 :OPTIONS /user/ - 1ms
2020-3-11 11:43:37 :POST /user/ - 6ms
2020-3-11 11:43:37 :POST /user/ - 10ms
2020-3-11 11:43:37 :POST /user/ - 11ms
2020-3-11 11:43:37 :POST /user/ - 11ms
2020-3-11 11:43:37 :POST /user/ - 8ms
2020-3-11 11:43:37 :OPTIONS /user/ - 1ms
2020-3-11 11:43:37 :OPTIONS /user/ - 0ms
2020-3-11 11:22:52 :OPTIONS /user/ - 1ms
2020-3-11 11:22:52 :POST /user/ - 12ms
2020-3-11 11:43:37 :POST /user/ - 12ms
2020-3-11 11:43:37 :POST /user/ - 14ms
2020-3-11 11:43:37 :POST /user/ - 6ms
2020-3-11 11:23:34 :GET /getImg?imagePath=1583897915574 - 404
2020-3-11 11:22:52 :GET /getImg?imagePath=1583377732506 - 404
2020-3-11 11:43:37 :GET /getImg?imagePath=1583385988192 - 404
2020-3-11 11:43:37 :GET /getImg?imagePath=1583386771391 - 404
2020-3-11 11:43:37 :GET /getImg?imagePath=1583897910204 - 404
2020-3-11 11:43:37 :GET /getImg?imagePath=1583897920764 - 404
2020-3-11 11:43:37 :GET /getImg?imagePath=1583386727006 - 404
2020-3-11 11:43:37 :GET /getImg?imagePath=1583897926274 - 404
2020-3-11 11:22:52 :OPTIONS /user/ - 0ms
2020-3-11 11:22:52 :OPTIONS /user/ - 0ms
2020-3-11 11:43:37 :POST /user/ - 50ms
2020-3-11 11:22:52 :POST /user/ - 55ms
2020-3-11 11:22:52 :POST /user/ - 55ms
2020-3-11 11:43:37 :OPTIONS /user/ - 0ms
2020-3-11 11:43:37 :OPTIONS /user/ - 0ms
2020-3-11 11:43:37 :POST /user/ - 18ms
2020-3-11 11:43:37 :POST /user/ - 20ms
2020-3-11 11:43:37 :POST /user/ - 21ms
2020-3-11 11:43:37 :POST /user/ - 190ms
2020-3-11 11:43:37 :OPTIONS /user/ - 0ms
2020-3-11 11:22:52 :POST /user/ - 12ms
2020-3-11 11:43:37 :OPTIONS /user/ - 0ms
2020-3-11 11:43:37 :OPTIONS /user/ - 0ms
2020-3-11 11:43:37 :POST /user/ - 42ms
2020-3-11 11:43:37 :POST /user/ - 42ms
2020-3-11 11:43:37 :POST /user/ - 43ms
2020-3-11 11:22:52 :OPTIONS /user/ - 1ms
2020-3-11 11:22:52 :OPTIONS /user/ - 0ms
2020-3-11 11:22:52 :POST /user/ - 14ms
2020-3-11 11:22:52 :POST /user/ - 19ms
2020-3-11 11:22:52 :POST /user/ - 26ms
2020-3-11 11:22:52 :POST /user/ - 15ms
2020-3-11 11:22:52 :POST /user/ - 18ms
2020-3-11 11:22:52 :POST /user/ - 19ms
2020-3-11 11:22:52 :POST /user/ - 249ms
2020-3-11 11:22:52 :OPTIONS /user/ - 0ms
2020-3-11 11:22:52 :POST /user/ - 10ms
2020-3-11 11:22:52 :POST /user/ - 17ms
2020-3-11 11:22:52 :POST /user/ - 28ms
2020-3-11 11:22:52 :POST /user/ - 17ms
2020-3-11 11:22:52 :POST /user/ - 18ms
2020-3-11 11:22:52 :POST /user/ - 11ms
2020-3-11 11:22:52 :POST /user/ - 7ms
2020-3-11 11:22:52 :POST /user/ - 6ms
2020-3-11 11:22:52 :OPTIONS /user/ - 1ms
2020-3-11 11:22:52 :POST /user/ - 8ms
2020-3-11 11:22:52 :OPTIONS /user/ - 0ms
2020-3-11 11:22:52 :POST /user/ - 13ms
2020-3-11 11:22:52 :OPTIONS /user/ - 0ms
2020-3-11 11:22:52 :POST /user/ - 15ms
2020-3-11 11:22:52 :OPTIONS /user/ - 0ms
2020-3-11 11:22:52 :POST /user/ - 6ms
2020-3-11 11:22:52 :OPTIONS /user/ - 1ms
2020-3-11 11:22:52 :POST /user/ - 7ms
2020-3-11 11:43:37 :GET /getImg?imagePath=1583386727006 - 404
2020-3-11 11:43:37 :GET /getImg?imagePath=1583386771391 - 404
2020-3-11 11:22:52 :GET /getImg?imagePath=1583377732506 - 404
2020-3-11 11:22:52 :GET /getImg?imagePath=1583385988192 - 404
2020-3-11 11:22:52 :POST /user/ - 7ms
2020-3-11 11:22:52 :OPTIONS /user/ - 0ms
2020-3-11 11:22:52 :POST /user/ - 9ms
2020-3-11 11:22:52 :POST /user/ - 8ms
2020-3-11 11:22:52 :POST /user/ - 15ms
2020-3-11 11:22:52 :POST /user/ - 16ms
2020-3-11 11:22:52 :POST /user/ - 12ms
2020-3-11 11:22:52 :POST /user/ - 10ms
2020-3-11 11:22:52 :POST /user/ - 32ms
2020-3-11 11:22:52 :GET /getImg?imagePath=1583377872263 - 404
2020-3-11 11:22:52 :OPTIONS /user/ - 0ms
2020-3-11 11:22:52 :POST /user/ - 6ms
2020-3-11 11:22:52 :OPTIONS /user/ - 0ms
2020-3-11 11:22:52 :POST /user/ - 8ms
2020-3-11 11:22:52 :POST /user/ - 6ms
2020-3-11 11:22:52 :GET /getImg?imagePath=1583897910204 - 404
2020-3-11 11:22:52 :OPTIONS /user/ - 0ms
2020-3-11 11:22:52 :POST /user/ - 9ms
2020-3-11 11:43:37 :POST /user/ - 11ms
2020-3-11 11:43:37 :POST /user/ - 16ms
2020-3-11 11:43:37 :POST /user/ - 13ms
2020-3-11 11:43:37 :POST /user/ - 39ms
2020-3-11 11:43:37 :OPTIONS /user/ - 0ms
2020-3-11 11:43:37 :POST /user/ - 6ms
2020-3-11 11:43:37 :GET /getImg?imagePath=1583385988192 - 404
2020-3-11 11:43:37 :GET /getImg?imagePath=1583386727006 - 404
2020-3-11 11:23:34 :GET /getImg?imagePath=1583386771391 - 404
2020-3-11 11:48:57 :OPTIONS /user/ - 4ms
2020-3-11 11:48:57 :OPTIONS /user/ - 0ms
2020-3-11 11:48:57 :POST /user/ - 820ms
2020-3-11 11:48:57 :POST /user/ - 56ms
2020-3-11 11:23:34 :GET /getImg?imagePath=1583897926274 - 404
2020-3-11 11:43:37 :GET /getImg?imagePath=1583897915574 - 404
2020-3-11 11:43:37 :GET /getImg?imagePath=1583897920764 - 404
2020-3-11 11:48:57 :POST /user/ - 696ms
2020-3-11 11:48:57 :GET /getImg?imagePath=1583377872263 - 404
2020-3-11 11:48:57 :OPTIONS /user/ - 1ms
2020-3-11 11:48:57 :POST /user/ - 17ms
2020-3-11 11:48:57 :OPTIONS /user/ - 1ms
2020-3-11 11:48:57 :POST /user/ - 18ms
2020-3-11 11:48:57 :POST /user/ - 13ms
2020-3-11 11:48:57 :POST /user/ - 15ms
2020-3-11 11:48:57 :POST /user/ - 22ms
2020-3-11 11:48:57 :GET /getImg?imagePath=1583897910204 - 404
2020-3-11 11:43:37 :GET /getImg?imagePath=1583897915574 - 404
2020-3-11 11:23:34 :GET /getImg?imagePath=1583897920764 - 404
2020-3-11 11:23:34 :GET /getImg?imagePath=1583377732506 - 404
2020-3-11 11:43:37 :GET /getImg?imagePath=1583385988192 - 404
2020-3-11 11:48:57 :GET /getImg?imagePath=1583897926274 - 404
2020-3-11 11:48:57 :GET /getImg?imagePath=1583386727006 - 404
2020-3-11 11:23:34 :GET /getImg?imagePath=1583386771391 - 404
2020-3-11 11:48:57 :POST /user/ - 1124ms
2020-3-11 11:23:34 :GET /getImg?imagePath=1583377872263 - 404
2020-3-11 11:48:57 :POST /user/ - 13ms
2020-3-11 11:43:37 :OPTIONS /user/ - 1ms
2020-3-11 11:48:57 :OPTIONS /user/ - 0ms
2020-3-11 11:43:37 :OPTIONS /user/ - 0ms
2020-3-11 11:48:57 :POST /user/ - 70ms
2020-3-11 11:43:37 :POST /user/ - 50ms
2020-3-11 11:43:37 :POST /user/ - 82ms
2020-3-11 11:48:57 :GET /getImg?imagePath=1583897910204 - 404
2020-3-11 11:23:34 :GET /getImg?imagePath=1583897915574 - 404
2020-3-11 11:43:37 :GET /getImg?imagePath=1583897920764 - 404
2020-3-11 11:48:57 :GET /getImg?imagePath=1583377872263 - 404
2020-3-11 11:23:34 :GET /getImg?imagePath=1583386771391 - 404
2020-3-11 11:43:37 :GET /getImg?imagePath=1583385988192 - 404
2020-3-11 11:43:37 :GET /getImg?imagePath=1583377732506 - 404
2020-3-11 11:43:37 :POST /user/ - 709ms
2020-3-11 11:43:37 :GET /getImg?imagePath=1583897926274 - 404
2020-3-11 11:43:37 :GET /getImg?imagePath=1583386727006 - 404
2020-3-11 11:43:37 :OPTIONS /user/ - 0ms
2020-3-11 11:43:37 :OPTIONS /user/ - 0ms
2020-3-11 11:43:37 :OPTIONS /user/ - 0ms
2020-3-11 11:43:37 :POST /user/ - 10ms
2020-3-11 11:43:37 :POST /user/ - 18ms
2020-3-11 11:43:37 :POST /user/ - 17ms
2020-3-11 11:23:34 :GET /getImg?imagePath=1583385988192 - 404
2020-3-11 11:43:37 :GET /getImg?imagePath=1583897910204 - 404
2020-3-11 11:23:34 :GET /getImg?imagePath=1583386771391 - 404
2020-3-11 11:43:37 :GET /getImg?imagePath=1583897920764 - 404
2020-3-11 11:43:37 :GET /getImg?imagePath=1583897915574 - 404
2020-3-11 11:43:37 :GET /getImg?imagePath=1583386727006 - 404
2020-3-11 11:43:37 :POST /user/ - 1086ms
2020-3-11 11:43:37 :GET /getImg?imagePath=1583897926274 - 404
2020-3-11 11:43:37 :GET /getImg?imagePath=1583377732506 - 404
2020-3-11 11:43:37 :GET /getImg?imagePath=1583377872263 - 404
2020-3-11 11:23:34 :OPTIONS /user/ - 0ms
2020-3-11 11:23:34 :OPTIONS /user/ - 0ms
2020-3-11 11:23:34 :OPTIONS /user/ - 0ms
2020-3-11 11:23:34 :POST /user/ - 20ms
2020-3-11 11:23:34 :POST /user/ - 18ms
2020-3-11 11:23:34 :POST /user/ - 17ms
2020-3-11 11:43:37 :GET /getImg?imagePath=1583377732506 - 404
2020-3-11 11:43:37 :GET /getImg?imagePath=1583386727006 - 404
2020-3-11 11:43:37 :GET /getImg?imagePath=1583897915574 - 404
2020-3-11 11:23:34 :GET /getImg?imagePath=1583897910204 - 404
2020-3-11 11:23:34 :GET /getImg?imagePath=1583897926274 - 404
2020-3-11 11:43:37 :GET /getImg?imagePath=1583385988192 - 404
2020-3-11 11:23:34 :GET /getImg?imagePath=1583897920764 - 404
2020-3-11 11:23:34 :GET /getImg?imagePath=1583386771391 - 404
2020-3-11 11:23:34 :POST /user/ - 700ms
2020-3-11 11:23:34 :GET /getImg?imagePath=1583377872263 - 404
2020-3-11 11:23:34 :OPTIONS /user/ - 0ms
2020-3-11 11:23:34 :OPTIONS /user/ - 0ms
2020-3-11 11:23:34 :OPTIONS /user/ - 0ms
2020-3-11 11:23:34 :POST /user/ - 18ms
2020-3-11 11:23:34 :POST /user/ - 19ms
2020-3-11 11:23:34 :POST /user/ - 21ms
2020-3-11 11:23:34 :GET /getImg?imagePath=1583897910204 - 404
2020-3-11 11:43:37 :GET /getImg?imagePath=1583897926274 - 404
2020-3-11 11:23:34 :GET /getImg?imagePath=1583897915574 - 404
2020-3-11 11:23:34 :POST /user/ - 688ms
2020-3-11 11:43:37 :GET /getImg?imagePath=1583897920764 - 404
2020-3-11 11:43:37 :GET /getImg?imagePath=1583385988192 - 404
2020-3-11 11:43:37 :GET /getImg?imagePath=1583386727006 - 404
2020-3-11 11:23:34 :GET /getImg?imagePath=1583377872263 - 404
2020-3-11 11:43:37 :GET /getImg?imagePath=1583377732506 - 404
2020-3-11 11:43:37 :GET /getImg?imagePath=1583386771391 - 404
2020-3-11 11:43:37 :OPTIONS /user/ - 1ms
2020-3-11 11:43:37 :OPTIONS /user/ - 0ms
2020-3-11 11:43:37 :POST /user/ - 11ms
2020-3-11 11:43:37 :POST /user/ - 8ms
2020-3-11 11:43:37 :POST /user/ - 10ms
2020-3-11 11:43:37 :POST /user/ - 8ms
2020-3-11 11:43:37 :OPTIONS /user/ - 0ms
2020-3-11 11:43:37 :POST /user/ - 16ms
2020-3-11 11:43:37 :POST /user/ - 21ms
2020-3-11 11:23:34 :POST /user/ - 20ms
2020-3-11 11:43:37 :POST /user/ - 22ms
2020-3-11 11:23:34 :GET /getImg?imagePath=1583897910204 - 404
2020-3-11 11:43:37 :GET /getImg?imagePath=1583897915574 - 404
2020-3-11 11:23:34 :GET /getImg?imagePath=1583897926274 - 404
2020-3-11 11:43:37 :GET /getImg?imagePath=1583385988192 - 404
2020-3-11 11:43:37 :GET /getImg?imagePath=1583897920764 - 404
2020-3-11 11:43:37 :GET /getImg?imagePath=1583377732506 - 404
2020-3-11 11:43:37 :GET /getImg?imagePath=1583386727006 - 404
2020-3-11 11:43:37 :POST /user/ - 1034ms
2020-3-11 11:43:37 :GET /getImg?imagePath=1583377872263 - 404
2020-3-11 11:43:37 :GET /getImg?imagePath=1583386771391 - 404
2020-3-11 11:43:37 :OPTIONS /user/ - 0ms
2020-3-11 11:43:37 :POST /user/ - 11ms
2020-3-11 11:43:37 :POST /user/ - 10ms
2020-3-11 11:43:37 :POST /user/ - 9ms
2020-3-11 11:43:37 :OPTIONS /user/ - 0ms
2020-3-11 11:43:37 :POST /user/ - 9ms
2020-3-11 11:43:37 :OPTIONS /user/ - 1ms
2020-3-11 11:43:37 :POST /user/ - 6ms
2020-3-11 11:43:37 :GET /getImg?imagePath=1583386886757 - 404
2020-3-11 11:43:37 :POST /user/ - 43ms
2020-3-11 11:43:37 :POST /user/ - 33ms
2020-3-11 11:43:37 :POST /user/ - 35ms
2020-3-11 11:43:37 :POST /user/ - 69ms
2020-3-11 11:43:37 :GET /getImg?imagePath=1583897910204 - 404
2020-3-11 11:43:37 :GET /getImg?imagePath=1583897926274 - 404
2020-3-11 11:23:34 :GET /getImg?imagePath=1583897920764 - 404
2020-3-11 11:43:37 :GET /getImg?imagePath=1583897915574 - 404
2020-3-11 11:43:37 :POST /user/ - 332ms
2020-3-11 11:43:37 :GET /getImg?imagePath=1583386727006 - 404
2020-3-11 11:43:37 :GET /getImg?imagePath=1583386771391 - 404
2020-3-11 11:43:37 :GET /getImg?imagePath=1583377872263 - 404
2020-3-11 11:23:34 :GET /getImg?imagePath=1583377732506 - 404
2020-3-11 11:23:34 :GET /getImg?imagePath=1583385988192 - 404
2020-3-11 11:43:37 :OPTIONS /user/ - 0ms
2020-3-11 11:43:37 :POST /user/ - 9ms
2020-3-11 11:43:37 :POST /user/ - 16ms
2020-3-11 11:43:37 :POST /user/ - 66ms
2020-3-11 11:43:37 :OPTIONS /user/ - 0ms
2020-3-11 11:43:37 :OPTIONS /user/ - 0ms
2020-3-11 11:43:37 :OPTIONS /user/ - 0ms
2020-3-11 11:43:37 :POST /user/ - 23ms
2020-3-11 11:43:37 :POST /user/ - 17ms
2020-3-11 11:43:37 :POST /user/ - 18ms
2020-3-11 11:43:37 :POST /user/ - 256ms
2020-3-11 11:43:37 :OPTIONS /user/ - 0ms
2020-3-11 11:43:37 :POST /user/ - 26ms
2020-3-11 11:43:37 :POST /user/ - 10ms
2020-3-11 11:23:34 :POST /user/ - 42ms
2020-3-11 11:43:37 :POST /user/ - 44ms
2020-3-11 11:43:37 :POST /user/ - 45ms
2020-3-11 11:23:34 :GET /getImg?imagePath=1583386819855 - 404
2020-3-11 11:23:34 :GET /getImg?imagePath=1583386364001 - 404
2020-3-11 11:43:37 :POST /user/ - 8ms
2020-3-11 11:43:37 :POST /user/ - 12ms
2020-3-11 11:43:37 :POST /user/ - 8ms
2020-3-11 11:43:37 :OPTIONS /user/ - 0ms
2020-3-11 11:43:37 :POST /user/ - 5ms
2020-3-11 11:43:37 :POST /user/ - 12ms
2020-3-11 11:43:37 :POST /user/ - 16ms
2020-3-11 11:23:34 :POST /user/ - 15ms
2020-3-11 11:23:34 :POST /user/ - 15ms
2020-3-11 11:23:34 :POST /user/ - 23ms
2020-3-11 11:23:34 :POST /user/ - 15ms
2020-3-11 11:43:37 :POST /user/ - 8ms
2020-3-11 11:23:34 :OPTIONS /user/ - 1ms
2020-3-11 11:23:34 :POST /user/ - 12ms
2020-3-11 11:23:34 :POST /user/ - 10ms
2020-3-11 11:23:34 :POST /user/ - 20ms
2020-3-11 11:23:34 :POST /user/ - 18ms
2020-3-11 11:23:34 :POST /user/ - 19ms
2020-3-11 11:23:34 :POST /user/ - 13ms
2020-3-11 11:23:34 :OPTIONS /user/ - 0ms
2020-3-11 11:23:34 :POST /user/ - 5ms
2020-3-11 11:23:34 :POST /user/ - 10ms
2020-3-11 11:43:37 :POST /user/ - 17ms
2020-3-11 11:23:34 :POST /user/ - 42ms
2020-3-11 11:23:34 :POST /user/ - 12ms
2020-3-11 11:23:34 :GET /getImg?imagePath=1583386886757 - 404
2020-3-11 11:23:34 :OPTIONS /user/ - 0ms
2020-3-11 11:23:34 :POST /user/ - 10ms
2020-3-11 11:23:34 :POST /user/ - 20ms
2020-3-11 11:23:34 :GET /getImg?imagePath=1583386886757 - 404
2020-3-11 11:23:34 :POST /user/ - 44ms
2020-3-11 11:23:34 :POST /user/ - 8ms
2020-3-11 11:23:34 :POST /user/ - 14ms
2020-3-11 11:23:34 :POST /user/ - 14ms
2020-3-11 11:23:34 :POST /user/ - 15ms
2020-3-11 11:43:37 :GET /getImg?imagePath=1583386819855 - 404
2020-3-11 11:23:34 :GET /getImg?imagePath=1583377872263 - 404
2020-3-11 11:23:34 :GET /getImg?imagePath=1583386364001 - 404
2020-3-11 11:23:34 :OPTIONS /user/ - 0ms
2020-3-11 11:23:34 :POST /user/ - 8ms
2020-3-11 11:23:34 :POST /user/ - 9ms
2020-3-11 11:23:34 :POST /user/ - 31ms
2020-3-11 14:36:12 :OPTIONS /user/ - 3ms
2020-3-11 14:36:12 :POST /user/ - 209ms
2020-3-11 14:36:12 :POST /user/ - 9ms
2020-3-11 14:36:12 :POST /user/ - 9ms
2020-3-11 14:36:12 :POST /user/ - 6ms
2020-3-11 14:36:12 :POST /user/ - 6ms
2020-3-11 14:36:12 :POST /user/ - 7ms
2020-3-11 14:36:12 :POST /user/ - 15ms
2020-3-11 14:36:12 :POST /user/ - 46ms
2020-3-11 14:36:12 :POST /user/ - 233ms
2020-3-11 14:36:12 :OPTIONS /user/ - 1ms
2020-3-11 14:36:12 :POST /user/ - 8ms
2020-3-11 14:36:12 :POST /user/ - 16ms
2020-3-11 14:36:12 :POST /user/ - 43ms
2020-3-11 14:36:12 :POST /user/ - 19ms
2020-3-11 14:36:12 :POST /user/ - 17ms
2020-3-11 14:36:12 :POST /user/ - 14ms
2020-3-11 14:36:12 :POST /user/ - 9ms
2020-3-11 14:36:12 :OPTIONS /user/ - 0ms
2020-3-11 14:40:45 :POST /user/ - 280ms
2020-3-11 14:40:45 :OPTIONS /user/ - 1ms
2020-3-11 14:40:45 :POST /user/ - 17ms
2020-3-11 14:40:45 :POST /user/ - 13ms
2020-3-11 14:40:45 :POST /user/ - 23ms
2020-3-11 14:40:45 :POST /user/ - 29ms
2020-3-11 14:40:45 :POST /user/ - 336ms
2020-3-11 14:40:45 :POST /user/ - 8ms
2020-3-11 14:40:45 :POST /user/ - 11ms
2020-3-11 14:40:45 :POST /user/ - 11ms
2020-3-11 14:40:45 :GET /getImg?imagePath=1583386364045 - 404
2020-3-11 14:40:45 :OPTIONS /user/ - 0ms
2020-3-11 14:40:45 :POST /user/ - 80ms
2020-3-11 14:40:45 :POST /user/ - 9ms
2020-3-11 14:40:45 :POST /user/ - 12ms
2020-3-11 14:40:45 :POST /user/ - 17ms
2020-3-11 14:40:45 :POST /user/ - 23ms
2020-3-11 14:40:45 :OPTIONS /user/ - 0ms
2020-3-11 14:40:45 :POST /user/ - 11ms
2020-3-11 14:40:45 :POST /user/ - 11ms
2020-3-11 14:40:45 :POST /user/ - 31ms
2020-3-11 14:40:45 :POST /user/ - 15ms
2020-3-11 14:40:45 :GET /getImg?imagePath=1583897926274 - 404
2020-3-11 11:43:37 :GET /getImg?imagePath=1583897920764 - 404
2020-3-11 11:48:57 :GET /getImg?imagePath=1583897915574 - 404
2020-3-11 11:43:37 :GET /getImg?imagePath=1583386727006 - 404
2020-3-11 11:48:57 :GET /getImg?imagePath=1583377732506 - 404
2020-3-11 11:48:57 :GET /getImg?imagePath=1583385988192 - 404
2020-3-11 14:40:45 :POST /user/ - 1016ms
2020-3-11 14:40:45 :GET /getImg?imagePath=1583897910204 - 404
2020-3-11 14:40:45 :GET /getImg?imagePath=1583386771391 - 404
2020-3-11 14:40:45 :OPTIONS /user/ - 0ms
2020-3-11 14:40:45 :POST /user/ - 9ms
2020-3-11 14:40:45 :OPTIONS /user/ - 0ms
2020-3-11 14:40:45 :POST /user/ - 16ms
2020-3-11 14:40:45 :OPTIONS /user/ - 0ms
2020-3-11 14:40:45 :OPTIONS /user/ - 0ms
2020-3-11 14:40:45 :POST /user/ - 12ms
2020-3-11 14:40:45 :POST /user/ - 11ms
2020-3-11 14:40:45 :POST /user/ - 7ms
2020-3-11 11:48:57 :GET /getImg?imagePath=1583385988192 - 404
2020-3-11 14:40:45 :GET /getImg?imagePath=1583377732506 - 404
2020-3-11 14:40:45 :GET /getImg?imagePath=1583386727006 - 404
2020-3-11 11:43:37 :GET /getImg?imagePath=1583386771391 - 404
2020-3-11 14:40:45 :OPTIONS /user/ - 0ms
2020-3-11 14:40:45 :POST /user/ - 10ms
2020-3-11 14:40:45 :OPTIONS /user/ - 0ms
2020-3-11 11:43:37 :OPTIONS /user/ - 0ms
2020-3-11 14:40:45 :POST /user/ - 10ms
2020-3-11 11:43:37 :POST /user/ - 19ms
2020-3-11 14:40:45 :POST /user/ - 16ms
2020-3-11 11:43:37 :POST /user/ - 22ms
2020-3-11 11:43:37 :POST /user/ - 14ms
2020-3-11 11:43:37 :POST /user/ - 11ms
2020-3-11 11:43:37 :POST /user/ - 10ms
2020-3-11 11:43:37 :GET /getImg?imagePath=1583377872263 - 404
2020-3-11 11:43:37 :OPTIONS /user/ - 0ms
2020-3-11 11:43:37 :OPTIONS /user/ - 0ms
2020-3-11 11:43:37 :POST /user/ - 58ms
2020-3-11 11:43:37 :POST /user/ - 61ms
2020-3-11 11:43:37 :OPTIONS /user/ - 0ms
2020-3-11 11:43:37 :OPTIONS /user/ - 0ms
2020-3-11 11:43:37 :POST /user/ - 12ms
2020-3-11 11:43:37 :POST /user/ - 16ms
2020-3-11 11:43:37 :OPTIONS /user/ - 0ms
2020-3-11 11:43:37 :POST /user/ - 5ms
2020-3-11 11:43:37 :OPTIONS /user/ - 0ms
2020-3-11 11:43:37 :POST /user/ - 9ms
2020-3-11 11:43:37 :OPTIONS /user/ - 0ms
2020-3-11 11:43:37 :POST /user/ - 13ms
2020-3-11 11:43:37 :OPTIONS /user/ - 0ms
2020-3-11 11:43:37 :POST /user/ - 10ms
2020-3-11 11:43:37 :POST /user/ - 7ms
2020-3-11 11:43:37 :GET /getImg?imagePath=1583377732506 - 404
2020-3-11 11:43:37 :GET /getImg?imagePath=1583386771391 - 404
2020-3-11 14:40:45 :GET /getImg?imagePath=1583385988192 - 404
2020-3-11 14:40:45 :GET /getImg?imagePath=1583386727006 - 404
2020-3-11 11:43:37 :OPTIONS /user/ - 0ms
2020-3-11 11:43:37 :POST /user/ - 6ms
2020-3-11 11:43:37 :POST /user/ - 12ms
2020-3-11 11:43:37 :POST /user/ - 10ms
2020-3-11 14:40:45 :POST /user/ - 9ms
2020-3-11 11:48:57 :GET /getImg?imagePath=1583897915574 - 404
2020-3-11 14:40:45 :GET /getImg?imagePath=1583897910204 - 404
2020-3-11 14:40:45 :GET /getImg?imagePath=1583897926274 - 404
2020-3-11 14:40:45 :GET /getImg?imagePath=1583385988192 - 404
2020-3-11 11:48:57 :GET /getImg?imagePath=1583386727006 - 404
2020-3-11 14:40:45 :POST /user/ - 1063ms
2020-3-11 11:43:37 :GET /getImg?imagePath=1583897920764 - 404
2020-3-11 14:40:45 :GET /getImg?imagePath=1583377872263 - 404
2020-3-11 11:43:37 :GET /getImg?imagePath=1583377732506 - 404
2020-3-11 11:43:37 :GET /getImg?imagePath=1583386771391 - 404
2020-3-11 14:40:45 :OPTIONS /user/ - 0ms
2020-3-11 14:40:45 :POST /user/ - 9ms
2020-3-11 14:40:45 :POST /user/ - 9ms
2020-3-11 14:40:45 :GET /getImg?imagePath=1583385988192 - 404
2020-3-11 11:48:57 :GET /getImg?imagePath=1583386771391 - 404
2020-3-11 11:43:37 :GET /getImg?imagePath=1583377732506 - 404
2020-3-11 11:43:37 :GET /getImg?imagePath=1583386727006 - 404