
2020-3-4 0:2:25 :OPTIONS /user/ - 4ms
2020-3-4 0:2:25 :POST /user/ - 247ms
2020-3-4 0:2:25 :OPTIONS /user/ - 0ms
2020-3-4 0:2:25 :POST /user/ - 13ms
2020-3-4 0:2:25 :OPTIONS /user/ - 0ms
2020-3-4 0:2:25 :POST /user/ - 6ms
2020-3-4 0:2:25 :OPTIONS /user/ - 0ms
2020-3-4 0:2:25 :POST /user/ - 5ms
2020-3-4 0:2:25 :OPTIONS /user/ - 0ms
2020-3-4 0:2:25 :POST /user/ - 7ms
2020-3-4 0:2:25 :OPTIONS /user/ - 0ms
2020-3-4 0:2:25 :POST /user/ - 8ms
2020-3-4 0:2:25 :OPTIONS /user/ - 1ms
2020-3-4 0:2:25 :POST /user/ - 7ms
2020-3-4 0:2:25 :OPTIONS /user/ - 0ms
2020-3-4 0:2:25 :POST /user/ - 6ms
2020-3-4 0:2:25 :OPTIONS /user/ - 0ms
2020-3-4 0:13:2 :OPTIONS /user/ - 6ms
2020-3-4 0:13:2 :POST /user/ - 241ms
2020-3-4 0:13:2 :OPTIONS /user/ - 1ms
2020-3-4 0:13:24 :OPTIONS /user/ - 4ms
2020-3-4 0:13:45 :OPTIONS /user/ - 5ms
2020-3-4 0:13:45 :POST /user/ - 256ms
2020-3-4 0:13:45 :OPTIONS /user/ - 0ms
2020-3-4 0:13:45 :POST /user/ - 7ms
2020-3-4 0:13:45 :OPTIONS /user/ - 0ms
2020-3-4 0:13:45 :POST /user/ - 7ms
2020-3-4 0:13:45 :OPTIONS /user/ - 0ms
2020-3-4 0:13:45 :POST /user/ - 9ms
2020-3-4 0:13:45 :OPTIONS /user/ - 0ms
2020-3-4 0:13:45 :POST /user/ - 10ms
2020-3-4 0:13:45 :OPTIONS /user/ - 0ms
2020-3-4 0:13:45 :POST /user/ - 9ms
2020-3-4 0:13:45 :OPTIONS /user/ - 0ms
2020-3-4 0:13:45 :POST /user/ - 18ms
2020-3-4 0:13:45 :OPTIONS /user/ - 0ms
2020-3-4 0:13:45 :POST /user/ - 7ms
2020-3-4 0:13:45 :OPTIONS /user/ - 0ms
2020-3-4 0:13:45 :POST /user/ - 7ms
2020-3-4 0:13:45 :OPTIONS /user/ - 0ms
2020-3-4 0:13:45 :POST /user/ - 20ms
2020-3-4 0:13:45 :OPTIONS /user/ - 1ms
2020-3-4 0:13:45 :POST /user/ - 7ms
2020-3-4 0:13:45 :OPTIONS /user/ - 0ms
2020-3-4 0:13:45 :POST /user/ - 8ms
2020-3-4 0:13:45 :OPTIONS /user/ - 0ms
2020-3-4 0:13:45 :POST /user/ - 9ms
2020-3-4 0:13:45 :OPTIONS /user/ - 1ms
2020-3-4 0:13:45 :POST /user/ - 8ms
2020-3-4 0:13:45 :OPTIONS /upFile - 0ms
2020-3-4 0:13:45 :POST /upFile - 46ms
2020-3-4 0:13:45 :OPTIONS /user/ - 1ms
2020-3-4 0:22:46 :OPTIONS /user/ - 2ms
2020-3-4 0:22:46 :POST /user/ - 188ms
2020-3-4 0:22:46 :OPTIONS /user/ - 0ms
2020-3-4 0:22:46 :POST /user/ - 6ms
2020-3-4 0:22:46 :OPTIONS /upFile - 0ms
2020-3-4 0:22:46 :POST /upFile - 43ms
2020-3-4 0:22:46 :OPTIONS /user/ - 0ms
2020-3-4 0:25:39 :OPTIONS /user/ - 2ms
2020-3-4 0:25:39 :POST /user/ - 215ms
2020-3-4 0:25:39 :OPTIONS /user/ - 0ms
2020-3-4 0:25:39 :POST /user/ - 9ms
2020-3-4 0:25:39 :OPTIONS /user/ - 0ms
2020-3-4 0:25:39 :POST /user/ - 10ms
2020-3-4 0:25:39 :OPTIONS /user/ - 1ms
2020-3-4 0:29:6 :OPTIONS /user/ - 3ms
2020-3-4 0:29:6 :POST /user/ - 255ms
2020-3-4 0:29:6 :OPTIONS /user/ - 0ms
2020-3-4 0:29:6 :POST /user/ - 10ms
2020-3-4 0:29:6 :OPTIONS /user/ - 0ms
2020-3-4 0:29:6 :POST /user/ - 6ms
2020-3-4 0:29:6 :POST /user/ - 11ms
2020-3-4 0:29:6 :OPTIONS /user/ - 0ms
2020-3-4 0:29:6 :POST /user/ - 9ms
2020-3-4 0:29:6 :OPTIONS /user/ - 0ms
2020-3-4 0:29:6 :POST /user/ - 6ms
2020-3-4 0:29:6 :OPTIONS /user/ - 0ms
2020-3-4 0:29:6 :POST /user/ - 7ms
2020-3-4 0:29:6 :OPTIONS /user/ - 0ms
2020-3-4 0:29:6 :POST /user/ - 35ms
2020-3-4 0:29:6 :OPTIONS /user/ - 1ms
2020-3-4 0:29:6 :POST /user/ - 7ms
2020-3-4 0:29:6 :OPTIONS /user/ - 0ms
2020-3-4 0:29:6 :POST /user/ - 7ms
2020-3-4 0:29:6 :OPTIONS /user/ - 0ms
2020-3-4 0:29:6 :POST /user/ - 7ms
2020-3-4 0:29:6 :POST /user/ - 15ms
2020-3-4 0:29:6 :OPTIONS /user/ - 0ms
2020-3-4 0:38:55 :OPTIONS /user/ - 5ms
2020-3-4 0:38:55 :POST /user/ - 283ms
2020-3-4 0:38:55 :OPTIONS /user/ - 1ms
2020-3-4 0:38:55 :POST /user/ - 39ms
2020-3-4 0:38:55 :OPTIONS /user/ - 0ms
2020-3-4 0:38:55 :POST /user/ - 7ms
2020-3-4 0:38:55 :OPTIONS /user/ - 0ms
2020-3-4 0:41:14 :POST /user/ - 265ms
2020-3-4 0:41:14 :OPTIONS /upFile - 1ms
2020-3-4 0:41:14 :POST /upFile - 26ms
2020-3-4 0:41:14 :OPTIONS /user/ - 0ms
2020-3-4 0:41:23 :OPTIONS /user/ - 4ms
2020-3-4 0:41:23 :POST /user/ - 371ms
2020-3-4 0:41:23 :OPTIONS /user/ - 4ms
2020-3-4 0:41:23 :POST /user/ - 402ms
2020-3-4 0:41:23 :OPTIONS /user/ - 1ms
2020-3-4 0:41:23 :OPTIONS /user/ - 1ms
2020-3-4 0:41:23 :OPTIONS /user/ - 1ms
2020-3-4 0:41:23 :OPTIONS /user/ - 0ms
2020-3-4 0:41:23 :POST /user/ - 9ms
2020-3-4 0:43:56 :POST /user/ - 380ms
2020-3-4 0:43:56 :POST /user/ - 34ms
2020-3-4 0:43:56 :OPTIONS /user/ - 1ms
2020-3-4 0:43:56 :POST /user/ - 10ms
2020-3-4 0:43:56 :POST /user/ - 8ms
2020-3-4 0:43:56 :OPTIONS /upFile - 0ms
2020-3-4 0:43:56 :POST /upFile - 24ms
2020-3-4 0:43:56 :OPTIONS /user/ - 0ms
2020-3-4 0:43:56 :POST /user/ - 39ms
2020-3-4 0:43:56 :OPTIONS /user/ - 0ms
2020-3-4 0:43:56 :OPTIONS /user/ - 0ms
2020-3-4 0:43:56 :POST /user/ - 28ms
2020-3-4 0:43:56 :POST /user/ - 31ms
2020-3-4 0:43:56 :POST /user/ - 16ms
2020-3-4 0:43:55 :OPTIONS /user/ - 4ms
2020-3-4 0:43:55 :OPTIONS /user/ - 4ms
2020-3-4 0:43:55 :POST /user/ - 327ms
2020-3-4 0:43:55 :POST /user/ - 346ms
2020-3-4 0:43:56 :OPTIONS /user/ - 0ms
2020-3-4 0:43:56 :POST /user/ - 8ms
2020-3-4 0:43:56 :OPTIONS /user/ - 0ms
2020-3-4 0:43:56 :POST /user/ - 10ms
2020-3-4 0:43:56 :OPTIONS /upFile - 0ms
2020-3-4 0:43:56 :POST /upFile - 22ms
2020-3-4 0:43:56 :OPTIONS /user/ - 0ms
2020-3-4 0:43:56 :POST /user/ - 29ms
2020-3-4 0:43:56 :POST /user/ - 10ms
2020-3-4 0:43:56 :OPTIONS /user/ - 0ms
2020-3-4 0:43:56 :POST /user/ - 8ms
2020-3-4 0:43:56 :OPTIONS /user/ - 0ms
2020-3-4 0:43:56 :POST /user/ - 5ms
2020-3-4 0:43:56 :OPTIONS /user/ - 0ms
2020-3-4 0:43:56 :POST /user/ - 9ms
2020-3-4 0:43:56 :OPTIONS /user/ - 0ms
2020-3-4 0:43:56 :POST /user/ - 5ms
2020-3-4 0:43:56 :OPTIONS /user/ - 0ms
2020-3-4 0:43:56 :OPTIONS /user/ - 0ms
2020-3-4 0:43:55 :POST /user/ - 34ms
2020-3-4 0:43:56 :POST /user/ - 55ms
2020-3-4 0:43:56 :POST /user/ - 14ms
2020-3-4 0:43:56 :POST /user/ - 13ms
2020-3-4 0:43:56 :OPTIONS /user/ - 0ms
2020-3-4 0:43:56 :POST /user/ - 181ms
2020-3-4 0:43:56 :POST /user/ - 145ms
2020-3-4 0:43:56 :OPTIONS /user/ - 0ms
2020-3-4 0:43:56 :POST /user/ - 31ms
2020-3-4 0:43:56 :POST /user/ - 32ms
2020-3-4 0:43:56 :POST /user/ - 6ms
2020-3-4 0:43:56 :POST /user/ - 6ms
2020-3-4 0:43:56 :OPTIONS /user/ - 1ms
2020-3-4 0:43:56 :POST /user/ - 12ms
2020-3-4 0:43:56 :OPTIONS /user/ - 0ms
2020-3-4 0:43:56 :POST /user/ - 5ms
2020-3-4 0:43:56 :OPTIONS /user/ - 0ms
2020-3-4 0:43:56 :POST /user/ - 8ms
2020-3-4 0:43:56 :POST /user/ - 7ms
2020-3-4 0:43:56 :OPTIONS /user/ - 1ms
2020-3-4 0:43:56 :POST /user/ - 7ms
2020-3-4 0:43:56 :OPTIONS /user/ - 0ms
2020-3-4 0:43:56 :POST /user/ - 7ms
2020-3-4 0:43:56 :OPTIONS /user/ - 0ms
2020-3-4 0:43:56 :POST /user/ - 16ms
2020-3-4 0:43:56 :POST /user/ - 6ms
2020-3-4 0:43:56 :OPTIONS /upFile - 0ms
2020-3-4 0:43:56 :POST /upFile - 24ms
2020-3-4 0:43:56 :POST /upFile - 52ms
2020-3-4 0:43:56 :OPTIONS /user/ - 0ms
2020-3-4 0:43:56 :POST /user/ - 32ms
2020-3-4 0:43:56 :POST /user/ - 8ms
2020-3-4 0:43:56 :POST /user/ - 11ms
2020-3-4 0:43:56 :OPTIONS /user/ - 0ms
2020-3-4 0:43:56 :POST /user/ - 5ms
2020-3-4 0:43:56 :POST /user/ - 6ms
2020-3-4 0:43:56 :OPTIONS /user/ - 0ms
2020-3-4 0:43:56 :POST /user/ - 5ms
2020-3-4 0:43:56 :POST /user/ - 5ms
2020-3-4 0:43:56 :OPTIONS /user/ - 0ms
2020-3-4 0:43:56 :POST /user/ - 7ms
2020-3-4 0:43:56 :POST /user/ - 6ms
2020-3-4 0:43:56 :OPTIONS /user/ - 0ms
2020-3-4 0:43:56 :POST /user/ - 13ms
2020-3-4 0:43:56 :POST /user/ - 42ms
2020-3-4 0:43:56 :POST /user/ - 12ms
2020-3-4 0:43:56 :POST /user/ - 10ms
2020-3-4 0:43:56 :POST /user/ - 11ms
2020-3-4 0:43:56 :POST /user/ - 16ms
2020-3-4 0:43:56 :POST /user/ - 6ms
2020-3-4 0:43:56 :POST /user/ - 6ms
2020-3-4 0:43:56 :POST /user/ - 6ms
2020-3-4 0:43:56 :POST /user/ - 7ms
2020-3-4 0:43:56 :OPTIONS /user/ - 0ms
2020-3-4 0:43:56 :POST /user/ - 8ms
2020-3-4 0:43:56 :POST /user/ - 9ms
2020-3-4 0:43:56 :POST /user/ - 6ms
2020-3-4 0:43:56 :POST /user/ - 10ms
2020-3-4 0:43:56 :OPTIONS /user/ - 0ms
2020-3-4 0:43:56 :POST /user/ - 10ms
2020-3-4 0:43:55 :POST /user/ - 8ms
2020-3-4 1:5:35 :OPTIONS /user/ - 4ms
2020-3-4 1:8:11 :POST /user/ - 224ms
2020-3-4 1:8:11 :OPTIONS /user/ - 1ms
2020-3-4 1:8:11 :POST /user/ - 11ms
2020-3-4 1:8:11 :OPTIONS /user/ - 5ms
2020-3-4 1:8:11 :POST /user/ - 272ms
2020-3-4 1:8:11 :OPTIONS /user/ - 1ms
2020-3-4 1:9:8 :OPTIONS /user/ - 4ms
2020-3-4 1:9:8 :OPTIONS /user/ - 0ms
2020-3-4 1:9:8 :POST /user/ - 361ms
2020-3-4 1:9:8 :POST /user/ - 70ms
2020-3-4 1:9:8 :POST /user/ - 9ms
2020-3-4 1:9:8 :POST /user/ - 8ms
2020-3-4 1:9:8 :POST /user/ - 7ms
2020-3-4 1:9:8 :OPTIONS /user/ - 0ms
2020-3-4 1:9:8 :POST /user/ - 7ms
2020-3-4 1:9:8 :POST /user/ - 8ms
2020-3-4 1:9:8 :OPTIONS /user/ - 0ms
2020-3-4 1:9:8 :POST /user/ - 8ms
2020-3-4 1:9:8 :POST /user/ - 10ms
2020-3-4 1:9:8 :POST /user/ - 9ms
2020-3-4 1:9:8 :OPTIONS /user/ - 0ms
2020-3-4 1:9:8 :POST /user/ - 7ms
2020-3-4 1:9:8 :OPTIONS /user/ - 0ms
2020-3-4 1:9:8 :OPTIONS /user/ - 0ms
2020-3-4 1:9:8 :POST /user/ - 60ms
2020-3-4 1:9:8 :POST /user/ - 56ms
2020-3-4 1:9:8 :OPTIONS /user/ - 0ms
2020-3-4 1:9:8 :POST /user/ - 7ms
2020-3-4 1:9:8 :OPTIONS /user/ - 4ms
2020-3-4 1:9:8 :POST /user/ - 253ms
2020-3-4 1:9:8 :POST /user/ - 7ms
2020-3-4 1:9:8 :OPTIONS /user/ - 0ms
2020-3-4 1:9:8 :OPTIONS /user/ - 0ms
2020-3-4 1:9:8 :POST /user/ - 13ms
2020-3-4 1:9:8 :POST /user/ - 48ms
2020-3-4 1:9:8 :POST /user/ - 8ms
2020-3-4 1:9:8 :OPTIONS /user/ - 0ms
2020-3-4 1:9:8 :OPTIONS /user/ - 0ms
2020-3-4 1:9:8 :POST /user/ - 13ms
2020-3-4 1:9:8 :POST /user/ - 21ms
2020-3-4 1:9:8 :POST /user/ - 10ms
2020-3-4 1:9:8 :OPTIONS /user/ - 0ms
2020-3-4 1:9:8 :POST /user/ - 8ms
2020-3-4 1:9:8 :POST /user/ - 10ms
2020-3-4 1:9:8 :POST /user/ - 7ms
2020-3-4 1:9:8 :POST /user/ - 8ms
2020-3-4 1:9:8 :POST /user/ - 8ms
2020-3-4 1:9:8 :POST /user/ - 9ms
2020-3-4 1:9:8 :POST /user/ - 9ms
2020-3-4 1:9:8 :POST /user/ - 7ms
2020-3-4 1:9:8 :POST /user/ - 26ms
2020-3-4 1:17:48 :OPTIONS /user/ - 4ms
2020-3-4 1:17:48 :OPTIONS /user/ - 0ms
2020-3-4 1:17:48 :POST /user/ - 304ms
2020-3-4 1:17:48 :POST /user/ - 64ms
2020-3-4 1:17:48 :POST /user/ - 34ms
2020-3-4 1:17:48 :OPTIONS /user/ - 0ms
2020-3-4 1:17:48 :POST /user/ - 45ms
2020-3-4 1:17:48 :POST /user/ - 6ms
2020-3-4 1:17:48 :POST /user/ - 8ms
2020-3-4 1:17:48 :POST /user/ - 7ms
2020-3-4 1:17:48 :POST /user/ - 9ms
2020-3-4 1:17:48 :POST /user/ - 37ms
2020-3-4 1:17:48 :POST /user/ - 7ms
2020-3-4 1:17:48 :POST /user/ - 6ms
2020-3-4 1:19:46 :OPTIONS /user/ - 4ms
2020-3-4 1:19:46 :POST /user/ - 188ms
2020-3-4 1:19:46 :POST /user/ - 7ms
2020-3-4 1:19:46 :POST /user/ - 10ms
2020-3-4 1:19:46 :POST /user/ - 7ms
2020-3-4 1:20:16 :OPTIONS /user/ - 4ms
2020-3-4 1:20:16 :POST /user/ - 241ms
2020-3-4 1:20:16 :POST /user/ - 8ms
2020-3-4 1:20:16 :POST /user/ - 243ms
2020-3-4 1:20:16 :POST /user/ - 5ms
2020-3-4 1:20:16 :POST /user/ - 10ms
2020-3-4 1:20:16 :POST /user/ - 10ms
2020-3-4 1:20:16 :POST /user/ - 24ms
2020-3-4 1:21:4 :OPTIONS /user/ - 4ms
2020-3-4 1:21:4 :POST /user/ - 360ms
2020-3-4 1:21:5 :OPTIONS /user/ - 8ms
2020-3-4 1:21:5 :POST /user/ - 354ms
2020-3-4 1:21:5 :POST /user/ - 9ms
2020-3-4 1:21:4 :OPTIONS /user/ - 1ms
2020-3-4 1:21:4 :POST /user/ - 12ms
2020-3-4 1:21:4 :POST /user/ - 7ms
2020-3-4 1:21:4 :POST /user/ - 6ms
2020-3-4 1:21:4 :POST /user/ - 6ms
2020-3-4 1:22:12 :OPTIONS /user/ - 4ms
2020-3-4 1:22:12 :POST /user/ - 379ms
2020-3-4 1:22:12 :OPTIONS /user/ - 4ms
2020-3-4 1:22:12 :POST /user/ - 413ms
2020-3-4 1:22:12 :POST /user/ - 8ms
2020-3-4 1:22:12 :POST /user/ - 18ms
2020-3-4 1:22:12 :POST /user/ - 11ms
2020-3-4 1:22:12 :POST /user/ - 7ms
2020-3-4 1:22:12 :POST /user/ - 7ms
2020-3-4 1:22:44 :OPTIONS /user/ - 4ms
2020-3-4 1:22:44 :POST /user/ - 183ms
2020-3-4 1:22:44 :POST /user/ - 12ms
2020-3-4 1:22:44 :POST /user/ - 13ms
2020-3-4 1:22:44 :POST /user/ - 8ms
2020-3-4 1:22:44 :OPTIONS /user/ - 0ms
2020-3-4 1:22:44 :POST /user/ - 6ms
2020-3-4 1:22:44 :POST /user/ - 8ms
2020-3-4 1:22:44 :POST /user/ - 8ms
2020-3-4 1:22:44 :POST /user/ - 6ms
2020-3-4 1:22:44 :OPTIONS /user/ - 0ms
2020-3-4 1:22:44 :OPTIONS /user/ - 0ms
2020-3-4 1:22:44 :POST /user/ - 9ms
2020-3-4 1:22:44 :POST /user/ - 8ms
2020-3-4 1:22:44 :POST /user/ - 391ms
2020-3-4 1:23:36 :OPTIONS /user/ - 4ms
2020-3-4 1:23:36 :OPTIONS /user/ - 4ms
2020-3-4 1:23:36 :POST /user/ - 397ms
2020-3-4 1:23:36 :POST /user/ - 432ms
2020-3-4 1:23:36 :POST /user/ - 32ms
2020-3-4 1:23:36 :POST /user/ - 10ms
2020-3-4 1:23:36 :POST /user/ - 10ms
2020-3-4 1:23:36 :POST /user/ - 10ms
2020-3-4 1:23:36 :POST /user/ - 6ms
2020-3-4 1:24:7 :GET /favicon.ico - 1ms
2020-3-4 1:25:2 :GET /getImg?imagePath=1583254808798 - 7ms
2020-3-4 1:25:2 :GET /getImg?imagePath=1583254808798 - 1ms
2020-3-4 1:25:2 :GET /getImg?imagePath=1583254808798 - 1ms
2020-3-4 1:26:23 :GET /getImg?imagePath=1583254808798 - 289ms
2020-3-4 1:31:11 :GET /getImg?imagePath=1583254808798 - 18ms
2020-3-4 1:31:32 :GET /getImg?imagePath=1583254808798 - 11ms
2020-3-4 1:32:16 :GET /getImg?imagePath=1583254808798 - 404
2020-3-4 1:32:16 :OPTIONS /user/ - 1ms
2020-3-4 1:32:16 :POST /user/ - 196ms
2020-3-4 1:32:16 :POST /user/ - 10ms
2020-3-4 1:32:16 :POST /user/ - 10ms
2020-3-4 1:32:16 :POST /user/ - 8ms
2020-3-4 1:32:16 :POST /user/ - 9ms
2020-3-4 1:32:16 :POST /user/ - 7ms
2020-3-4 1:32:16 :POST /user/ - 8ms
2020-3-4 1:32:16 :POST /user/ - 9ms
2020-3-4 1:32:16 :OPTIONS /user/ - 0ms
2020-3-4 1:32:16 :POST /user/ - 13ms
2020-3-4 1:32:16 :OPTIONS /user/ - 5ms
2020-3-4 1:32:16 :POST /user/ - 9ms
2020-3-4 1:32:16 :POST /user/ - 734ms
2020-3-4 1:32:16 :GET /getImg?imagePath=1583254808798 - 404
2020-3-4 1:32:16 :OPTIONS /user/ - 0ms
2020-3-4 1:32:16 :OPTIONS /user/ - 1ms
2020-3-4 1:32:16 :POST /user/ - 25ms
2020-3-4 1:32:16 :POST /user/ - 40ms
2020-3-4 1:32:16 :POST /user/ - 379ms
2020-3-4 1:32:16 :OPTIONS /user/ - 0ms
2020-3-4 1:32:16 :OPTIONS /user/ - 0ms
2020-3-4 1:32:16 :POST /user/ - 54ms
2020-3-4 1:32:16 :POST /user/ - 11ms
2020-3-4 1:32:16 :POST /user/ - 8ms
2020-3-4 1:32:16 :OPTIONS /user/ - 0ms
2020-3-4 1:32:16 :OPTIONS /user/ - 0ms
2020-3-4 1:32:16 :POST /user/ - 31ms
2020-3-4 1:32:16 :POST /user/ - 25ms
2020-3-4 1:32:16 :POST /user/ - 485ms
2020-3-4 1:32:16 :POST /user/ - 24ms
2020-3-4 1:32:16 :POST /user/ - 14ms
2020-3-4 1:32:16 :POST /user/ - 380ms
2020-3-4 1:32:16 :OPTIONS /user/ - 0ms
2020-3-4 1:32:16 :GET /getImg?imagePath=1583254808798 - 404
2020-3-4 1:32:16 :POST /user/ - 27ms
2020-3-4 1:32:16 :POST /user/ - 13ms
2020-3-4 1:32:16 :POST /user/ - 18ms
2020-3-4 1:32:16 :POST /user/ - 13ms
2020-3-4 1:32:16 :POST /user/ - 11ms
2020-3-4 1:32:16 :POST /user/ - 6ms
2020-3-4 1:32:16 :POST /user/ - 7ms
2020-3-4 1:32:16 :POST /user/ - 7ms
2020-3-4 1:32:16 :GET /getImg?imagePath=1583254808798 - 404
2020-3-4 1:32:16 :POST /user/ - 360ms
2020-3-4 1:32:16 :POST /user/ - 41ms
2020-3-4 1:32:16 :POST /user/ - 6ms
2020-3-4 1:32:16 :OPTIONS /user/ - 0ms
2020-3-4 1:32:16 :OPTIONS /user/ - 0ms
2020-3-4 1:32:16 :POST /user/ - 13ms
2020-3-4 1:32:16 :POST /user/ - 9ms
2020-3-4 1:32:16 :POST /user/ - 8ms
2020-3-4 1:32:16 :POST /user/ - 16ms
2020-3-4 1:32:16 :POST /user/ - 23ms
2020-3-4 1:32:16 :POST /user/ - 13ms
2020-3-4 1:32:16 :OPTIONS /user/ - 1ms
2020-3-4 1:32:16 :OPTIONS /user/ - 1ms
2020-3-4 1:32:16 :POST /user/ - 12ms
2020-3-4 1:32:16 :POST /user/ - 55ms
2020-3-4 1:32:16 :POST /user/ - 9ms
2020-3-4 1:32:16 :GET /getImg?imagePath=1583254808798 - 404
2020-3-4 1:32:16 :POST /user/ - 22ms
2020-3-4 1:32:16 :POST /user/ - 10ms
2020-3-4 1:32:16 :POST /user/ - 10ms
2020-3-4 1:32:16 :GET /getImg?imagePath=1583254808798 - 404
2020-3-4 1:32:16 :OPTIONS /user/ - 0ms
2020-3-4 1:32:16 :OPTIONS /user/ - 0ms
2020-3-4 1:32:16 :POST /user/ - 20ms
2020-3-4 1:32:16 :POST /user/ - 33ms
2020-3-4 1:32:16 :POST /user/ - 8ms
2020-3-4 1:32:16 :GET /getImg?imagePath=1583254808798 - 404
2020-3-4 1:32:16 :OPTIONS /user/ - 0ms
2020-3-4 1:32:16 :OPTIONS /user/ - 0ms
2020-3-4 1:32:16 :POST /user/ - 18ms
2020-3-4 1:32:16 :POST /user/ - 20ms
2020-3-4 1:32:16 :POST /user/ - 437ms
2020-3-4 1:32:16 :GET /getImg?imagePath=1583254808798 - 404
2020-3-4 1:32:16 :OPTIONS /user/ - 0ms
2020-3-4 1:32:16 :OPTIONS /user/ - 0ms
2020-3-4 1:32:16 :POST /user/ - 22ms
2020-3-4 1:32:16 :POST /user/ - 12ms
2020-3-4 1:32:16 :POST /user/ - 472ms
2020-3-4 1:32:16 :GET /getImg?imagePath=1583254808798 - 404
2020-3-4 1:32:16 :OPTIONS /user/ - 0ms
2020-3-4 1:32:16 :OPTIONS /user/ - 0ms
2020-3-4 1:32:16 :POST /user/ - 18ms
2020-3-4 1:32:16 :POST /user/ - 37ms
2020-3-4 1:32:16 :POST /user/ - 347ms
2020-3-4 1:32:16 :GET /getImg?imagePath=1583254808798 - 404
2020-3-4 1:32:16 :OPTIONS /user/ - 1ms
2020-3-4 1:32:16 :OPTIONS /user/ - 1ms
2020-3-4 1:32:16 :POST /user/ - 11ms
2020-3-4 1:32:16 :POST /user/ - 10ms
2020-3-4 1:32:16 :POST /user/ - 21ms
2020-3-4 1:32:16 :OPTIONS /user/ - 0ms
2020-3-4 1:32:16 :POST /user/ - 8ms
2020-3-4 1:32:16 :POST /user/ - 7ms
2020-3-4 1:32:16 :POST /user/ - 7ms
2020-3-4 1:32:16 :OPTIONS /user/ - 0ms
2020-3-4 1:32:16 :POST /user/ - 9ms
2020-3-4 1:32:16 :POST /user/ - 5ms
2020-3-4 1:32:16 :POST /user/ - 13ms
2020-3-4 1:32:16 :POST /user/ - 15ms
2020-3-4 1:32:16 :POST /user/ - 5ms
2020-3-4 1:32:16 :POST /user/ - 8ms
2020-3-4 1:32:16 :POST /user/ - 8ms
2020-3-4 1:32:16 :POST /user/ - 43ms
2020-3-4 1:32:16 :POST /user/ - 54ms
2020-3-4 1:32:16 :POST /user/ - 9ms
2020-3-4 1:32:16 :POST /user/ - 8ms
2020-3-4 1:32:16 :OPTIONS /user/ - 0ms
2020-3-4 1:32:16 :OPTIONS /user/ - 1ms
2020-3-4 1:32:16 :POST /user/ - 10ms
2020-3-4 1:32:16 :POST /user/ - 12ms
2020-3-4 1:32:16 :POST /user/ - 326ms
2020-3-4 1:32:16 :OPTIONS /user/ - 1ms
2020-3-4 1:32:16 :OPTIONS /user/ - 1ms
2020-3-4 1:32:16 :POST /user/ - 6ms
2020-3-4 1:32:16 :POST /user/ - 8ms
2020-3-4 1:32:16 :POST /user/ - 16ms
2020-3-4 1:32:16 :POST /user/ - 50ms
2020-3-4 1:32:16 :POST /user/ - 17ms
2020-3-4 1:32:16 :POST /user/ - 26ms
2020-3-4 1:32:16 :POST /user/ - 51ms
2020-3-4 1:32:16 :POST /user/ - 24ms
2020-3-4 1:32:16 :POST /user/ - 18ms
2020-3-4 1:32:16 :POST /user/ - 30ms
2020-3-4 1:32:16 :POST /user/ - 13ms
2020-3-4 1:32:16 :POST /user/ - 13ms
2020-3-4 1:32:16 :POST /user/ - 11ms
2020-3-4 1:32:16 :POST /user/ - 13ms
2020-3-4 1:32:16 :POST /user/ - 10ms
2020-3-4 1:32:16 :POST /user/ - 21ms
2020-3-4 1:32:16 :POST /user/ - 17ms
2020-3-4 1:32:16 :POST /user/ - 15ms
2020-3-4 1:32:16 :POST /user/ - 21ms
2020-3-4 1:32:16 :POST /user/ - 16ms
2020-3-4 1:32:16 :POST /user/ - 13ms
2020-3-4 1:32:16 :POST /user/ - 13ms
2020-3-4 1:32:16 :POST /user/ - 13ms
2020-3-4 1:32:16 :OPTIONS /user/ - 0ms
2020-3-4 1:32:16 :OPTIONS /user/ - 0ms
2020-3-4 1:32:16 :OPTIONS /user/ - 0ms
2020-3-4 1:32:16 :OPTIONS /user/ - 0ms
2020-3-4 1:32:16 :POST /user/ - 14ms
2020-3-4 1:32:16 :POST /user/ - 21ms
2020-3-4 1:32:16 :POST /user/ - 12ms
2020-3-4 1:32:16 :POST /user/ - 11ms
2020-3-4 1:32:16 :POST /user/ - 17ms
2020-3-4 1:32:16 :POST /user/ - 9ms
2020-3-4 1:32:16 :POST /user/ - 55ms
2020-3-4 1:32:16 :POST /user/ - 11ms
2020-3-4 1:32:16 :POST /user/ - 16ms
2020-3-4 1:32:16 :POST /user/ - 14ms
2020-3-4 1:32:16 :POST /user/ - 14ms
2020-3-4 1:32:16 :POST /user/ - 11ms
2020-3-4 1:32:16 :POST /user/ - 52ms
2020-3-4 1:32:16 :POST /user/ - 16ms
2020-3-4 1:32:16 :POST /user/ - 24ms
2020-3-4 1:32:16 :POST /user/ - 16ms
2020-3-4 1:32:16 :POST /user/ - 14ms
2020-3-4 1:32:16 :POST /user/ - 10ms
2020-3-4 1:32:16 :POST /user/ - 17ms
2020-3-4 1:32:16 :POST /user/ - 10ms
2020-3-4 1:32:16 :POST /user/ - 51ms
2020-3-4 1:32:16 :POST /user/ - 26ms
2020-3-4 1:32:16 :POST /user/ - 46ms
2020-3-4 1:32:16 :POST /user/ - 11ms
2020-3-4 1:32:16 :POST /user/ - 17ms
2020-3-4 1:32:16 :POST /user/ - 11ms
2020-3-4 1:32:16 :POST /user/ - 17ms
2020-3-4 1:32:16 :POST /user/ - 11ms
2020-3-4 1:32:16 :POST /user/ - 28ms
2020-3-4 1:32:16 :POST /user/ - 34ms
2020-3-4 1:32:16 :POST /user/ - 22ms
2020-3-4 1:32:16 :POST /user/ - 13ms
2020-3-4 1:32:16 :POST /user/ - 81ms
2020-3-4 1:32:16 :POST /user/ - 64ms
2020-3-4 1:32:16 :POST /user/ - 72ms
2020-3-4 1:32:16 :POST /user/ - 46ms
2020-3-4 1:32:16 :OPTIONS /user/ - 0ms
2020-3-4 1:32:16 :OPTIONS /user/ - 1ms
2020-3-4 1:32:16 :OPTIONS /user/ - 0ms
2020-3-4 1:32:16 :POST /user/ - 53ms
2020-3-4 1:32:16 :POST /user/ - 53ms
2020-3-4 1:32:16 :OPTIONS /user/ - 4ms
2020-3-4 1:32:16 :POST /user/ - 28ms
2020-3-4 1:32:16 :POST /user/ - 31ms
2020-3-4 1:32:16 :POST /user/ - 14ms
2020-3-4 1:32:16 :POST /user/ - 50ms
2020-3-4 1:32:16 :POST /user/ - 10ms
2020-3-4 1:32:16 :POST /user/ - 242ms
2020-3-4 1:32:16 :OPTIONS /user/ - 0ms
2020-3-4 1:32:16 :OPTIONS /user/ - 0ms
2020-3-4 1:32:16 :POST /user/ - 51ms
2020-3-4 1:32:16 :POST /user/ - 46ms
2020-3-4 1:32:16 :POST /user/ - 293ms
2020-3-4 18:0:46 :OPTIONS /user/ - 4ms
2020-3-4 18:0:46 :OPTIONS /user/ - 0ms
2020-3-4 18:2:40 :OPTIONS /user/ - 4ms
2020-3-4 18:2:42 :OPTIONS /user/ - 5ms
2020-3-4 18:2:49 :OPTIONS /user/ - 4ms
2020-3-4 18:2:50 :OPTIONS /user/ - 4ms
2020-3-4 18:2:49 :POST /user/ - 250ms
2020-3-4 18:2:50 :POST /user/ - 251ms
2020-3-4 18:2:50 :POST /user/ - 24ms
2020-3-4 18:2:49 :GET /getImg?imagePath=1583254808798 - 404
2020-3-4 18:2:49 :POST /user/ - 13ms
2020-3-4 18:2:50 :POST /user/ - 16ms
2020-3-4 18:2:50 :POST /user/ - 15ms
2020-3-4 18:2:49 :POST /user/ - 14ms
2020-3-4 18:2:50 :POST /user/ - 16ms
2020-3-4 18:2:49 :POST /user/ - 196ms
2020-3-4 18:2:49 :OPTIONS /user/ - 0ms
2020-3-4 18:2:49 :POST /user/ - 8ms
2020-3-4 18:2:49 :POST /user/ - 11ms
2020-3-4 18:2:49 :POST /user/ - 8ms
2020-3-4 18:2:49 :POST /user/ - 8ms
2020-3-4 18:2:49 :POST /user/ - 9ms
2020-3-4 18:2:49 :POST /user/ - 9ms
2020-3-4 18:2:49 :POST /user/ - 14ms
2020-3-4 18:2:49 :POST /user/ - 8ms
2020-3-4 18:2:49 :POST /user/ - 8ms
2020-3-4 18:2:49 :POST /user/ - 9ms
2020-3-4 18:2:49 :POST /user/ - 8ms
2020-3-4 18:2:49 :POST /user/ - 11ms
2020-3-4 18:2:49 :OPTIONS /user/ - 1ms
2020-3-4 18:2:49 :POST /user/ - 7ms
2020-3-4 18:2:49 :POST /user/ - 8ms
2020-3-4 18:2:49 :OPTIONS /user/ - 0ms
2020-3-4 18:2:49 :POST /user/ - 5ms
2020-3-4 18:2:49 :POST /user/ - 5ms
2020-3-4 18:2:49 :OPTIONS /user/ - 1ms
2020-3-4 18:2:49 :POST /user/ - 4ms
2020-3-4 18:2:49 :POST /user/ - 6ms
2020-3-4 18:2:49 :POST /user/ - 6ms
2020-3-4 18:2:49 :OPTIONS /user/ - 0ms
2020-3-4 18:2:49 :POST /user/ - 9ms
2020-3-4 18:2:49 :POST /user/ - 9ms
2020-3-4 18:2:49 :POST /user/ - 7ms
2020-3-4 18:2:49 :OPTIONS /user/ - 0ms
2020-3-4 18:2:49 :OPTIONS /user/ - 0ms
2020-3-4 18:2:49 :POST /user/ - 38ms
2020-3-4 18:2:49 :POST /user/ - 36ms
2020-3-4 18:2:49 :POST /user/ - 5ms
2020-3-4 18:2:49 :OPTIONS /user/ - 0ms
2020-3-4 18:2:49 :POST /user/ - 8ms
2020-3-4 18:2:49 :OPTIONS /user/ - 1ms
2020-3-4 18:2:49 :POST /user/ - 27ms
2020-3-4 18:2:49 :POST /user/ - 7ms
2020-3-4 18:2:49 :POST /user/ - 6ms
2020-3-4 18:2:49 :OPTIONS /user/ - 1ms
2020-3-4 18:2:49 :POST /user/ - 6ms
2020-3-4 18:2:49 :POST /user/ - 8ms
2020-3-4 18:2:49 :POST /user/ - 6ms
2020-3-4 18:2:49 :OPTIONS /user/ - 0ms
2020-3-4 18:2:49 :POST /user/ - 7ms
2020-3-4 18:2:49 :POST /user/ - 6ms
2020-3-4 18:2:49 :OPTIONS /user/ - 0ms
2020-3-4 18:2:49 :POST /user/ - 6ms
2020-3-4 18:2:49 :OPTIONS /user/ - 0ms
2020-3-4 18:2:49 :POST /user/ - 5ms
2020-3-4 18:2:49 :POST /user/ - 5ms
2020-3-4 18:2:49 :OPTIONS /user/ - 0ms
2020-3-4 18:2:49 :POST /user/ - 5ms
2020-3-4 18:2:49 :OPTIONS /user/ - 0ms
2020-3-4 18:2:49 :POST /user/ - 9ms
2020-3-4 18:2:49 :OPTIONS /user/ - 1ms
2020-3-4 18:2:49 :POST /user/ - 7ms
2020-3-4 18:2:49 :POST /user/ - 10ms
2020-3-4 18:2:49 :POST /user/ - 10ms
2020-3-4 18:2:49 :POST /user/ - 11ms
2020-3-4 18:2:49 :OPTIONS /user/ - 0ms
2020-3-4 18:2:49 :OPTIONS /user/ - 0ms
2020-3-4 18:2:49 :POST /user/ - 9ms
2020-3-4 18:2:49 :POST /user/ - 9ms
2020-3-4 18:2:49 :GET /getImg?imagePath=1583254808834 - 404
2020-3-4 18:2:49 :GET /getImg?imagePath=1583254808798 - 404
2020-3-4 18:2:49 :OPTIONS /user/ - 0ms
2020-3-4 18:2:49 :POST /user/ - 8ms
2020-3-4 18:2:49 :POST /user/ - 9ms
2020-3-4 18:2:49 :OPTIONS /user/ - 0ms
2020-3-4 18:2:49 :OPTIONS /user/ - 0ms
2020-3-4 18:2:49 :POST /user/ - 10ms
2020-3-4 18:2:49 :POST /user/ - 9ms
2020-3-4 18:2:49 :OPTIONS /user/ - 1ms
2020-3-4 18:2:49 :OPTIONS /user/ - 0ms
2020-3-4 18:2:49 :POST /user/ - 8ms
2020-3-4 18:2:49 :POST /user/ - 8ms
2020-3-4 18:2:49 :OPTIONS /user/ - 0ms
2020-3-4 18:2:49 :OPTIONS /user/ - 0ms
2020-3-4 18:2:49 :POST /user/ - 7ms
2020-3-4 18:2:49 :POST /user/ - 6ms
2020-3-4 18:2:49 :OPTIONS /user/ - 0ms
2020-3-4 18:2:49 :OPTIONS /user/ - 0ms
2020-3-4 18:2:49 :POST /user/ - 43ms
2020-3-4 18:2:49 :POST /user/ - 9ms
2020-3-4 18:2:49 :OPTIONS /user/ - 0ms
2020-3-4 18:2:49 :OPTIONS /user/ - 1ms
2020-3-4 18:2:49 :POST /user/ - 8ms
2020-3-4 18:2:49 :POST /user/ - 8ms
2020-3-4 18:2:49 :OPTIONS /user/ - 0ms
2020-3-4 18:2:49 :OPTIONS /user/ - 0ms
2020-3-4 18:2:49 :POST /user/ - 10ms
2020-3-4 18:2:49 :POST /user/ - 7ms
2020-3-4 18:2:49 :OPTIONS /user/ - 0ms
2020-3-4 18:2:49 :OPTIONS /user/ - 0ms
2020-3-4 18:2:49 :POST /user/ - 39ms
2020-3-4 18:2:49 :POST /user/ - 39ms
2020-3-4 18:2:49 :OPTIONS /user/ - 0ms
2020-3-4 18:2:49 :OPTIONS /user/ - 0ms
2020-3-4 18:2:49 :POST /user/ - 9ms
2020-3-4 18:2:49 :POST /user/ - 8ms
2020-3-4 18:2:49 :OPTIONS /user/ - 0ms
2020-3-4 18:2:49 :OPTIONS /user/ - 0ms
2020-3-4 18:2:49 :POST /user/ - 44ms
2020-3-4 18:2:49 :POST /user/ - 42ms
2020-3-4 18:2:49 :OPTIONS /user/ - 0ms
2020-3-4 18:2:49 :POST /user/ - 8ms
2020-3-4 18:2:49 :POST /user/ - 10ms
2020-3-4 18:2:49 :POST /user/ - 11ms
2020-3-4 18:2:49 :POST /user/ - 9ms
2020-3-4 18:2:50 :GET /getImg?imagePath=1583254808834 - 404
2020-3-4 18:2:49 :GET /getImg?imagePath=1583254808798 - 404
2020-3-4 18:2:50 :OPTIONS /user/ - 1ms
2020-3-4 18:2:50 :OPTIONS /user/ - 0ms
2020-3-4 18:2:49 :POST /user/ - 41ms
2020-3-4 18:2:49 :POST /user/ - 12ms
2020-3-4 18:25:20 :OPTIONS /user/ - 3ms
2020-3-4 18:25:20 :OPTIONS /user/ - 0ms
2020-3-4 18:25:20 :POST /user/ - 212ms
2020-3-4 18:25:20 :POST /user/ - 19ms
2020-3-4 18:25:20 :OPTIONS /user/ - 0ms
2020-3-4 18:25:20 :POST /user/ - 7ms
2020-3-4 18:25:20 :POST /user/ - 8ms
2020-3-4 18:25:20 :POST /user/ - 10ms
2020-3-4 18:25:20 :POST /user/ - 12ms
2020-3-4 18:25:20 :GET /getImg?imagePath=1583254808798 - 404
2020-3-4 18:25:20 :OPTIONS /user/ - 1ms
2020-3-4 18:25:20 :OPTIONS /user/ - 0ms
2020-3-4 18:25:20 :POST /user/ - 24ms
2020-3-4 18:25:20 :POST /user/ - 24ms
2020-3-4 18:25:20 :POST /user/ - 10ms
2020-3-4 18:25:20 :OPTIONS /user/ - 0ms
2020-3-4 18:25:20 :POST /user/ - 9ms
2020-3-4 18:25:20 :POST /user/ - 8ms
2020-3-4 18:25:20 :POST /user/ - 10ms
2020-3-4 18:25:20 :POST /user/ - 10ms
2020-3-4 18:25:20 :OPTIONS /user/ - 0ms
2020-3-4 18:25:20 :POST /user/ - 43ms
2020-3-4 18:25:20 :POST /user/ - 7ms
2020-3-4 18:25:20 :POST /user/ - 9ms
2020-3-4 18:25:20 :POST /user/ - 7ms
2020-3-4 18:25:20 :POST /user/ - 47ms
2020-3-4 18:25:20 :POST /user/ - 10ms
2020-3-4 18:25:20 :POST /user/ - 8ms
2020-3-4 18:25:20 :OPTIONS /user/ - 0ms
2020-3-4 18:25:20 :POST /user/ - 5ms
2020-3-4 18:25:20 :POST /user/ - 6ms
2020-3-4 18:25:20 :OPTIONS /user/ - 1ms
2020-3-4 18:25:20 :OPTIONS /user/ - 0ms
2020-3-4 18:25:20 :POST /user/ - 9ms
2020-3-4 18:25:20 :POST /user/ - 46ms
2020-3-4 18:25:20 :POST /user/ - 39ms
2020-3-4 18:25:20 :POST /user/ - 35ms
2020-3-4 18:25:20 :POST /user/ - 9ms
2020-3-4 18:25:20 :OPTIONS /user/ - 0ms
2020-3-4 18:25:20 :POST /user/ - 5ms
2020-3-4 18:25:20 :POST /user/ - 5ms
2020-3-4 18:25:20 :OPTIONS /user/ - 0ms
2020-3-4 18:25:20 :OPTIONS /user/ - 0ms
2020-3-4 18:25:20 :POST /user/ - 10ms
2020-3-4 18:25:20 :POST /user/ - 9ms
2020-3-4 18:25:20 :POST /user/ - 29ms
2020-3-4 18:25:20 :POST /user/ - 28ms
2020-3-4 18:25:20 :POST /user/ - 7ms
2020-3-4 18:25:20 :POST /user/ - 10ms
2020-3-4 18:25:20 :POST /user/ - 8ms
2020-3-4 18:25:20 :OPTIONS /upFile - 0ms
2020-3-4 18:25:20 :POST /upFile - 19ms
2020-3-4 18:25:20 :OPTIONS /user/ - 1ms
2020-3-4 18:25:20 :OPTIONS /user/ - 1ms
2020-3-4 18:25:20 :POST /user/ - 13ms
2020-3-4 18:25:20 :POST /user/ - 11ms
2020-3-4 18:30:8 :POST /user/ - 224ms
2020-3-4 18:30:8 :POST /user/ - 31ms
2020-3-4 18:30:8 :OPTIONS /upFile - 1ms
2020-3-4 18:30:8 :POST /upFile - 32ms
2020-3-4 18:30:8 :OPTIONS /user/ - 0ms
2020-3-4 18:30:8 :OPTIONS /user/ - 0ms
2020-3-4 18:30:8 :POST /user/ - 33ms
2020-3-4 18:30:8 :POST /user/ - 31ms
2020-3-4 18:30:58 :OPTIONS /user/ - 4ms
2020-3-4 18:30:58 :OPTIONS /user/ - 0ms
2020-3-4 18:30:58 :POST /user/ - 256ms
2020-3-4 18:30:58 :POST /user/ - 33ms
2020-3-4 18:30:58 :OPTIONS /upFile - 0ms
2020-3-4 18:30:58 :POST /upFile - 25ms
2020-3-4 18:30:58 :OPTIONS /user/ - 0ms
2020-3-4 18:30:58 :OPTIONS /user/ - 0ms
2020-3-4 18:30:58 :POST /user/ - 30ms
2020-3-4 18:30:58 :POST /user/ - 29ms
2020-3-4 18:31:47 :OPTIONS /user/ - 2ms
2020-3-4 18:31:47 :POST /user/ - 247ms
2020-3-4 18:31:47 :POST /user/ - 9ms
2020-3-4 18:31:47 :POST /user/ - 11ms
2020-3-4 18:31:47 :POST /user/ - 9ms
2020-3-4 18:31:47 :OPTIONS /upFile - 1ms
2020-3-4 18:31:47 :POST /upFile - 24ms
2020-3-4 18:31:47 :OPTIONS /user/ - 0ms
2020-3-4 18:31:47 :OPTIONS /user/ - 0ms
2020-3-4 18:31:47 :POST /user/ - 32ms
2020-3-4 18:31:47 :POST /user/ - 29ms
2020-3-4 18:32:28 :OPTIONS /user/ - 4ms
2020-3-4 18:32:28 :OPTIONS /user/ - 0ms
2020-3-4 18:32:28 :POST /user/ - 255ms
2020-3-4 18:32:28 :POST /user/ - 23ms
2020-3-4 18:32:28 :OPTIONS /upFile - 0ms
2020-3-4 18:32:28 :POST /upFile - 26ms
2020-3-4 18:32:28 :GET /getImg?imagePath=1583318040603 - 404
2020-3-4 18:32:28 :OPTIONS /user/ - 1ms
2020-3-4 18:32:28 :OPTIONS /user/ - 0ms
2020-3-4 18:32:28 :POST /user/ - 17ms
2020-3-4 18:32:28 :POST /user/ - 28ms
2020-3-4 18:34:6 :OPTIONS /user/ - 5ms
2020-3-4 18:34:6 :OPTIONS /user/ - 0ms
2020-3-4 18:34:6 :POST /user/ - 249ms
2020-3-4 18:34:6 :POST /user/ - 29ms
2020-3-4 18:34:6 :OPTIONS /user/ - 0ms
2020-3-4 18:34:6 :OPTIONS /user/ - 1ms
2020-3-4 18:34:6 :POST /user/ - 51ms
2020-3-4 18:34:6 :POST /user/ - 59ms
2020-3-4 18:34:6 :OPTIONS /upFile - 1ms
2020-3-4 18:34:6 :POST /upFile - 30ms
2020-3-4 18:34:6 :OPTIONS /user/ - 0ms
2020-3-4 18:34:6 :OPTIONS /user/ - 0ms
2020-3-4 18:34:6 :POST /user/ - 71ms
2020-3-4 18:34:6 :POST /user/ - 86ms
2020-3-4 18:36:0 :POST /user/ - 257ms
2020-3-4 18:36:0 :POST /user/ - 33ms
2020-3-4 18:36:0 :OPTIONS /user/ - 1ms
2020-3-4 18:36:0 :OPTIONS /user/ - 0ms
2020-3-4 18:36:0 :POST /user/ - 51ms
2020-3-4 18:36:0 :POST /user/ - 15ms
2020-3-4 18:36:0 :OPTIONS /user/ - 0ms
2020-3-4 18:36:0 :OPTIONS /user/ - 0ms
2020-3-4 18:36:0 :POST /user/ - 11ms
2020-3-4 18:36:0 :POST /user/ - 13ms
2020-3-4 18:36:0 :OPTIONS /upFile - 0ms
2020-3-4 18:36:0 :POST /upFile - 23ms
2020-3-4 18:36:0 :OPTIONS /user/ - 0ms
2020-3-4 18:36:0 :OPTIONS /user/ - 0ms
2020-3-4 18:36:0 :POST /user/ - 29ms
2020-3-4 18:36:0 :POST /user/ - 27ms
2020-3-4 18:37:59 :OPTIONS /user/ - 4ms
2020-3-4 18:37:59 :OPTIONS /user/ - 1ms
2020-3-4 18:37:59 :POST /user/ - 248ms
2020-3-4 18:37:59 :POST /user/ - 28ms
2020-3-4 18:37:59 :OPTIONS /upFile - 0ms
2020-3-4 18:37:59 :POST /upFile - 33ms
2020-3-4 18:37:59 :OPTIONS /user/ - 0ms
2020-3-4 18:37:59 :OPTIONS /user/ - 0ms
2020-3-4 18:37:59 :POST /user/ - 16ms
2020-3-4 18:37:59 :POST /user/ - 15ms
2020-3-4 18:39:8 :OPTIONS /user/ - 0ms
2020-3-4 18:39:8 :OPTIONS /user/ - 4ms
2020-3-4 18:39:8 :POST /user/ - 239ms
2020-3-4 18:39:8 :POST /user/ - 23ms
2020-3-4 18:39:8 :OPTIONS /upFile - 0ms
2020-3-4 18:39:8 :POST /upFile - 24ms
2020-3-4 18:39:8 :OPTIONS /user/ - 0ms
2020-3-4 18:39:8 :OPTIONS /user/ - 1ms
2020-3-4 18:39:8 :POST /user/ - 77ms
2020-3-4 18:39:8 :POST /user/ - 34ms
2020-3-4 18:40:27 :OPTIONS /user/ - 4ms
2020-3-4 18:40:27 :OPTIONS /user/ - 1ms
2020-3-4 18:40:27 :POST /user/ - 249ms
2020-3-4 18:40:27 :POST /user/ - 26ms
2020-3-4 18:40:27 :OPTIONS /upFile - 0ms
2020-3-4 18:40:27 :POST /upFile - 35ms
2020-3-4 18:40:27 :OPTIONS /user/ - 1ms
2020-3-4 18:40:27 :OPTIONS /user/ - 0ms
2020-3-4 18:40:27 :POST /user/ - 72ms
2020-3-4 18:40:27 :POST /user/ - 33ms
2020-3-4 18:41:49 :OPTIONS /user/ - 3ms
2020-3-4 18:41:49 :POST /user/ - 238ms
2020-3-4 18:41:49 :POST /user/ - 14ms
2020-3-4 18:41:49 :POST /user/ - 11ms
2020-3-4 18:41:49 :POST /user/ - 10ms
2020-3-4 18:41:49 :OPTIONS /user/ - 0ms
2020-3-4 18:41:49 :POST /user/ - 6ms
2020-3-4 18:41:49 :POST /user/ - 11ms
2020-3-4 18:41:49 :POST /user/ - 9ms
2020-3-4 18:41:49 :POST /user/ - 8ms
2020-3-4 18:41:49 :OPTIONS /upFile - 0ms
2020-3-4 18:41:49 :POST /upFile - 25ms
2020-3-4 18:41:49 :OPTIONS /user/ - 0ms
2020-3-4 18:41:49 :OPTIONS /user/ - 0ms
2020-3-4 18:41:49 :POST /user/ - 66ms
2020-3-4 18:41:49 :POST /user/ - 28ms
2020-3-4 18:43:23 :OPTIONS /user/ - 3ms
2020-3-4 18:43:23 :POST /user/ - 295ms
2020-3-4 18:43:23 :POST /user/ - 10ms
2020-3-4 18:43:23 :POST /user/ - 12ms
2020-3-4 18:43:23 :POST /user/ - 10ms
2020-3-4 18:43:23 :OPTIONS /upFile - 1ms
2020-3-4 18:43:23 :POST /upFile - 23ms
2020-3-4 18:43:23 :OPTIONS /user/ - 0ms
2020-3-4 18:43:23 :OPTIONS /user/ - 0ms
2020-3-4 18:43:23 :POST /user/ - 17ms
2020-3-4 18:43:23 :POST /user/ - 27ms
2020-3-4 18:43:38 :OPTIONS /user/ - 4ms
2020-3-4 18:43:38 :POST /user/ - 311ms
2020-3-4 18:43:38 :POST /user/ - 8ms
2020-3-4 18:43:38 :OPTIONS /user/ - 0ms
2020-3-4 18:43:38 :OPTIONS /user/ - 0ms
2020-3-4 18:43:38 :POST /user/ - 53ms
2020-3-4 18:43:38 :POST /user/ - 51ms
2020-3-4 18:43:38 :GET /getImg?imagePath=1583254808798 - 404
2020-3-4 18:43:38 :OPTIONS /upFile - 0ms
2020-3-4 18:43:38 :POST /upFile - 24ms
2020-3-4 18:43:38 :OPTIONS /user/ - 1ms
2020-3-4 18:43:38 :OPTIONS /user/ - 0ms
2020-3-4 18:43:38 :POST /user/ - 73ms
2020-3-4 18:43:38 :POST /user/ - 68ms
2020-3-4 18:43:38 :POST /user/ - 13ms
2020-3-4 18:43:38 :POST /user/ - 10ms
2020-3-4 18:43:38 :OPTIONS /user/ - 0ms
2020-3-4 18:43:38 :POST /user/ - 7ms
2020-3-4 18:43:38 :OPTIONS /user/ - 5ms
2020-3-4 18:43:38 :POST /user/ - 220ms
2020-3-4 18:43:38 :GET /getImg?imagePath=1583318660032 - 404
2020-3-4 18:43:38 :OPTIONS /user/ - 0ms
2020-3-4 18:43:38 :POST /user/ - 9ms
2020-3-4 18:43:38 :OPTIONS /user/ - 0ms
2020-3-4 18:43:38 :OPTIONS /user/ - 0ms
2020-3-4 18:43:38 :POST /user/ - 17ms
2020-3-4 18:43:38 :POST /user/ - 18ms
2020-3-4 18:43:38 :POST /user/ - 216ms
2020-3-4 18:43:38 :POST /user/ - 16ms
2020-3-4 18:43:38 :POST /user/ - 16ms
2020-3-4 18:43:38 :POST /user/ - 200ms
2020-3-4 18:43:38 :OPTIONS /user/ - 0ms
2020-3-4 18:43:38 :POST /user/ - 6ms
2020-3-4 18:43:38 :OPTIONS /user/ - 1ms
2020-3-4 18:43:38 :POST /user/ - 8ms
2020-3-4 18:43:38 :OPTIONS /user/ - 0ms
2020-3-4 18:43:38 :POST /user/ - 15ms
2020-3-4 18:43:38 :OPTIONS /user/ - 0ms
2020-3-4 18:43:38 :POST /user/ - 6ms
2020-3-4 18:43:38 :OPTIONS /user/ - 0ms
2020-3-4 18:43:38 :POST /user/ - 6ms
2020-3-4 18:43:38 :OPTIONS /user/ - 0ms
2020-3-4 18:43:38 :OPTIONS /user/ - 0ms
2020-3-4 18:43:38 :OPTIONS /user/ - 1ms
2020-3-4 18:43:38 :OPTIONS /user/ - 0ms
2020-3-4 18:43:38 :POST /user/ - 13ms
2020-3-4 18:43:38 :POST /user/ - 22ms
2020-3-4 18:43:38 :POST /user/ - 29ms
2020-3-4 18:43:38 :POST /user/ - 22ms
2020-3-4 18:43:38 :POST /user/ - 19ms
2020-3-4 18:43:38 :POST /user/ - 48ms
2020-3-4 18:43:38 :OPTIONS /user/ - 0ms
2020-3-4 18:43:38 :OPTIONS /user/ - 1ms
2020-3-4 18:43:38 :POST /user/ - 47ms
2020-3-4 18:43:38 :POST /user/ - 53ms
2020-3-4 18:43:38 :POST /user/ - 47ms
2020-3-4 18:43:38 :POST /user/ - 13ms
2020-3-4 18:43:38 :OPTIONS /user/ - 0ms
2020-3-4 18:43:38 :OPTIONS /user/ - 1ms
2020-3-4 18:43:38 :OPTIONS /user/ - 0ms
2020-3-4 18:43:38 :POST /user/ - 7ms
2020-3-4 18:43:38 :POST /user/ - 18ms
2020-3-4 18:43:38 :POST /user/ - 21ms
2020-3-4 18:43:38 :POST /user/ - 19ms
2020-3-4 18:43:38 :OPTIONS /user/ - 0ms
2020-3-4 18:43:38 :POST /user/ - 17ms
2020-3-4 18:43:38 :POST /user/ - 47ms
2020-3-4 18:43:38 :OPTIONS /user/ - 0ms
2020-3-4 18:43:38 :POST /user/ - 8ms
2020-3-4 18:43:38 :OPTIONS /user/ - 0ms
2020-3-4 18:43:38 :OPTIONS /user/ - 0ms
2020-3-4 18:43:38 :POST /user/ - 23ms
2020-3-4 18:43:38 :POST /user/ - 17ms
2020-3-4 18:43:38 :POST /user/ - 19ms
2020-3-4 18:43:38 :POST /user/ - 15ms
2020-3-4 18:43:38 :OPTIONS /user/ - 0ms
2020-3-4 18:43:38 :POST /user/ - 6ms
2020-3-4 18:43:38 :OPTIONS /user/ - 0ms
2020-3-4 18:43:38 :POST /user/ - 7ms
2020-3-4 18:43:38 :OPTIONS /user/ - 0ms
2020-3-4 18:43:38 :POST /user/ - 6ms
2020-3-4 18:43:38 :OPTIONS /user/ - 0ms
2020-3-4 18:43:38 :OPTIONS /user/ - 0ms
2020-3-4 18:43:38 :POST /user/ - 7ms
2020-3-4 18:43:38 :POST /user/ - 7ms
2020-3-4 18:43:38 :POST /user/ - 173ms
2020-3-4 18:43:38 :GET /getImg?imagePath=1583254808798 - 404
2020-3-4 18:43:38 :OPTIONS /user/ - 0ms
2020-3-4 18:43:38 :POST /user/ - 6ms
2020-3-4 18:43:38 :OPTIONS /user/ - 0ms
2020-3-4 18:43:38 :POST /user/ - 5ms
2020-3-4 18:43:38 :POST /user/ - 10ms
2020-3-4 18:43:38 :POST /user/ - 7ms
2020-3-4 18:43:38 :POST /user/ - 8ms
2020-3-4 18:43:38 :POST /user/ - 6ms
2020-3-4 18:43:38 :POST /user/ - 9ms
2020-3-4 18:43:38 :OPTIONS /user/ - 0ms
2020-3-4 18:43:38 :POST /user/ - 7ms
2020-3-4 18:43:38 :OPTIONS /user/ - 1ms
2020-3-4 18:43:38 :POST /user/ - 7ms
2020-3-4 18:43:38 :OPTIONS /user/ - 0ms
2020-3-4 18:43:38 :POST /user/ - 33ms
2020-3-4 18:43:38 :OPTIONS /upFile - 0ms
2020-3-4 18:43:38 :POST /upFile - 20ms
2020-3-4 18:43:38 :OPTIONS /user/ - 0ms
2020-3-4 18:43:38 :POST /user/ - 7ms
2020-3-4 18:43:38 :GET /getImg?imagePath=1583322624128 - 404
2020-3-4 18:43:38 :GET /getImg?imagePath=1583322624128 - 404
2020-3-4 18:43:38 :GET /getImg?imagePath=1583322624128 - 404
2020-3-4 18:43:38 :GET /getImg?imagePath=1583322624128 - 404
2020-3-4 18:43:38 :OPTIONS /user/ - 0ms
2020-3-4 18:43:38 :POST /user/ - 10ms
2020-3-4 18:43:38 :GET /getImg?imagePath=1583322624128 - 404
2020-3-4 18:43:38 :OPTIONS /user/ - 0ms
2020-3-4 18:43:38 :POST /user/ - 6ms
2020-3-4 18:43:38 :OPTIONS /user/ - 0ms
2020-3-4 20:6:1 :POST /user/ - 273ms
2020-3-4 20:6:1 :OPTIONS /user/ - 1ms
2020-3-4 20:13:49 :OPTIONS /user/ - 4ms
2020-3-4 20:13:49 :OPTIONS /user/ - 0ms
2020-3-4 20:13:49 :OPTIONS /user/ - 4ms
2020-3-4 20:13:49 :OPTIONS /user/ - 0ms
2020-3-4 20:13:49 :POST /user/ - 328ms
2020-3-4 20:13:49 :POST /user/ - 45ms
2020-3-4 20:13:49 :POST /user/ - 338ms
2020-3-4 20:13:49 :POST /user/ - 115ms
2020-3-4 20:13:49 :OPTIONS /user/ - 0ms
2020-3-4 20:13:49 :OPTIONS /user/ - 0ms
2020-3-4 20:13:49 :POST /user/ - 16ms
2020-3-4 20:13:49 :POST /user/ - 74ms
2020-3-4 20:13:49 :POST /user/ - 33ms
2020-3-4 20:13:49 :POST /user/ - 69ms
2020-3-4 20:13:49 :OPTIONS /user/ - 1ms
2020-3-4 20:13:49 :OPTIONS /user/ - 1ms
2020-3-4 20:13:49 :POST /user/ - 26ms
2020-3-4 20:13:49 :POST /user/ - 25ms
2020-3-4 20:13:49 :POST /user/ - 24ms
2020-3-4 20:13:49 :POST /user/ - 23ms
2020-3-4 20:13:49 :POST /user/ - 17ms
2020-3-4 20:18:47 :OPTIONS /user/ - 4ms
2020-3-4 18:43:22 :OPTIONS /user/ - 4ms
2020-3-4 20:18:47 :OPTIONS /user/ - 4ms
2020-3-4 20:18:47 :POST /user/ - 566ms
2020-3-4 18:0:46 :OPTIONS /user/ - 7ms
2020-3-4 18:43:22 :POST /user/ - 707ms
2020-3-4 18:0:46 :POST /user/ - 523ms
2020-3-4 20:18:47 :OPTIONS /user/ - 0ms
2020-3-4 20:18:47 :POST /user/ - 97ms
2020-3-4 20:18:47 :POST /user/ - 816ms
2020-3-4 20:18:47 :OPTIONS /user/ - 0ms
2020-3-4 20:18:47 :OPTIONS /user/ - 0ms
2020-3-4 18:0:46 :POST /user/ - 66ms
2020-3-4 20:18:47 :POST /user/ - 85ms
2020-3-4 20:18:47 :POST /user/ - 75ms
2020-3-4 20:18:47 :POST /user/ - 34ms
2020-3-4 20:18:47 :POST /user/ - 46ms
2020-3-4 20:19:46 :OPTIONS /user/ - 4ms
2020-3-4 20:19:46 :OPTIONS /user/ - 0ms
2020-3-4 20:19:46 :OPTIONS /user/ - 1ms
2020-3-4 20:19:45 :OPTIONS /user/ - 3ms
2020-3-4 20:19:46 :POST /user/ - 238ms
2020-3-4 20:19:46 :POST /user/ - 26ms
2020-3-4 20:19:45 :POST /user/ - 252ms
2020-3-4 20:19:45 :POST /user/ - 32ms
2020-3-4 20:19:45 :POST /user/ - 30ms
2020-3-4 20:19:45 :OPTIONS /user/ - 0ms
2020-3-4 20:19:45 :POST /user/ - 12ms
2020-3-4 20:19:46 :POST /user/ - 46ms
2020-3-4 20:19:45 :POST /user/ - 51ms
2020-3-4 20:19:45 :POST /user/ - 55ms
2020-3-4 20:19:45 :POST /user/ - 55ms
2020-3-4 20:19:45 :OPTIONS /user/ - 0ms
2020-3-4 20:19:45 :OPTIONS /user/ - 0ms
2020-3-4 20:19:45 :OPTIONS /user/ - 0ms
2020-3-4 20:19:46 :POST /user/ - 8ms
2020-3-4 20:19:45 :POST /user/ - 53ms
2020-3-4 20:19:45 :POST /user/ - 54ms
2020-3-4 20:19:45 :POST /user/ - 51ms
2020-3-4 20:19:45 :POST /user/ - 15ms
2020-3-4 20:19:45 :OPTIONS /user/ - 0ms
2020-3-4 20:21:38 :OPTIONS /user/ - 3ms
2020-3-4 20:21:38 :POST /user/ - 233ms
2020-3-4 20:21:38 :POST /user/ - 49ms
2020-3-4 20:21:52 :OPTIONS /user/ - 4ms
2020-3-4 20:21:52 :OPTIONS /user/ - 0ms
2020-3-4 20:21:52 :OPTIONS /user/ - 4ms
2020-3-4 20:19:45 :OPTIONS /user/ - 4ms
2020-3-4 20:21:52 :POST /user/ - 492ms
2020-3-4 20:21:52 :OPTIONS /user/ - 0ms
2020-3-4 20:21:52 :POST /user/ - 74ms
2020-3-4 20:19:45 :POST /user/ - 436ms
2020-3-4 20:21:52 :POST /user/ - 535ms
2020-3-4 20:21:52 :POST /user/ - 94ms
2020-3-4 20:21:52 :POST /user/ - 36ms
2020-3-4 20:21:52 :POST /user/ - 53ms
2020-3-4 20:22:4 :OPTIONS /user/ - 4ms
2020-3-4 20:24:18 :OPTIONS /user/ - 4ms
2020-3-4 20:24:18 :POST /user/ - 520ms
2020-3-4 20:24:18 :POST /user/ - 11ms
2020-3-4 20:24:18 :POST /user/ - 19ms
2020-3-4 20:24:18 :POST /user/ - 19ms
2020-3-4 20:24:18 :POST /user/ - 19ms
2020-3-4 20:24:18 :POST /user/ - 13ms
2020-3-4 20:24:18 :OPTIONS /user/ - 1ms
2020-3-4 20:24:37 :OPTIONS /user/ - 5ms
2020-3-4 20:24:37 :POST /user/ - 223ms
2020-3-4 20:24:37 :POST /user/ - 15ms
2020-3-4 20:24:37 :OPTIONS /user/ - 0ms
2020-3-4 20:24:37 :POST /user/ - 18ms
2020-3-4 20:24:37 :POST /user/ - 55ms
2020-3-4 20:24:37 :POST /user/ - 58ms
2020-3-4 20:24:37 :POST /user/ - 18ms
2020-3-4 20:24:37 :POST /user/ - 18ms
2020-3-4 20:24:37 :OPTIONS /user/ - 0ms
2020-3-4 20:24:37 :OPTIONS /user/ - 0ms
2020-3-4 20:24:37 :POST /user/ - 17ms
2020-3-4 20:24:37 :POST /user/ - 12ms
2020-3-4 20:24:37 :OPTIONS /user/ - 3ms
2020-3-4 20:24:37 :POST /user/ - 402ms
2020-3-4 20:22:4 :OPTIONS /user/ - 4ms
2020-3-4 20:22:4 :POST /user/ - 475ms
2020-3-4 20:22:4 :POST /user/ - 88ms
2020-3-4 20:22:4 :POST /user/ - 21ms
2020-3-4 20:22:4 :POST /user/ - 45ms
2020-3-4 20:22:4 :GET /getImg?imagePath=1583322624128 - 404
2020-3-4 20:22:4 :OPTIONS /user/ - 1ms
2020-3-4 20:22:4 :POST /user/ - 18ms
2020-3-4 20:22:4 :OPTIONS /user/ - 0ms
2020-3-4 20:22:4 :POST /user/ - 29ms
2020-3-4 20:22:4 :POST /user/ - 12ms
2020-3-4 20:22:4 :OPTIONS /user/ - 0ms
2020-3-4 20:27:12 :GET /user/ - 3ms
2020-3-4 20:27:12 :GET /favicon.ico - 0ms
2020-3-4 20:27:12 :OPTIONS /user/ - 1ms
2020-3-4 20:27:12 :POST /user/ - 390ms
2020-3-4 20:27:12 :POST /user/ - 15ms
2020-3-4 20:27:12 :POST /user/ - 20ms
2020-3-4 20:27:12 :POST /user/ - 18ms
2020-3-4 20:27:12 :POST /user/ - 12ms
2020-3-4 20:27:12 :POST /user/ - 6ms
2020-3-4 20:27:12 :OPTIONS /user/ - 0ms
2020-3-4 20:28:7 :OPTIONS /user/ - 4ms
2020-3-4 20:29:2 :OPTIONS /user/ - 4ms
2020-3-4 20:29:51 :OPTIONS /user/ - 4ms
2020-3-4 20:29:51 :POST /user/ - 384ms
2020-3-4 20:30:12 :OPTIONS /user/ - 4ms
2020-3-4 20:31:24 :OPTIONS /user/ - 5ms
2020-3-4 20:31:40 :OPTIONS /user/ - 5ms
2020-3-4 20:33:44 :OPTIONS /user/ - 5ms
2020-3-4 20:35:13 :OPTIONS /user/ - 4ms
2020-3-4 20:36:14 :OPTIONS /user/ - 5ms
2020-3-4 20:36:14 :POST /user/ - 226ms
2020-3-4 20:36:14 :POST /user/ - 10ms
2020-3-4 20:36:14 :GET /getImg?imagePath=1583322624128 - 404
2020-3-4 20:36:14 :OPTIONS /user/ - 0ms
2020-3-4 20:36:14 :POST /user/ - 11ms
2020-3-4 20:36:14 :GET /getImg?imagePath=1583322624128 - 404
2020-3-4 20:36:14 :OPTIONS /user/ - 0ms
2020-3-4 20:36:14 :OPTIONS /user/ - 0ms
2020-3-4 20:36:14 :POST /user/ - 14ms
2020-3-4 20:36:14 :POST /user/ - 14ms
2020-3-4 20:36:14 :POST /user/ - 210ms
2020-3-4 20:36:14 :GET /getImg?imagePath=1583254808798 - 404
2020-3-4 20:36:14 :POST /user/ - 18ms
2020-3-4 20:36:14 :POST /user/ - 18ms
2020-3-4 20:36:14 :POST /user/ - 250ms
2020-3-4 20:36:14 :POST /user/ - 53ms
2020-3-4 20:36:14 :POST /user/ - 50ms
2020-3-4 20:36:14 :POST /user/ - 234ms
2020-3-4 20:36:14 :OPTIONS /user/ - 0ms
2020-3-4 20:36:14 :OPTIONS /user/ - 0ms
2020-3-4 20:36:14 :OPTIONS /user/ - 6ms
2020-3-4 20:36:14 :OPTIONS /user/ - 1ms
2020-3-4 20:36:14 :POST /user/ - 408ms
2020-3-4 20:36:14 :POST /user/ - 55ms
2020-3-4 20:36:14 :OPTIONS /user/ - 0ms
2020-3-4 20:36:14 :POST /user/ - 9ms
2020-3-4 20:38:30 :OPTIONS /user/ - 5ms
2020-3-4 20:38:30 :POST /user/ - 596ms
2020-3-4 20:36:14 :POST /user/ - 612ms
2020-3-4 20:36:14 :GET /getImg?imagePath=1583254808798 - 404
2020-3-4 20:36:14 :POST /user/ - 11ms
2020-3-4 20:36:14 :POST /user/ - 8ms
2020-3-4 20:38:30 :POST /user/ - 10ms
2020-3-4 20:36:14 :POST /user/ - 47ms
2020-3-4 20:36:14 :POST /user/ - 14ms
2020-3-4 20:39:29 :OPTIONS /user/ - 4ms
2020-3-4 20:39:29 :OPTIONS /user/ - 0ms
2020-3-4 20:39:29 :POST /user/ - 299ms
2020-3-4 20:39:29 :POST /user/ - 26ms
2020-3-4 20:39:29 :POST /user/ - 276ms
2020-3-4 20:39:29 :GET /getImg?imagePath=1583254808798 - 404
2020-3-4 20:39:29 :POST /user/ - 18ms
2020-3-4 20:39:29 :POST /user/ - 23ms
2020-3-4 20:39:29 :POST /user/ - 28ms
2020-3-4 20:39:29 :POST /user/ - 28ms
2020-3-4 20:39:29 :POST /user/ - 60ms
2020-3-4 20:40:22 :OPTIONS /user/ - 5ms
2020-3-4 20:40:22 :OPTIONS /user/ - 0ms
2020-3-4 20:40:22 :POST /user/ - 246ms
2020-3-4 20:40:22 :POST /user/ - 24ms
2020-3-4 20:40:22 :POST /user/ - 291ms
2020-3-4 20:40:22 :OPTIONS /user/ - 0ms
2020-3-4 20:40:22 :OPTIONS /user/ - 0ms
2020-3-4 20:40:22 :POST /user/ - 14ms
2020-3-4 20:40:22 :POST /user/ - 13ms
2020-3-4 20:40:22 :POST /user/ - 336ms
2020-3-4 20:40:22 :OPTIONS /user/ - 0ms
2020-3-4 20:40:22 :OPTIONS /user/ - 1ms
2020-3-4 20:40:22 :POST /user/ - 19ms
2020-3-4 20:40:22 :POST /user/ - 60ms
2020-3-4 20:40:22 :POST /user/ - 281ms
2020-3-4 20:40:22 :GET /getImg?imagePath=1583254808798 - 404
2020-3-4 20:40:22 :OPTIONS /user/ - 0ms
2020-3-4 20:40:22 :POST /user/ - 8ms
2020-3-4 20:40:22 :OPTIONS /user/ - 5ms
2020-3-4 20:40:22 :POST /user/ - 335ms
2020-3-4 20:40:22 :POST /user/ - 285ms
2020-3-4 20:40:22 :OPTIONS /user/ - 0ms
2020-3-4 20:40:22 :OPTIONS /user/ - 0ms
2020-3-4 20:40:22 :POST /user/ - 13ms
2020-3-4 20:40:22 :POST /user/ - 16ms
2020-3-4 20:40:22 :POST /user/ - 9ms
2020-3-4 20:40:22 :POST /user/ - 33ms
2020-3-4 20:40:22 :POST /user/ - 42ms
2020-3-4 20:40:22 :POST /user/ - 296ms
2020-3-4 20:40:22 :OPTIONS /user/ - 0ms
2020-3-4 20:40:22 :OPTIONS /user/ - 0ms
2020-3-4 20:40:22 :POST /user/ - 21ms
2020-3-4 20:40:22 :POST /user/ - 19ms
2020-3-4 20:40:22 :POST /user/ - 322ms
2020-3-4 20:40:22 :POST /user/ - 7ms
2020-3-4 20:40:22 :POST /user/ - 46ms
2020-3-4 20:40:22 :POST /user/ - 6ms
2020-3-4 20:40:22 :GET /getImg?imagePath=1583254808798 - 404
2020-3-4 20:40:22 :OPTIONS /user/ - 0ms
2020-3-4 20:40:22 :POST /user/ - 56ms
2020-3-4 20:40:22 :POST /user/ - 54ms
2020-3-4 20:40:22 :POST /user/ - 66ms
2020-3-4 20:40:22 :POST /user/ - 67ms
2020-3-4 20:40:22 :POST /user/ - 63ms
2020-3-4 20:54:15 :OPTIONS /user/ - 4ms
2020-3-4 20:54:15 :OPTIONS /user/ - 1ms
2020-3-4 20:54:15 :POST /user/ - 204ms
2020-3-4 20:54:15 :POST /user/ - 19ms
2020-3-4 20:54:15 :POST /user/ - 267ms
2020-3-4 20:54:15 :GET /getImg?imagePath=1583254808798 - 404
2020-3-4 20:54:15 :POST /user/ - 11ms
2020-3-4 20:54:15 :POST /user/ - 11ms
2020-3-4 20:54:15 :POST /user/ - 242ms
2020-3-4 20:54:15 :OPTIONS /user/ - 0ms
2020-3-4 20:54:15 :POST /user/ - 7ms
2020-3-4 20:54:15 :OPTIONS /user/ - 0ms
2020-3-4 20:54:15 :POST /user/ - 7ms
2020-3-4 20:54:15 :OPTIONS /user/ - 0ms
2020-3-4 20:54:15 :POST /user/ - 7ms
2020-3-4 20:54:15 :OPTIONS /user/ - 0ms
2020-3-4 20:54:15 :POST /user/ - 7ms
2020-3-4 20:54:15 :OPTIONS /user/ - 0ms
2020-3-4 20:54:15 :POST /user/ - 9ms
2020-3-4 20:54:15 :OPTIONS /user/ - 1ms
2020-3-4 20:54:15 :POST /user/ - 22ms
2020-3-4 20:54:15 :OPTIONS /user/ - 0ms
2020-3-4 20:54:15 :POST /user/ - 6ms
2020-3-4 20:54:15 :OPTIONS /user/ - 1ms
2020-3-4 20:54:15 :OPTIONS /user/ - 0ms
2020-3-4 20:54:15 :POST /user/ - 12ms
2020-3-4 20:54:15 :POST /user/ - 11ms
2020-3-4 20:54:15 :OPTIONS /user/ - 0ms
2020-3-4 20:54:15 :OPTIONS /user/ - 0ms
2020-3-4 20:54:15 :POST /user/ - 10ms
2020-3-4 20:54:15 :POST /user/ - 9ms
2020-3-4 20:54:15 :OPTIONS /user/ - 0ms
2020-3-4 20:54:15 :OPTIONS /user/ - 0ms
2020-3-4 20:54:15 :POST /user/ - 9ms
2020-3-4 20:54:15 :POST /user/ - 9ms
2020-3-4 20:54:15 :OPTIONS /user/ - 0ms
2020-3-4 20:54:15 :POST /user/ - 11ms
2020-3-4 20:54:15 :POST /user/ - 11ms
2020-3-4 20:54:15 :OPTIONS /user/ - 0ms
2020-3-4 20:54:15 :POST /user/ - 7ms
2020-3-4 20:54:15 :POST /user/ - 8ms
2020-3-4 20:54:15 :OPTIONS /user/ - 1ms
2020-3-4 20:54:15 :OPTIONS /user/ - 0ms
2020-3-4 20:54:15 :POST /user/ - 11ms
2020-3-4 20:54:15 :POST /user/ - 12ms
2020-3-4 20:54:15 :GET /file/getImg?imagePath=1583254808798 - 0ms
2020-3-4 20:40:22 :GET /file/getImg?imagePath=1583318660032 - 0ms
2020-3-4 20:40:22 :GET /file/getImg?imagePath=1583254808798 - 0ms
2020-3-4 20:40:22 :GET /file/getImg?imagePath=1583318660032 - 0ms
2020-3-4 20:40:22 :GET /file/getImg?imagePath=1583254808798 - 0ms
2020-3-4 20:40:22 :GET /file/getImg?imagePath=1583318660032 - 0ms
2020-3-4 20:40:22 :GET /file/getImg?imagePath=1583254808798 - 0ms
2020-3-4 20:40:22 :GET /file/getImg?imagePath=1583318660032 - 0ms
2020-3-4 20:40:22 :OPTIONS /user/ - 0ms
2020-3-4 20:40:22 :OPTIONS /user/ - 0ms
2020-3-4 20:40:22 :POST /user/ - 35ms
2020-3-4 20:40:22 :POST /user/ - 35ms
2020-3-4 20:40:22 :GET /getImg?imagePath=1583254808798 - 404
2020-3-4 20:40:22 :GET /getImg?imagePath=1583318660032 - 404
2020-3-4 20:40:22 :OPTIONS /user/ - 0ms
2020-3-4 20:40:22 :OPTIONS /user/ - 0ms
2020-3-4 20:40:22 :POST /user/ - 11ms
2020-3-4 20:40:22 :POST /user/ - 13ms
2020-3-4 20:40:22 :OPTIONS /user/ - 1ms
2020-3-4 20:40:22 :OPTIONS /user/ - 0ms
2020-3-4 20:40:22 :POST /user/ - 50ms
2020-3-4 20:40:22 :POST /user/ - 56ms
2020-3-4 20:40:22 :POST /user/ - 33ms
2020-3-4 20:40:22 :POST /user/ - 10ms
2020-3-4 20:40:22 :POST /user/ - 10ms
2020-3-4 20:40:22 :OPTIONS /user/ - 0ms
2020-3-4 21:9:34 :OPTIONS /user/ - 5ms
2020-3-4 21:9:34 :OPTIONS /user/ - 0ms
2020-3-4 21:9:34 :POST /user/ - 261ms
2020-3-4 21:9:34 :POST /user/ - 27ms
2020-3-4 21:9:34 :OPTIONS /user/ - 0ms
2020-3-4 21:9:34 :OPTIONS /user/ - 0ms
2020-3-4 21:9:34 :POST /user/ - 59ms
2020-3-4 21:9:34 :POST /user/ - 13ms
2020-3-4 21:9:34 :OPTIONS /user/ - 0ms
2020-3-4 21:10:16 :OPTIONS /user/ - 5ms
2020-3-4 21:10:16 :OPTIONS /user/ - 0ms
2020-3-4 21:10:16 :POST /user/ - 311ms
2020-3-4 21:10:16 :POST /user/ - 23ms
2020-3-4 21:12:38 :OPTIONS /user/ - 4ms
2020-3-4 21:12:38 :OPTIONS /user/ - 4ms
2020-3-4 21:12:38 :POST /user/ - 339ms
2020-3-4 21:12:38 :POST /user/ - 348ms
2020-3-4 21:12:38 :POST /user/ - 9ms
2020-3-4 21:12:38 :POST /user/ - 10ms
2020-3-4 21:12:38 :OPTIONS /user/ - 0ms
2020-3-4 21:13:25 :OPTIONS /user/ - 5ms
2020-3-4 21:13:25 :OPTIONS /user/ - 1ms
2020-3-4 21:13:25 :POST /user/ - 251ms
2020-3-4 21:13:25 :POST /user/ - 29ms
2020-3-4 21:13:52 :OPTIONS /user/ - 6ms
2020-3-4 21:14:5 :OPTIONS /user/ - 5ms
2020-3-4 21:14:5 :OPTIONS /user/ - 1ms
2020-3-4 21:14:5 :POST /user/ - 326ms
2020-3-4 21:14:5 :POST /user/ - 26ms
2020-3-4 21:14:28 :OPTIONS /user/ - 5ms